#
# There is insufficient memory for the Java Runtime Environment to continue.
# Native memory allocation (malloc) failed to allocate 1229456 bytes. Error detail: Chunk::new
# Possible reasons:
#   The system is out of physical RAM or swap space
#   This process is running with CompressedOops enabled, and the Java Heap may be blocking the growth of the native heap
# Possible solutions:
#   Reduce memory load on the system
#   Increase physical memory or swap space
#   Check if swap backing store is full
#   Decrease Java heap size (-Xmx/-Xms)
#   Decrease number of Java threads
#   Decrease Java thread stack sizes (-Xss)
#   Set larger code cache with -XX:ReservedCodeCacheSize=
#   JVM is running with Unscaled Compressed Oops mode in which the Java heap is
#     placed in the first 4GB address space. The Java Heap base address is the
#     maximum limit for the native heap growth. Please use -XX:HeapBaseMinAddress
#     to set the Java Heap base and to place the Java Heap above 4GB virtual address.
# This output file may be truncated or incomplete.
#
#  Out of Memory Error (arena.cpp:168), pid=21608, tid=21928
#
# JRE version: OpenJDK Runtime Environment Temurin-21.0.10+7 (21.0.10+7) (build 21.0.10+7-LTS)
# Java VM: OpenJDK 64-Bit Server VM Temurin-21.0.10+7 (21.0.10+7-LTS, mixed mode, sharing, tiered, compressed oops, compressed class ptrs, parallel gc, windows-amd64)
# No core dump will be written. Minidumps are not enabled by default on client versions of Windows
#

---------------  S U M M A R Y ------------

Command Line: --add-modules=ALL-SYSTEM --add-opens=java.base/java.util=ALL-UNNAMED --add-opens=java.base/java.lang=ALL-UNNAMED --add-opens=java.base/sun.nio.fs=ALL-UNNAMED -Declipse.application=org.eclipse.jdt.ls.core.id1 -Dosgi.bundles.defaultStartLevel=4 -Declipse.product=org.eclipse.jdt.ls.core.product -Djava.import.generatesMetadataFilesAtProjectRoot=false -DDetectVMInstallationsJob.disabled=true -Dfile.encoding=utf8 -XX:+UseParallelGC -XX:GCTimeRatio=4 -XX:AdaptiveSizePolicyWeight=90 -Dsun.zip.disableMemoryMapping=true -Xmx2G -Xms100m -Xlog:disable -javaagent:c:\Users\Edilson\.vscode\extensions\redhat.java-1.54.0-win32-x64\lombok\lombok-1.18.39-4050.jar -XX:+HeapDumpOnOutOfMemoryError -XX:HeapDumpPath=c:\Users\Edilson\AppData\Roaming\Code\User\workspaceStorage\dab9e1ddd80aa768b0c7098ba6730558\redhat.java -Daether.dependencyCollector.impl=bf c:\Users\Edilson\.vscode\extensions\redhat.java-1.54.0-win32-x64\server\plugins\org.eclipse.equinox.launcher_1.7.100.v20251111-0406.jar -configuration c:\Users\Edilson\AppData\Roaming\Code\User\globalStorage\redhat.java\1.54.0\config_win -data c:\Users\Edilson\AppData\Roaming\Code\User\workspaceStorage\dab9e1ddd80aa768b0c7098ba6730558\redhat.java\jdt_ws --pipe=\\.\pipe\lsp-70e004ff0b91c7351ba3774af1fd2050-sock

Host: AMD Ryzen 7 5800H with Radeon Graphics         , 16 cores, 5G,  Windows 11 , 64 bit Build 26100 (10.0.26100.8521)
Time: Sun Jun 21 21:33:37 2026 Hora oficial do Brasil elapsed time: 177504.586910 seconds (2d 1h 18m 24s)

---------------  T H R E A D  ---------------

Current thread (0x0000027a7e77a530):  JavaThread "C2 CompilerThread0" daemon [_thread_in_native, id=21928, stack(0x000000d9ecc00000,0x000000d9ecd00000) (1024K)]


Current CompileTask:
C2:177504586 23937       4       org.eclipse.jdt.core.dom.ASTConverter::convertType (2901 bytes)

Stack: [0x000000d9ecc00000,0x000000d9ecd00000]
Native frames: (J=compiled Java code, j=interpreted, Vv=VM code, C=native code)
V  [jvm.dll+0x6d7a39]
V  [jvm.dll+0x8b4b26]
V  [jvm.dll+0x8b70de]
V  [jvm.dll+0x8b77c3]
V  [jvm.dll+0x284346]
V  [jvm.dll+0xc66ed]
V  [jvm.dll+0xc6c31]
V  [jvm.dll+0x3bec01]
V  [jvm.dll+0x38b162]
V  [jvm.dll+0x38a5aa]
V  [jvm.dll+0x24c560]
V  [jvm.dll+0x24bb40]
V  [jvm.dll+0x1cb34e]
V  [jvm.dll+0x25b85d]
V  [jvm.dll+0x259dea]
V  [jvm.dll+0x3f857e]
V  [jvm.dll+0x85f59d]
V  [jvm.dll+0x6d626d]
C  [ucrtbase.dll+0x2cd30]
C  [KERNEL32.DLL+0x2e957]
C  [ntdll.dll+0x87c1c]


---------------  P R O C E S S  ---------------

Threads class SMR info:
_java_thread_list=0x0000027a6bfb1ab0, length=68, elements={
0x0000027a7e6d3e40, 0x0000027a1633e8c0, 0x0000027a7e771540, 0x0000027a7e7721a0,
0x0000027a7e773e10, 0x0000027a7e776c80, 0x0000027a7e7796f0, 0x0000027a7e77a530,
0x0000027a7e78e390, 0x0000027a58aa3770, 0x0000027a58c29930, 0x0000027a5f05dc20,
0x0000027a5a97f4d0, 0x0000027a5a5199b0, 0x0000027a7e6dbaf0, 0x0000027a5f3456e0,
0x0000027a5f24dcc0, 0x0000027a5f573530, 0x0000027a5f576320, 0x0000027a5f574250,
0x0000027a5f575c90, 0x0000027a589570a0, 0x0000027a58956a10, 0x0000027a58958ae0,
0x0000027a58957dc0, 0x0000027a58959e90, 0x0000027a5895bf60, 0x0000027a58959800,
0x0000027a5895a520, 0x0000027a5895abb0, 0x0000027a5895b240, 0x0000027a58959170,
0x0000027a5895cc80, 0x0000027a5895d310, 0x0000027a5895e030, 0x0000027a5895c5f0,
0x0000027a5895d9a0, 0x0000027a5895b8d0, 0x0000027a60af3430, 0x0000027a60af2080,
0x0000027a60af2da0, 0x0000027a6079b000, 0x0000027a6079c3b0, 0x0000027a6079ca40,
0x0000027a62c9f810, 0x0000027a60af4150, 0x0000027a60af96a0, 0x0000027a60af6220,
0x0000027a60af68b0, 0x0000027a60af47e0, 0x0000027a60af2710, 0x0000027a60af6f40,
0x0000027a60af4e70, 0x0000027a60af8980, 0x0000027a60af9010, 0x0000027a62c98880,
0x0000027a62c9a950, 0x0000027a62c981f0, 0x0000027a62c9a2c0, 0x0000027a62c9bd00,
0x0000027a62c9c390, 0x0000027a62c98f10, 0x0000027a62c9ca20, 0x0000027a62c99c30,
0x0000027a6c013240, 0x0000027a6c012b70, 0x0000027a6c0124a0, 0x0000027a6c018400
}

Java Threads: ( => current thread )
  0x0000027a7e6d3e40 JavaThread "main"                              [_thread_blocked, id=1688, stack(0x000000d9ec200000,0x000000d9ec300000) (1024K)]
  0x0000027a1633e8c0 JavaThread "Reference Handler"          daemon [_thread_blocked, id=21644, stack(0x000000d9ec600000,0x000000d9ec700000) (1024K)]
  0x0000027a7e771540 JavaThread "Finalizer"                  daemon [_thread_blocked, id=22440, stack(0x000000d9ec700000,0x000000d9ec800000) (1024K)]
  0x0000027a7e7721a0 JavaThread "Signal Dispatcher"          daemon [_thread_blocked, id=21428, stack(0x000000d9ec800000,0x000000d9ec900000) (1024K)]
  0x0000027a7e773e10 JavaThread "Attach Listener"            daemon [_thread_blocked, id=21452, stack(0x000000d9ec900000,0x000000d9eca00000) (1024K)]
  0x0000027a7e776c80 JavaThread "Service Thread"             daemon [_thread_blocked, id=22316, stack(0x000000d9eca00000,0x000000d9ecb00000) (1024K)]
  0x0000027a7e7796f0 JavaThread "Monitor Deflation Thread"   daemon [_thread_blocked, id=20852, stack(0x000000d9ecb00000,0x000000d9ecc00000) (1024K)]
=>0x0000027a7e77a530 JavaThread "C2 CompilerThread0"         daemon [_thread_in_native, id=21928, stack(0x000000d9ecc00000,0x000000d9ecd00000) (1024K)]
  0x0000027a7e78e390 JavaThread "C1 CompilerThread0"         daemon [_thread_blocked, id=21500, stack(0x000000d9ecd00000,0x000000d9ece00000) (1024K)]
  0x0000027a58aa3770 JavaThread "Common-Cleaner"             daemon [_thread_blocked, id=1732, stack(0x000000d9ece00000,0x000000d9ecf00000) (1024K)]
  0x0000027a58c29930 JavaThread "Notification Thread"        daemon [_thread_blocked, id=19464, stack(0x000000d9ecf00000,0x000000d9ed000000) (1024K)]
  0x0000027a5f05dc20 JavaThread "Active Thread: Equinox Container: 38ad41df-6568-4676-bc7c-c5fd8b3c1e64"        [_thread_blocked, id=3608, stack(0x000000d9ed000000,0x000000d9ed100000) (1024K)]
  0x0000027a5a97f4d0 JavaThread "Refresh Thread: Equinox Container: 38ad41df-6568-4676-bc7c-c5fd8b3c1e64" daemon [_thread_blocked, id=11960, stack(0x000000d9ed100000,0x000000d9ed200000) (1024K)]
  0x0000027a5a5199b0 JavaThread "Framework Event Dispatcher: Equinox Container: 38ad41df-6568-4676-bc7c-c5fd8b3c1e64" daemon [_thread_blocked, id=7148, stack(0x000000d9ed200000,0x000000d9ed300000) (1024K)]
  0x0000027a7e6dbaf0 JavaThread "Start Level: Equinox Container: 38ad41df-6568-4676-bc7c-c5fd8b3c1e64" daemon [_thread_blocked, id=15160, stack(0x000000d9ed300000,0x000000d9ed400000) (1024K)]
  0x0000027a5f3456e0 JavaThread "Bundle File Closer"         daemon [_thread_blocked, id=14204, stack(0x000000d9edf00000,0x000000d9ee000000) (1024K)]
  0x0000027a5f24dcc0 JavaThread "SCR Component Actor"        daemon [_thread_blocked, id=10348, stack(0x000000d9ee000000,0x000000d9ee100000) (1024K)]
  0x0000027a5f573530 JavaThread "Worker-JM"                         [_thread_blocked, id=15464, stack(0x000000d9ee100000,0x000000d9ee200000) (1024K)]
  0x0000027a5f576320 JavaThread "JNA Cleaner"                daemon [_thread_blocked, id=13820, stack(0x000000d9ee400000,0x000000d9ee500000) (1024K)]
  0x0000027a5f574250 JavaThread "Worker-1"                          [_thread_blocked, id=15028, stack(0x000000d9ee600000,0x000000d9ee700000) (1024K)]
  0x0000027a5f575c90 JavaThread "Java indexing"              daemon [_thread_blocked, id=23260, stack(0x000000d9ee800000,0x000000d9ee900000) (1024K)]
  0x0000027a589570a0 JavaThread "Thread-1"                   daemon [_thread_in_native, id=23404, stack(0x000000d9eef00000,0x000000d9ef000000) (1024K)]
  0x0000027a58956a10 JavaThread "Thread-2"                   daemon [_thread_in_native, id=23416, stack(0x000000d9ef000000,0x000000d9ef100000) (1024K)]
  0x0000027a58958ae0 JavaThread "Thread-3"                   daemon [_thread_in_native, id=23420, stack(0x000000d9ef100000,0x000000d9ef200000) (1024K)]
  0x0000027a58957dc0 JavaThread "Thread-4"                   daemon [_thread_in_native, id=23424, stack(0x000000d9ef200000,0x000000d9ef300000) (1024K)]
  0x0000027a58959e90 JavaThread "Thread-5"                   daemon [_thread_in_native, id=23428, stack(0x000000d9ef300000,0x000000d9ef400000) (1024K)]
  0x0000027a5895bf60 JavaThread "Thread-6"                   daemon [_thread_in_native, id=23432, stack(0x000000d9ef400000,0x000000d9ef500000) (1024K)]
  0x0000027a58959800 JavaThread "Thread-7"                   daemon [_thread_in_native, id=23436, stack(0x000000d9ef500000,0x000000d9ef600000) (1024K)]
  0x0000027a5895a520 JavaThread "Thread-8"                   daemon [_thread_in_native, id=23440, stack(0x000000d9ef600000,0x000000d9ef700000) (1024K)]
  0x0000027a5895abb0 JavaThread "Thread-9"                   daemon [_thread_in_native, id=23444, stack(0x000000d9ef700000,0x000000d9ef800000) (1024K)]
  0x0000027a5895b240 JavaThread "Thread-10"                  daemon [_thread_in_native, id=23448, stack(0x000000d9ef800000,0x000000d9ef900000) (1024K)]
  0x0000027a58959170 JavaThread "Thread-11"                  daemon [_thread_in_native, id=23452, stack(0x000000d9ef900000,0x000000d9efa00000) (1024K)]
  0x0000027a5895cc80 JavaThread "Thread-12"                  daemon [_thread_in_native, id=23456, stack(0x000000d9efa00000,0x000000d9efb00000) (1024K)]
  0x0000027a5895d310 JavaThread "Thread-13"                  daemon [_thread_in_native, id=23460, stack(0x000000d9efb00000,0x000000d9efc00000) (1024K)]
  0x0000027a5895e030 JavaThread "Thread-14"                  daemon [_thread_in_native, id=23464, stack(0x000000d9efc00000,0x000000d9efd00000) (1024K)]
  0x0000027a5895c5f0 JavaThread "Thread-15"                  daemon [_thread_in_native, id=23468, stack(0x000000d9efd00000,0x000000d9efe00000) (1024K)]
  0x0000027a5895d9a0 JavaThread "Thread-16"                  daemon [_thread_in_native, id=23472, stack(0x000000d9efe00000,0x000000d9eff00000) (1024K)]
  0x0000027a5895b8d0 JavaThread "Thread-17"                  daemon [_thread_in_native, id=23476, stack(0x000000d9eff00000,0x000000d9f0000000) (1024K)]
  0x0000027a60af3430 JavaThread "pool-2-thread-1"                   [_thread_blocked, id=23512, stack(0x000000d9f0000000,0x000000d9f0100000) (1024K)]
  0x0000027a60af2080 JavaThread "WorkspaceEventsHandler"            [_thread_blocked, id=22916, stack(0x000000d9f0100000,0x000000d9f0200000) (1024K)]
  0x0000027a60af2da0 JavaThread "pool-1-thread-1"                   [_thread_blocked, id=22900, stack(0x000000d9f0200000,0x000000d9f0300000) (1024K)]
  0x0000027a6079b000 JavaThread "Java Debug Server"          daemon [_thread_in_native, id=10740, stack(0x000000d9f2900000,0x000000d9f2a00000) (1024K)]
  0x0000027a6079c3b0 JavaThread "RxSchedulerPurge-1"         daemon [_thread_blocked, id=24532, stack(0x000000d9f2b00000,0x000000d9f2c00000) (1024K)]
  0x0000027a6079ca40 JavaThread "RxCachedWorkerPoolEvictor-1" daemon [_thread_blocked, id=31004, stack(0x000000d9f2c00000,0x000000d9f2d00000) (1024K)]
  0x0000027a62c9f810 JavaThread "Cleaner-0"                  daemon [_thread_blocked, id=28404, stack(0x000000d9f0900000,0x000000d9f0a00000) (1024K)]
  0x0000027a60af4150 JavaThread "Worker-7"                          [_thread_blocked, id=21208, stack(0x000000d9f0700000,0x000000d9f0800000) (1024K)]
  0x0000027a60af96a0 JavaThread "pool-5-thread-4"                   [_thread_in_native, id=22192, stack(0x000000d9ee700000,0x000000d9ee800000) (1024K)]
  0x0000027a60af6220 JavaThread "RxNewThreadScheduler-9"     daemon [_thread_blocked, id=29644, stack(0x000000d9ee900000,0x000000d9eea00000) (1024K)]
  0x0000027a60af68b0 JavaThread "process reaper (pid 5124)"  daemon [_thread_in_native, id=32020, stack(0x000000d9eea00000,0x000000d9eea20000) (128K)]
  0x0000027a60af47e0 JavaThread "ForkJoinPool.commonPool-worker-90" daemon [_thread_blocked, id=10304, stack(0x000000d9ebf00000,0x000000d9ec000000) (1024K)]
  0x0000027a60af2710 JavaThread "ForkJoinPool.commonPool-worker-91" daemon [_thread_blocked, id=37428, stack(0x000000d9ec000000,0x000000d9ec100000) (1024K)]
  0x0000027a60af6f40 JavaThread "ForkJoinPool.commonPool-worker-92" daemon [_thread_blocked, id=27572, stack(0x000000d9ec100000,0x000000d9ec200000) (1024K)]
  0x0000027a60af4e70 JavaThread "ForkJoinPool.commonPool-worker-93" daemon [_thread_blocked, id=29652, stack(0x000000d9edb00000,0x000000d9edc00000) (1024K)]
  0x0000027a60af8980 JavaThread "ForkJoinPool.commonPool-worker-94" daemon [_thread_blocked, id=8528, stack(0x000000d9ee500000,0x000000d9ee600000) (1024K)]
  0x0000027a60af9010 JavaThread "ForkJoinPool.commonPool-worker-95" daemon [_thread_blocked, id=37512, stack(0x000000d9eea20000,0x000000d9eeb20000) (1024K)]
  0x0000027a62c98880 JavaThread "ForkJoinPool.commonPool-worker-96" daemon [_thread_blocked, id=2756, stack(0x000000d9eeb20000,0x000000d9eec20000) (1024K)]
  0x0000027a62c9a950 JavaThread "ForkJoinPool.commonPool-worker-97" daemon [_thread_blocked, id=4640, stack(0x000000d9eec20000,0x000000d9eed20000) (1024K)]
  0x0000027a62c981f0 JavaThread "ForkJoinPool.commonPool-worker-98" daemon [_thread_blocked, id=28796, stack(0x000000d9eed20000,0x000000d9eee20000) (1024K)]
  0x0000027a62c9a2c0 JavaThread "ForkJoinPool.commonPool-worker-99" daemon [_thread_blocked, id=30976, stack(0x000000d9f0300000,0x000000d9f0400000) (1024K)]
  0x0000027a62c9bd00 JavaThread "ForkJoinPool.commonPool-worker-100" daemon [_thread_blocked, id=34872, stack(0x000000d9f0400000,0x000000d9f0500000) (1024K)]
  0x0000027a62c9c390 JavaThread "ForkJoinPool.commonPool-worker-102" daemon [_thread_blocked, id=9388, stack(0x000000d9f0600000,0x000000d9f0700000) (1024K)]
  0x0000027a62c98f10 JavaThread "ForkJoinPool.commonPool-worker-101" daemon [_thread_blocked, id=37312, stack(0x000000d9f0800000,0x000000d9f0900000) (1024K)]
  0x0000027a62c9ca20 JavaThread "ForkJoinPool.commonPool-worker-103" daemon [_thread_blocked, id=36032, stack(0x000000d9f0a00000,0x000000d9f0b00000) (1024K)]
  0x0000027a62c99c30 JavaThread "ForkJoinPool.commonPool-worker-104" daemon [_thread_blocked, id=21880, stack(0x000000d9f0b00000,0x000000d9f0c00000) (1024K)]
  0x0000027a6c013240 JavaThread "C2 CompilerThread1"         daemon [_thread_in_native, id=33852, stack(0x000000d9f0500000,0x000000d9f0600000) (1024K)]
  0x0000027a6c012b70 JavaThread "C1 CompilerThread1"         daemon [_thread_blocked, id=36824, stack(0x000000d9f0c00000,0x000000d9f0d00000) (1024K)]
  0x0000027a6c0124a0 JavaThread "C1 CompilerThread2"         daemon [_thread_blocked, id=31176, stack(0x000000d9f0d00000,0x000000d9f0e00000) (1024K)]
  0x0000027a6c018400 JavaThread "C1 CompilerThread3"         daemon [_thread_blocked, id=32900, stack(0x000000d9f0e00000,0x000000d9f0f00000) (1024K)]
Total: 68

Other Threads:
  0x0000027a7e7709f0 VMThread "VM Thread"                           [id=6028, stack(0x000000d9ec500000,0x000000d9ec600000) (1024K)]
  0x0000027a1621ba00 WatcherThread "VM Periodic Task Thread"        [id=22380, stack(0x000000d9ec400000,0x000000d9ec500000) (1024K)]
  0x0000027a7e6f24b0 WorkerThread "GC Thread#0"                     [id=21556, stack(0x000000d9ec300000,0x000000d9ec400000) (1024K)]
  0x0000027a58b90650 WorkerThread "GC Thread#1"                     [id=19964, stack(0x000000d9ed400000,0x000000d9ed500000) (1024K)]
  0x0000027a58b91160 WorkerThread "GC Thread#2"                     [id=22112, stack(0x000000d9ed500000,0x000000d9ed600000) (1024K)]
  0x0000027a58b8fb40 WorkerThread "GC Thread#3"                     [id=21212, stack(0x000000d9ed600000,0x000000d9ed700000) (1024K)]
  0x0000027a58b8fef0 WorkerThread "GC Thread#4"                     [id=21592, stack(0x000000d9ed700000,0x000000d9ed800000) (1024K)]
  0x0000027a58b902a0 WorkerThread "GC Thread#5"                     [id=9748, stack(0x000000d9ed800000,0x000000d9ed900000) (1024K)]
  0x0000027a58b90db0 WorkerThread "GC Thread#6"                     [id=21996, stack(0x000000d9ed900000,0x000000d9eda00000) (1024K)]
  0x0000027a5f1107d0 WorkerThread "GC Thread#7"                     [id=21696, stack(0x000000d9eda00000,0x000000d9edb00000) (1024K)]
  0x0000027a5f10ee00 WorkerThread "GC Thread#8"                     [id=13512, stack(0x000000d9edc00000,0x000000d9edd00000) (1024K)]
  0x0000027a5f10f1b0 WorkerThread "GC Thread#9"                     [id=13968, stack(0x000000d9edd00000,0x000000d9ede00000) (1024K)]
  0x0000027a5f10f560 WorkerThread "GC Thread#10"                    [id=13972, stack(0x000000d9ede00000,0x000000d9edf00000) (1024K)]
  0x0000027a5f10fcc0 WorkerThread "GC Thread#11"                    [id=10620, stack(0x000000d9ee200000,0x000000d9ee300000) (1024K)]
  0x0000027a5f10ea50 WorkerThread "GC Thread#12"                    [id=19968, stack(0x000000d9ee300000,0x000000d9ee400000) (1024K)]
Total: 15

Threads with active compile tasks:
C2 CompilerThread0  177506637 23937       4       org.eclipse.jdt.core.dom.ASTConverter::convertType (2901 bytes)
C2 CompilerThread1  177506637 23972       4       org.eclipse.jdt.internal.compiler.lookup.InferenceContext18::resolve (1137 bytes)
Total: 2

VM state: not at safepoint (normal execution)

VM Mutex/Monitor currently owned by a thread: None

Heap address: 0x0000000080000000, size: 2048 MB, Compressed Oops mode: 32-bit

CDS archive(s) mapped at: [0x0000027a17000000-0x0000027a17ba0000-0x0000027a17ba0000), size 12189696, SharedBaseAddress: 0x0000027a17000000, ArchiveRelocationMode: 1.
Compressed class space mapped at: 0x0000027a18000000-0x0000027a58000000, reserved size: 1073741824
Narrow klass base: 0x0000027a17000000, Narrow klass shift: 0, Narrow klass range: 0x100000000

GC Precious Log:
 CardTable entry size: 512
 CPUs: 16 total, 16 available
 Memory: 5996M
 Large Page Support: Disabled
 NUMA Support: Disabled
 Compressed Oops: Enabled (32-bit)
 Alignments: Space 512K, Generation 512K, Heap 2M
 Heap Min Capacity: 100M
 Heap Initial Capacity: 100M
 Heap Max Capacity: 2G
 Pre-touch: Disabled
 Parallel Workers: 13

Heap:
 PSYoungGen      total 8704K, used 2381K [0x00000000d5580000, 0x00000000d5f80000, 0x0000000100000000)
  eden space 7168K, 17% used [0x00000000d5580000,0x00000000d56bb658,0x00000000d5c80000)
  from space 1536K, 72% used [0x00000000d5d00000,0x00000000d5e18000,0x00000000d5e80000)
  to   space 1024K, 0% used [0x00000000d5e80000,0x00000000d5e80000,0x00000000d5f80000)
 ParOldGen       total 645632K, used 505630K [0x0000000080000000, 0x00000000a7680000, 0x00000000d5580000)
  object space 645632K, 78% used [0x0000000080000000,0x000000009edc7bc8,0x00000000a7680000)
 Metaspace       used 98314K, committed 100032K, reserved 1179648K
  class space    used 10174K, committed 10944K, reserved 1048576K

Card table byte_map: [0x0000027a7e090000,0x0000027a7e4a0000] _byte_map_base: 0x0000027a7dc90000

Marking Bits: (ParMarkBitMap*) 0x00007ff926c73450
 Begin Bits: [0x0000027a12140000, 0x0000027a14140000)
 End Bits:   [0x0000027a14140000, 0x0000027a16140000)

Polling page: 0x0000027a7c590000

Metaspace:

Usage:
  Non-class:     86.07 MB used.
      Class:      9.94 MB used.
       Both:     96.01 MB used.

Virtual space:
  Non-class space:      128.00 MB reserved,      87.00 MB ( 68%) committed,  2 nodes.
      Class space:        1.00 GB reserved,      10.69 MB (  1%) committed,  1 nodes.
             Both:        1.12 GB reserved,      97.69 MB (  8%) committed. 

Chunk freelists:
   Non-Class:  8.92 MB
       Class:  5.18 MB
        Both:  14.10 MB

MaxMetaspaceSize: unlimited
CompressedClassSpaceSize: 1.00 GB
Initial GC threshold: 21.00 MB
Current GC threshold: 155.25 MB
CDS: on
 - commit_granule_bytes: 65536.
 - commit_granule_words: 8192.
 - virtual_space_node_default_size: 8388608.
 - enlarge_chunks_in_place: 1.
 - use_allocation_guard: 0.


Internal statistics:

num_allocs_failed_limit: 9.
num_arena_births: 1866.
num_arena_deaths: 378.
num_vsnodes_births: 3.
num_vsnodes_deaths: 0.
num_space_committed: 1563.
num_space_uncommitted: 0.
num_chunks_returned_to_freelist: 462.
num_chunks_taken_from_freelist: 6835.
num_chunk_merges: 118.
num_chunk_splits: 3956.
num_chunks_enlarged: 2166.
num_inconsistent_stats: 0.

CodeHeap 'non-profiled nmethods': size=119168Kb used=19516Kb max_used=19785Kb free=99651Kb
 bounds [0x0000027a0ace0000, 0x0000027a0c040000, 0x0000027a12140000]
CodeHeap 'profiled nmethods': size=119104Kb used=48807Kb max_used=53473Kb free=70296Kb
 bounds [0x0000027a03140000, 0x0000027a06580000, 0x0000027a0a590000]
CodeHeap 'non-nmethods': size=7488Kb used=3234Kb max_used=3253Kb free=4253Kb
 bounds [0x0000027a0a590000, 0x0000027a0a900000, 0x0000027a0ace0000]
CodeCache: size=245760Kb, used=71557Kb, max_used=76511Kb, free=174200Kb
 total_blobs=20642, nmethods=19771, adapters=772, full_count=0
Compilation: enabled, stopped_count=0, restarted_count=0

Compilation events (20 events):
Event: 177503.520 Thread 0x0000027a7e78e390 nmethod 23945 0x0000027a04727690 code [0x0000027a04727840, 0x0000027a04727a38]
Event: 177503.520 Thread 0x0000027a7e78e390 23946       3       org.eclipse.jdt.internal.corext.refactoring.util.ResourceUtil::getFiles (5 bytes)
Event: 177503.520 Thread 0x0000027a7e78e390 nmethod 23946 0x0000027a03c2aa90 code [0x0000027a03c2ac40, 0x0000027a03c2ad58]
Event: 177503.520 Thread 0x0000027a6c013240 nmethod 23939 0x0000027a0b4c4910 code [0x0000027a0b4c4a80, 0x0000027a0b4c4af0]
Event: 177503.520 Thread 0x0000027a6c012b70 nmethod 23943 0x0000027a04c88490 code [0x0000027a04c88660, 0x0000027a04c88948]
Event: 177503.520 Thread 0x0000027a7e78e390 23948       3       org.eclipse.jdt.internal.corext.refactoring.Checks::validateModifiesFiles (153 bytes)
Event: 177503.521 Thread 0x0000027a6c013240 23941       4       java.time.Instant::create (49 bytes)
Event: 177503.521 Thread 0x0000027a6c018400 nmethod 23967 0x0000027a04cbdf10 code [0x0000027a04cbe160, 0x0000027a04cbe970]
Event: 177503.522 Thread 0x0000027a6c013240 nmethod 23941 0x0000027a0b4c4510 code [0x0000027a0b4c46a0, 0x0000027a0b4c4820]
Event: 177503.522 Thread 0x0000027a6c013240 23969       4       org.eclipse.jdt.internal.compiler.parser.Parser::consumeEnterCompilationUnit (1 bytes)
Event: 177503.522 Thread 0x0000027a6c013240 nmethod 23969 0x0000027a0b4c4210 code [0x0000027a0b4c43a0, 0x0000027a0b4c4428]
Event: 177503.522 Thread 0x0000027a6c013240 23970   !   4       org.eclipse.jdt.internal.core.NameLookup::seekTypes (281 bytes)
Event: 177503.523 Thread 0x0000027a6c0124a0 nmethod 23944 0x0000027a04acc890 code [0x0000027a04accac0, 0x0000027a04acd448]
Event: 177503.525 Thread 0x0000027a7e78e390 nmethod 23948 0x0000027a038e5490 code [0x0000027a038e57e0, 0x0000027a038e69b0]
Event: 177503.530 Thread 0x0000027a6c0124a0 23973       3       org.eclipse.jdt.internal.compiler.codegen.ConstantPool::literalIndexForMethod (239 bytes)
Event: 177503.531 Thread 0x0000027a6c0124a0 nmethod 23973 0x0000027a049aef10 code [0x0000027a049af1a0, 0x0000027a049afe70]
Event: 177503.536 Thread 0x0000027a6c0124a0 23974       3       org.eclipse.jdt.core.manipulation.JavaManipulation::getPreferenceNodeId (4 bytes)
Event: 177503.537 Thread 0x0000027a6c0124a0 nmethod 23974 0x0000027a0377f690 code [0x0000027a0377f820, 0x0000027a0377f918]
Event: 177503.547 Thread 0x0000027a6c013240 nmethod 23970 0x0000027a0aedf090 code [0x0000027a0aedf3a0, 0x0000027a0aee0730]
Event: 177503.547 Thread 0x0000027a6c013240 23972       4       org.eclipse.jdt.internal.compiler.lookup.InferenceContext18::resolve (1137 bytes)

GC Heap History (20 events):
Event: 177490.753 GC heap before
{Heap before GC invocations=1389 (full 5):
 PSYoungGen      total 7168K, used 6107K [0x00000000d5580000, 0x00000000d5e00000, 0x0000000100000000)
  eden space 5632K, 98% used [0x00000000d5580000,0x00000000d5ae6c30,0x00000000d5b00000)
  from space 1536K, 37% used [0x00000000d5b80000,0x00000000d5c10000,0x00000000d5d00000)
  to   space 1024K, 0% used [0x00000000d5d00000,0x00000000d5d00000,0x00000000d5e00000)
 ParOldGen       total 645632K, used 500633K [0x0000000080000000, 0x00000000a7680000, 0x00000000d5580000)
  object space 645632K, 77% used [0x0000000080000000,0x000000009e8e65b8,0x00000000a7680000)
 Metaspace       used 98292K, committed 99968K, reserved 1179648K
  class space    used 10174K, committed 10944K, reserved 1048576K
}
Event: 177490.755 GC heap after
{Heap after GC invocations=1389 (full 5):
 PSYoungGen      total 7680K, used 416K [0x00000000d5580000, 0x00000000d5d80000, 0x0000000100000000)
  eden space 7168K, 0% used [0x00000000d5580000,0x00000000d5580000,0x00000000d5c80000)
  from space 512K, 81% used [0x00000000d5d00000,0x00000000d5d68000,0x00000000d5d80000)
  to   space 512K, 0% used [0x00000000d5c80000,0x00000000d5c80000,0x00000000d5d00000)
 ParOldGen       total 645632K, used 501017K [0x0000000080000000, 0x00000000a7680000, 0x00000000d5580000)
  object space 645632K, 77% used [0x0000000080000000,0x000000009e9465b8,0x00000000a7680000)
 Metaspace       used 98292K, committed 99968K, reserved 1179648K
  class space    used 10174K, committed 10944K, reserved 1048576K
}
Event: 177491.802 GC heap before
{Heap before GC invocations=1390 (full 5):
 PSYoungGen      total 7680K, used 7556K [0x00000000d5580000, 0x00000000d5d80000, 0x0000000100000000)
  eden space 7168K, 99% used [0x00000000d5580000,0x00000000d5c790b8,0x00000000d5c80000)
  from space 512K, 81% used [0x00000000d5d00000,0x00000000d5d68000,0x00000000d5d80000)
  to   space 512K, 0% used [0x00000000d5c80000,0x00000000d5c80000,0x00000000d5d00000)
 ParOldGen       total 645632K, used 501017K [0x0000000080000000, 0x00000000a7680000, 0x00000000d5580000)
  object space 645632K, 77% used [0x0000000080000000,0x000000009e9465b8,0x00000000a7680000)
 Metaspace       used 98292K, committed 99968K, reserved 1179648K
  class space    used 10174K, committed 10944K, reserved 1048576K
}
Event: 177491.811 GC heap after
{Heap after GC invocations=1390 (full 5):
 PSYoungGen      total 7680K, used 485K [0x00000000d5580000, 0x00000000d6380000, 0x0000000100000000)
  eden space 7168K, 0% used [0x00000000d5580000,0x00000000d5580000,0x00000000d5c80000)
  from space 512K, 94% used [0x00000000d5c80000,0x00000000d5cf96f0,0x00000000d5d00000)
  to   space 3584K, 0% used [0x00000000d6000000,0x00000000d6000000,0x00000000d6380000)
 ParOldGen       total 645632K, used 503390K [0x0000000080000000, 0x00000000a7680000, 0x00000000d5580000)
  object space 645632K, 77% used [0x0000000080000000,0x000000009eb978b8,0x00000000a7680000)
 Metaspace       used 98292K, committed 99968K, reserved 1179648K
  class space    used 10174K, committed 10944K, reserved 1048576K
}
Event: 177497.517 GC heap before
{Heap before GC invocations=1391 (full 5):
 PSYoungGen      total 7680K, used 7653K [0x00000000d5580000, 0x00000000d6380000, 0x0000000100000000)
  eden space 7168K, 100% used [0x00000000d5580000,0x00000000d5c80000,0x00000000d5c80000)
  from space 512K, 94% used [0x00000000d5c80000,0x00000000d5cf96f0,0x00000000d5d00000)
  to   space 3584K, 0% used [0x00000000d6000000,0x00000000d6000000,0x00000000d6380000)
 ParOldGen       total 645632K, used 503390K [0x0000000080000000, 0x00000000a7680000, 0x00000000d5580000)
  object space 645632K, 77% used [0x0000000080000000,0x000000009eb978b8,0x00000000a7680000)
 Metaspace       used 98292K, committed 99968K, reserved 1179648K
  class space    used 10174K, committed 10944K, reserved 1048576K
}
Event: 177497.520 GC heap after
{Heap after GC invocations=1391 (full 5):
 PSYoungGen      total 8192K, used 933K [0x00000000d5580000, 0x00000000d6100000, 0x0000000100000000)
  eden space 7168K, 0% used [0x00000000d5580000,0x00000000d5580000,0x00000000d5c80000)
  from space 1024K, 91% used [0x00000000d6000000,0x00000000d60e9728,0x00000000d6100000)
  to   space 2048K, 0% used [0x00000000d5d00000,0x00000000d5d00000,0x00000000d5f00000)
 ParOldGen       total 645632K, used 503478K [0x0000000080000000, 0x00000000a7680000, 0x00000000d5580000)
  object space 645632K, 77% used [0x0000000080000000,0x000000009ebad8b8,0x00000000a7680000)
 Metaspace       used 98292K, committed 99968K, reserved 1179648K
  class space    used 10174K, committed 10944K, reserved 1048576K
}
Event: 177497.534 GC heap before
{Heap before GC invocations=1392 (full 5):
 PSYoungGen      total 8192K, used 8101K [0x00000000d5580000, 0x00000000d6100000, 0x0000000100000000)
  eden space 7168K, 100% used [0x00000000d5580000,0x00000000d5c80000,0x00000000d5c80000)
  from space 1024K, 91% used [0x00000000d6000000,0x00000000d60e9728,0x00000000d6100000)
  to   space 2048K, 0% used [0x00000000d5d00000,0x00000000d5d00000,0x00000000d5f00000)
 ParOldGen       total 645632K, used 503478K [0x0000000080000000, 0x00000000a7680000, 0x00000000d5580000)
  object space 645632K, 77% used [0x0000000080000000,0x000000009ebad8b8,0x00000000a7680000)
 Metaspace       used 98292K, committed 99968K, reserved 1179648K
  class space    used 10174K, committed 10944K, reserved 1048576K
}
Event: 177497.535 GC heap after
{Heap after GC invocations=1392 (full 5):
 PSYoungGen      total 9216K, used 741K [0x00000000d5580000, 0x00000000d6080000, 0x0000000100000000)
  eden space 7168K, 0% used [0x00000000d5580000,0x00000000d5580000,0x00000000d5c80000)
  from space 2048K, 36% used [0x00000000d5d00000,0x00000000d5db9718,0x00000000d5f00000)
  to   space 1024K, 0% used [0x00000000d5f80000,0x00000000d5f80000,0x00000000d6080000)
 ParOldGen       total 645632K, used 503702K [0x0000000080000000, 0x00000000a7680000, 0x00000000d5580000)
  object space 645632K, 78% used [0x0000000080000000,0x000000009ebe58c8,0x00000000a7680000)
 Metaspace       used 98292K, committed 99968K, reserved 1179648K
  class space    used 10174K, committed 10944K, reserved 1048576K
}
Event: 177498.247 GC heap before
{Heap before GC invocations=1393 (full 5):
 PSYoungGen      total 9216K, used 7909K [0x00000000d5580000, 0x00000000d6080000, 0x0000000100000000)
  eden space 7168K, 100% used [0x00000000d5580000,0x00000000d5c80000,0x00000000d5c80000)
  from space 2048K, 36% used [0x00000000d5d00000,0x00000000d5db9718,0x00000000d5f00000)
  to   space 1024K, 0% used [0x00000000d5f80000,0x00000000d5f80000,0x00000000d6080000)
 ParOldGen       total 645632K, used 503702K [0x0000000080000000, 0x00000000a7680000, 0x00000000d5580000)
  object space 645632K, 78% used [0x0000000080000000,0x000000009ebe58c8,0x00000000a7680000)
 Metaspace       used 98292K, committed 99968K, reserved 1179648K
  class space    used 10174K, committed 10944K, reserved 1048576K
}
Event: 177498.247 GC heap after
{Heap after GC invocations=1393 (full 5):
 PSYoungGen      total 8192K, used 721K [0x00000000d5580000, 0x00000000d6080000, 0x0000000100000000)
  eden space 7168K, 0% used [0x00000000d5580000,0x00000000d5580000,0x00000000d5c80000)
  from space 1024K, 70% used [0x00000000d5f80000,0x00000000d6034518,0x00000000d6080000)
  to   space 1024K, 0% used [0x00000000d5e80000,0x00000000d5e80000,0x00000000d5f80000)
 ParOldGen       total 645632K, used 503702K [0x0000000080000000, 0x00000000a7680000, 0x00000000d5580000)
  object space 645632K, 78% used [0x0000000080000000,0x000000009ebe58c8,0x00000000a7680000)
 Metaspace       used 98292K, committed 99968K, reserved 1179648K
  class space    used 10174K, committed 10944K, reserved 1048576K
}
Event: 177498.259 GC heap before
{Heap before GC invocations=1394 (full 5):
 PSYoungGen      total 8192K, used 7889K [0x00000000d5580000, 0x00000000d6080000, 0x0000000100000000)
  eden space 7168K, 99% used [0x00000000d5580000,0x00000000d5c7fff0,0x00000000d5c80000)
  from space 1024K, 70% used [0x00000000d5f80000,0x00000000d6034518,0x00000000d6080000)
  to   space 1024K, 0% used [0x00000000d5e80000,0x00000000d5e80000,0x00000000d5f80000)
 ParOldGen       total 645632K, used 503702K [0x0000000080000000, 0x00000000a7680000, 0x00000000d5580000)
  object space 645632K, 78% used [0x0000000080000000,0x000000009ebe58c8,0x00000000a7680000)
 Metaspace       used 98292K, committed 99968K, reserved 1179648K
  class space    used 10174K, committed 10944K, reserved 1048576K
}
Event: 177498.260 GC heap after
{Heap after GC invocations=1394 (full 5):
 PSYoungGen      total 8192K, used 762K [0x00000000d5580000, 0x00000000d6000000, 0x0000000100000000)
  eden space 7168K, 0% used [0x00000000d5580000,0x00000000d5580000,0x00000000d5c80000)
  from space 1024K, 74% used [0x00000000d5e80000,0x00000000d5f3e900,0x00000000d5f80000)
  to   space 512K, 0% used [0x00000000d5f80000,0x00000000d5f80000,0x00000000d6000000)
 ParOldGen       total 645632K, used 503726K [0x0000000080000000, 0x00000000a7680000, 0x00000000d5580000)
  object space 645632K, 78% used [0x0000000080000000,0x000000009ebeb8c8,0x00000000a7680000)
 Metaspace       used 98292K, committed 99968K, reserved 1179648K
  class space    used 10174K, committed 10944K, reserved 1048576K
}
Event: 177503.470 GC heap before
{Heap before GC invocations=1395 (full 5):
 PSYoungGen      total 8192K, used 7930K [0x00000000d5580000, 0x00000000d6000000, 0x0000000100000000)
  eden space 7168K, 100% used [0x00000000d5580000,0x00000000d5c80000,0x00000000d5c80000)
  from space 1024K, 74% used [0x00000000d5e80000,0x00000000d5f3e900,0x00000000d5f80000)
  to   space 512K, 0% used [0x00000000d5f80000,0x00000000d5f80000,0x00000000d6000000)
 ParOldGen       total 645632K, used 503726K [0x0000000080000000, 0x00000000a7680000, 0x00000000d5580000)
  object space 645632K, 78% used [0x0000000080000000,0x000000009ebeb8c8,0x00000000a7680000)
 Metaspace       used 98295K, committed 99968K, reserved 1179648K
  class space    used 10174K, committed 10944K, reserved 1048576K
}
Event: 177503.472 GC heap after
{Heap after GC invocations=1395 (full 5):
 PSYoungGen      total 7680K, used 500K [0x00000000d5580000, 0x00000000d6000000, 0x0000000100000000)
  eden space 7168K, 0% used [0x00000000d5580000,0x00000000d5580000,0x00000000d5c80000)
  from space 512K, 97% used [0x00000000d5f80000,0x00000000d5ffd200,0x00000000d6000000)
  to   space 1024K, 0% used [0x00000000d5e00000,0x00000000d5e00000,0x00000000d5f00000)
 ParOldGen       total 645632K, used 503743K [0x0000000080000000, 0x00000000a7680000, 0x00000000d5580000)
  object space 645632K, 78% used [0x0000000080000000,0x000000009ebefdc8,0x00000000a7680000)
 Metaspace       used 98295K, committed 99968K, reserved 1179648K
  class space    used 10174K, committed 10944K, reserved 1048576K
}
Event: 177503.482 GC heap before
{Heap before GC invocations=1396 (full 5):
 PSYoungGen      total 7680K, used 7668K [0x00000000d5580000, 0x00000000d6000000, 0x0000000100000000)
  eden space 7168K, 100% used [0x00000000d5580000,0x00000000d5c80000,0x00000000d5c80000)
  from space 512K, 97% used [0x00000000d5f80000,0x00000000d5ffd200,0x00000000d6000000)
  to   space 1024K, 0% used [0x00000000d5e00000,0x00000000d5e00000,0x00000000d5f00000)
 ParOldGen       total 645632K, used 503743K [0x0000000080000000, 0x00000000a7680000, 0x00000000d5580000)
  object space 645632K, 78% used [0x0000000080000000,0x000000009ebefdc8,0x00000000a7680000)
 Metaspace       used 98295K, committed 99968K, reserved 1179648K
  class space    used 10174K, committed 10944K, reserved 1048576K
}
Event: 177503.486 GC heap after
{Heap after GC invocations=1396 (full 5):
 PSYoungGen      total 8192K, used 1024K [0x00000000d5580000, 0x00000000d6000000, 0x0000000100000000)
  eden space 7168K, 0% used [0x00000000d5580000,0x00000000d5580000,0x00000000d5c80000)
  from space 1024K, 100% used [0x00000000d5e00000,0x00000000d5f00000,0x00000000d5f00000)
  to   space 1024K, 0% used [0x00000000d5f00000,0x00000000d5f00000,0x00000000d6000000)
 ParOldGen       total 645632K, used 504049K [0x0000000080000000, 0x00000000a7680000, 0x00000000d5580000)
  object space 645632K, 78% used [0x0000000080000000,0x000000009ec3c410,0x00000000a7680000)
 Metaspace       used 98295K, committed 99968K, reserved 1179648K
  class space    used 10174K, committed 10944K, reserved 1048576K
}
Event: 177503.515 GC heap before
{Heap before GC invocations=1397 (full 5):
 PSYoungGen      total 8192K, used 8192K [0x00000000d5580000, 0x00000000d6000000, 0x0000000100000000)
  eden space 7168K, 100% used [0x00000000d5580000,0x00000000d5c80000,0x00000000d5c80000)
  from space 1024K, 100% used [0x00000000d5e00000,0x00000000d5f00000,0x00000000d5f00000)
  to   space 1024K, 0% used [0x00000000d5f00000,0x00000000d5f00000,0x00000000d6000000)
 ParOldGen       total 645632K, used 504049K [0x0000000080000000, 0x00000000a7680000, 0x00000000d5580000)
  object space 645632K, 78% used [0x0000000080000000,0x000000009ec3c410,0x00000000a7680000)
 Metaspace       used 98304K, committed 99968K, reserved 1179648K
  class space    used 10174K, committed 10944K, reserved 1048576K
}
Event: 177503.519 GC heap after
{Heap after GC invocations=1397 (full 5):
 PSYoungGen      total 8192K, used 860K [0x00000000d5580000, 0x00000000d6000000, 0x0000000100000000)
  eden space 7168K, 0% used [0x00000000d5580000,0x00000000d5580000,0x00000000d5c80000)
  from space 1024K, 84% used [0x00000000d5f00000,0x00000000d5fd7300,0x00000000d6000000)
  to   space 1536K, 0% used [0x00000000d5d00000,0x00000000d5d00000,0x00000000d5e80000)
 ParOldGen       total 645632K, used 504977K [0x0000000080000000, 0x00000000a7680000, 0x00000000d5580000)
  object space 645632K, 78% used [0x0000000080000000,0x000000009ed24410,0x00000000a7680000)
 Metaspace       used 98304K, committed 99968K, reserved 1179648K
  class space    used 10174K, committed 10944K, reserved 1048576K
}
Event: 177503.532 GC heap before
{Heap before GC invocations=1398 (full 5):
 PSYoungGen      total 8192K, used 8028K [0x00000000d5580000, 0x00000000d6000000, 0x0000000100000000)
  eden space 7168K, 100% used [0x00000000d5580000,0x00000000d5c80000,0x00000000d5c80000)
  from space 1024K, 84% used [0x00000000d5f00000,0x00000000d5fd7300,0x00000000d6000000)
  to   space 1536K, 0% used [0x00000000d5d00000,0x00000000d5d00000,0x00000000d5e80000)
 ParOldGen       total 645632K, used 504977K [0x0000000080000000, 0x00000000a7680000, 0x00000000d5580000)
  object space 645632K, 78% used [0x0000000080000000,0x000000009ed24410,0x00000000a7680000)
 Metaspace       used 98314K, committed 100032K, reserved 1179648K
  class space    used 10174K, committed 10944K, reserved 1048576K
}
Event: 177503.534 GC heap after
{Heap after GC invocations=1398 (full 5):
 PSYoungGen      total 8704K, used 1120K [0x00000000d5580000, 0x00000000d5f80000, 0x0000000100000000)
  eden space 7168K, 0% used [0x00000000d5580000,0x00000000d5580000,0x00000000d5c80000)
  from space 1536K, 72% used [0x00000000d5d00000,0x00000000d5e18000,0x00000000d5e80000)
  to   space 1024K, 0% used [0x00000000d5e80000,0x00000000d5e80000,0x00000000d5f80000)
 ParOldGen       total 645632K, used 505630K [0x0000000080000000, 0x00000000a7680000, 0x00000000d5580000)
  object space 645632K, 78% used [0x0000000080000000,0x000000009edc7bc8,0x00000000a7680000)
 Metaspace       used 98314K, committed 100032K, reserved 1179648K
  class space    used 10174K, committed 10944K, reserved 1048576K
}

Dll operation events (12 events):
Event: 0.158 Loaded shared library c:\Users\Edilson\.vscode\extensions\redhat.java-1.54.0-win32-x64\jre\21.0.10-win32-x86_64\bin\java.dll
Event: 0.314 Loaded shared library c:\Users\Edilson\.vscode\extensions\redhat.java-1.54.0-win32-x64\jre\21.0.10-win32-x86_64\bin\zip.dll
Event: 0.343 Loaded shared library C:\Users\Edilson\.vscode\extensions\redhat.java-1.54.0-win32-x64\jre\21.0.10-win32-x86_64\bin\instrument.dll
Event: 0.611 Loaded shared library C:\Users\Edilson\.vscode\extensions\redhat.java-1.54.0-win32-x64\jre\21.0.10-win32-x86_64\bin\net.dll
Event: 0.998 Loaded shared library C:\Users\Edilson\.vscode\extensions\redhat.java-1.54.0-win32-x64\jre\21.0.10-win32-x86_64\bin\nio.dll
Event: 1.007 Loaded shared library C:\Users\Edilson\.vscode\extensions\redhat.java-1.54.0-win32-x64\jre\21.0.10-win32-x86_64\bin\zip.dll
Event: 1.091 Loaded shared library C:\Users\Edilson\.vscode\extensions\redhat.java-1.54.0-win32-x64\jre\21.0.10-win32-x86_64\bin\jimage.dll
Event: 1.391 Loaded shared library c:\Users\Edilson\.vscode\extensions\redhat.java-1.54.0-win32-x64\jre\21.0.10-win32-x86_64\bin\verify.dll
Event: 16.949 Loaded shared library C:\Users\Edilson\AppData\Roaming\Code\User\globalStorage\redhat.java\1.54.0\config_win\org.eclipse.equinox.launcher\org.eclipse.equinox.launcher.win32.win32.x86_64_1.3.0.v20260203-2149\eclipse_11919.dll
Event: 30.897 Loaded shared library C:\Users\Edilson\AppData\Local\Temp\jna--223539152\jna3978785671431475867.dll
Event: 34.434 Loaded shared library C:\Users\Edilson\.vscode\extensions\redhat.java-1.54.0-win32-x64\jre\21.0.10-win32-x86_64\bin\sunmscapi.dll
Event: 35.308 Loaded shared library C:\Users\Edilson\.vscode\extensions\redhat.java-1.54.0-win32-x64\jre\21.0.10-win32-x86_64\bin\extnet.dll

Deoptimization events (20 events):
Event: 177490.747 Thread 0x0000027a62c9a2c0 DEOPT UNPACKING pc=0x0000027a0a5e4242 sp=0x000000d9f03fe048 mode 0
Event: 177490.747 Thread 0x0000027a62c981f0 DEOPT UNPACKING pc=0x0000027a0a5e4242 sp=0x000000d9eee1e328 mode 0
Event: 177490.747 Thread 0x0000027a60af47e0 DEOPT UNPACKING pc=0x0000027a0a5e4242 sp=0x000000d9ebffe148 mode 0
Event: 177490.747 Thread 0x0000027a62c98880 DEOPT UNPACKING pc=0x0000027a0a5e4242 sp=0x000000d9eec1e228 mode 0
Event: 177490.747 Thread 0x0000027a60af9010 DEOPT UNPACKING pc=0x0000027a0a5e4242 sp=0x000000d9eeb1de18 mode 0
Event: 177490.747 Thread 0x0000027a62c9a950 DEOPT UNPACKING pc=0x0000027a0a5e4242 sp=0x000000d9eed1de98 mode 0
Event: 177490.747 Thread 0x0000027a60af4e70 DEOPT PACKING pc=0x0000027a03b9906d sp=0x000000d9edbfef80
Event: 177490.748 Thread 0x0000027a60af4e70 DEOPT UNPACKING pc=0x0000027a0a5e4242 sp=0x000000d9edbfe4f8 mode 0
Event: 177490.751 Thread 0x0000027a62c99c30 DEOPT PACKING pc=0x0000027a03b9906d sp=0x000000d9f0bfe8a0
Event: 177490.751 Thread 0x0000027a62c99c30 DEOPT UNPACKING pc=0x0000027a0a5e4242 sp=0x000000d9f0bfde18 mode 0
Event: 177490.757 Thread 0x0000027a62c9a2c0 DEOPT PACKING pc=0x0000027a03b990d6 sp=0x000000d9f03fead0
Event: 177490.757 Thread 0x0000027a62c9ca20 DEOPT PACKING pc=0x0000027a03b990d6 sp=0x000000d9f0afeac0
Event: 177490.757 Thread 0x0000027a62c9ca20 DEOPT UNPACKING pc=0x0000027a0a5e4242 sp=0x000000d9f0afe038 mode 0
Event: 177490.757 Thread 0x0000027a62c9a2c0 DEOPT UNPACKING pc=0x0000027a0a5e4242 sp=0x000000d9f03fe048 mode 0
Event: 177490.760 Thread 0x0000027a60af4e70 DEOPT PACKING pc=0x0000027a03b990d6 sp=0x000000d9edbfef80
Event: 177490.760 Thread 0x0000027a60af4e70 DEOPT UNPACKING pc=0x0000027a0a5e4242 sp=0x000000d9edbfe4f8 mode 0
Event: 177503.488 Thread 0x0000027a60af2710 Uncommon trap: trap_request=0xffffff45 fr.pc=0x0000027a0bc9e6fc relative=0x000000000000195c
Event: 177503.488 Thread 0x0000027a60af2710 Uncommon trap: reason=unstable_if action=reinterpret pc=0x0000027a0bc9e6fc method=org.eclipse.jdt.internal.compiler.codegen.ConstantPool.literalIndexForMethod([C[C[CZ)I @ 148 c2
Event: 177503.488 Thread 0x0000027a60af2710 DEOPT PACKING pc=0x0000027a0bc9e6fc sp=0x000000d9ec0fded0
Event: 177503.488 Thread 0x0000027a60af2710 DEOPT UNPACKING pc=0x0000027a0a5e3aa2 sp=0x000000d9ec0fdea8 mode 2

Classes loaded (20 events):
Event: 62950.804 Loading class java/util/stream/ReduceOps$5ReducingSink
Event: 62950.804 Loading class java/util/stream/ReduceOps$5ReducingSink done
Event: 62950.950 Loading class sun/security/ssl/NewSessionTicket$T13NewSessionTicketMessage
Event: 62950.951 Loading class sun/security/ssl/NewSessionTicket$T13NewSessionTicketMessage done
Event: 62950.969 Loading class java/util/stream/FindOps$FindSink$OfLong
Event: 62950.970 Loading class java/util/stream/FindOps$FindSink$OfLong done
Event: 62950.970 Loading class java/util/OptionalLong
Event: 62950.971 Loading class java/util/OptionalLong done
Event: 62950.978 Loading class java/nio/HeapByteBufferR
Event: 62950.979 Loading class java/nio/HeapByteBufferR done
Event: 62951.506 Loading class java/io/Console
Event: 62951.507 Loading class java/io/Console done
Event: 62951.515 Loading class java/util/HashMap$EntrySpliterator
Event: 62951.516 Loading class java/util/HashMap$EntrySpliterator done
Event: 62980.280 Loading class java/util/LinkedList$LLSpliterator
Event: 62980.288 Loading class java/util/LinkedList$LLSpliterator done
Event: 63332.946 Loading class java/util/function/IntPredicate
Event: 63332.947 Loading class java/util/function/IntPredicate done
Event: 63332.994 Loading class java/util/regex/Pattern$Bound
Event: 63332.995 Loading class java/util/regex/Pattern$Bound done

Classes unloaded (20 events):
Event: 62978.390 Thread 0x0000027a7e7709f0 Unloading class 0x0000027a18882400 'java/lang/invoke/LambdaForm$MH+0x0000027a18882400'
Event: 62978.390 Thread 0x0000027a7e7709f0 Unloading class 0x0000027a18881c00 'java/lang/invoke/LambdaForm$MH+0x0000027a18881c00'
Event: 62978.390 Thread 0x0000027a7e7709f0 Unloading class 0x0000027a18881000 'java/lang/invoke/LambdaForm$BMH+0x0000027a18881000'
Event: 62978.390 Thread 0x0000027a7e7709f0 Unloading class 0x0000027a18880400 'java/lang/invoke/LambdaForm$BMH+0x0000027a18880400'
Event: 62978.390 Thread 0x0000027a7e7709f0 Unloading class 0x0000027a187f3c00 'java/lang/invoke/LambdaForm$MH+0x0000027a187f3c00'
Event: 62978.390 Thread 0x0000027a7e7709f0 Unloading class 0x0000027a187f3800 'java/lang/invoke/LambdaForm$MH+0x0000027a187f3800'
Event: 62978.390 Thread 0x0000027a7e7709f0 Unloading class 0x0000027a187f2c00 'java/lang/invoke/LambdaForm$MH+0x0000027a187f2c00'
Event: 62978.390 Thread 0x0000027a7e7709f0 Unloading class 0x0000027a187f2800 'java/lang/invoke/LambdaForm$MH+0x0000027a187f2800'
Event: 62978.390 Thread 0x0000027a7e7709f0 Unloading class 0x0000027a187dc800 'java/lang/invoke/LambdaForm$MH+0x0000027a187dc800'
Event: 62978.390 Thread 0x0000027a7e7709f0 Unloading class 0x0000027a187dc400 'java/lang/invoke/LambdaForm$MH+0x0000027a187dc400'
Event: 62978.390 Thread 0x0000027a7e7709f0 Unloading class 0x0000027a187dc000 'java/lang/invoke/LambdaForm$MH+0x0000027a187dc000'
Event: 62978.390 Thread 0x0000027a7e7709f0 Unloading class 0x0000027a1871cc00 'java/lang/invoke/LambdaForm$MH+0x0000027a1871cc00'
Event: 62978.391 Thread 0x0000027a7e7709f0 Unloading class 0x0000027a1871c800 'java/lang/invoke/LambdaForm$MH+0x0000027a1871c800'
Event: 62978.391 Thread 0x0000027a7e7709f0 Unloading class 0x0000027a1871c000 'java/lang/invoke/LambdaForm$MH+0x0000027a1871c000'
Event: 62978.391 Thread 0x0000027a7e7709f0 Unloading class 0x0000027a1870ac00 'java/lang/invoke/LambdaForm$MH+0x0000027a1870ac00'
Event: 62978.391 Thread 0x0000027a7e7709f0 Unloading class 0x0000027a182a9000 'java/lang/invoke/LambdaForm$MH+0x0000027a182a9000'
Event: 62978.391 Thread 0x0000027a7e7709f0 Unloading class 0x0000027a1823a000 'java/lang/invoke/LambdaForm$MH+0x0000027a1823a000'
Event: 62978.391 Thread 0x0000027a7e7709f0 Unloading class 0x0000027a18239800 'java/lang/invoke/LambdaForm$MH+0x0000027a18239800'
Event: 62978.391 Thread 0x0000027a7e7709f0 Unloading class 0x0000027a18237000 'java/lang/invoke/LambdaForm$MH+0x0000027a18237000'
Event: 62978.392 Thread 0x0000027a7e7709f0 Unloading class 0x0000027a18234400 'java/lang/invoke/LambdaForm$MH+0x0000027a18234400'

Classes redefined (0 events):
No events

Internal exceptions (20 events):
Event: 63332.949 Thread 0x0000027a62c9ca20 Exception <a 'java/lang/NoSuchMethodError'{0x00000000d5dcd4a8}: 'int java.lang.invoke.DirectMethodHandle$Holder.invokeStaticInit(java.lang.Object, int)'> (0x00000000d5dcd4a8) 
thrown [s\src\hotspot\share\interpreter\linkResolver.cpp, line 773]
Event: 63333.717 Thread 0x0000027a62c9ca20 Exception <a 'java/lang/NoSuchMethodError'{0x00000000d5620a60}: 'int java.lang.invoke.DirectMethodHandle$Holder.invokeSpecialIFC(java.lang.Object, java.lang.Object, int)'> (0x00000000d5620a60) 
thrown [s\src\hotspot\share\interpreter\linkResolver.cpp, line 773]
Event: 63333.717 Thread 0x0000027a62c981f0 Exception <a 'java/lang/NoSuchMethodError'{0x00000000d55f0108}: 'int java.lang.invoke.DirectMethodHandle$Holder.invokeSpecialIFC(java.lang.Object, java.lang.Object, int)'> (0x00000000d55f0108) 
thrown [s\src\hotspot\share\interpreter\linkResolver.cpp, line 773]
Event: 65093.290 Thread 0x0000027a5f575c90 Exception <a 'sun/nio/fs/WindowsException'{0x00000000d55ddbb8}> (0x00000000d55ddbb8) 
thrown [s\src\hotspot\share\prims\jni.cpp, line 520]
Event: 65093.323 Thread 0x0000027a5f575c90 Exception <a 'sun/nio/fs/WindowsException'{0x00000000d5a139b0}> (0x00000000d5a139b0) 
thrown [s\src\hotspot\share\prims\jni.cpp, line 520]
Event: 65393.377 Thread 0x0000027a60af4150 Exception <a 'sun/nio/fs/WindowsException'{0x00000000d5ae8278}> (0x00000000d5ae8278) 
thrown [s\src\hotspot\share\prims\jni.cpp, line 520]
Event: 65393.382 Thread 0x0000027a60af4150 Exception <a 'sun/nio/fs/WindowsException'{0x00000000d5ae8df0}> (0x00000000d5ae8df0) 
thrown [s\src\hotspot\share\prims\jni.cpp, line 520]
Event: 67008.503 Thread 0x0000027a60af2710 Exception <a 'sun/nio/fs/WindowsException'{0x00000000d5973bf8}> (0x00000000d5973bf8) 
thrown [s\src\hotspot\share\prims\jni.cpp, line 520]
Event: 67008.508 Thread 0x0000027a60af2710 Exception <a 'sun/nio/fs/WindowsException'{0x00000000d59744f8}> (0x00000000d59744f8) 
thrown [s\src\hotspot\share\prims\jni.cpp, line 520]
Event: 67008.511 Thread 0x0000027a60af2710 Exception <a 'sun/nio/fs/WindowsException'{0x00000000d5975240}> (0x00000000d5975240) 
thrown [s\src\hotspot\share\prims\jni.cpp, line 520]
Event: 67008.512 Thread 0x0000027a60af2710 Exception <a 'sun/nio/fs/WindowsException'{0x00000000d5975b20}> (0x00000000d5975b20) 
thrown [s\src\hotspot\share\prims\jni.cpp, line 520]
Event: 67008.518 Thread 0x0000027a60af2710 Exception <a 'sun/nio/fs/WindowsException'{0x00000000d5977298}> (0x00000000d5977298) 
thrown [s\src\hotspot\share\prims\jni.cpp, line 520]
Event: 67008.518 Thread 0x0000027a60af2710 Exception <a 'sun/nio/fs/WindowsException'{0x00000000d59778c8}> (0x00000000d59778c8) 
thrown [s\src\hotspot\share\prims\jni.cpp, line 520]
Event: 67008.787 Thread 0x0000027a60af2710 Exception <a 'sun/nio/fs/WindowsException'{0x00000000d5997338}> (0x00000000d5997338) 
thrown [s\src\hotspot\share\prims\jni.cpp, line 520]
Event: 67008.787 Thread 0x0000027a60af2710 Exception <a 'sun/nio/fs/WindowsException'{0x00000000d5997c18}> (0x00000000d5997c18) 
thrown [s\src\hotspot\share\prims\jni.cpp, line 520]
Event: 67009.648 Thread 0x0000027a60af6220 Exception <a 'sun/nio/fs/WindowsException'{0x00000000d5642dc0}> (0x00000000d5642dc0) 
thrown [s\src\hotspot\share\prims\jni.cpp, line 520]
Event: 67009.648 Thread 0x0000027a60af6220 Exception <a 'sun/nio/fs/WindowsException'{0x00000000d564a820}> (0x00000000d564a820) 
thrown [s\src\hotspot\share\prims\jni.cpp, line 520]
Event: 72259.559 Thread 0x0000027a60af2da0 Exception <a 'java/lang/IncompatibleClassChangeError'{0x00000000d5a19b70}: Found class java.lang.Object, but interface was expected> (0x00000000d5a19b70) 
thrown [s\src\hotspot\share\interpreter\linkResolver.cpp, line 840]
Event: 177483.221 Thread 0x0000027a60af4e70 Implicit null exception at 0x0000027a0bed93a8 to 0x0000027a0bed94dc
Event: 177483.318 Thread 0x0000027a60af4e70 Implicit null exception at 0x0000027a0bb28299 to 0x0000027a0bb283dc

ZGC Phase Switch (0 events):
No events

VM Operations (20 events):
Event: 177490.753 Executing safepoint VM operation: ParallelGCFailedAllocation (Allocation Failure)
Event: 177490.755 Executing safepoint VM operation: ParallelGCFailedAllocation (Allocation Failure) done
Event: 177491.802 Executing safepoint VM operation: ParallelGCFailedAllocation (Allocation Failure)
Event: 177491.811 Executing safepoint VM operation: ParallelGCFailedAllocation (Allocation Failure) done
Event: 177497.517 Executing safepoint VM operation: ParallelGCFailedAllocation (Allocation Failure)
Event: 177497.520 Executing safepoint VM operation: ParallelGCFailedAllocation (Allocation Failure) done
Event: 177497.534 Executing safepoint VM operation: ParallelGCFailedAllocation (Allocation Failure)
Event: 177497.535 Executing safepoint VM operation: ParallelGCFailedAllocation (Allocation Failure) done
Event: 177498.247 Executing safepoint VM operation: ParallelGCFailedAllocation (Allocation Failure)
Event: 177498.248 Executing safepoint VM operation: ParallelGCFailedAllocation (Allocation Failure) done
Event: 177498.259 Executing safepoint VM operation: ParallelGCFailedAllocation (Allocation Failure)
Event: 177498.260 Executing safepoint VM operation: ParallelGCFailedAllocation (Allocation Failure) done
Event: 177503.470 Executing safepoint VM operation: ParallelGCFailedAllocation (Allocation Failure)
Event: 177503.472 Executing safepoint VM operation: ParallelGCFailedAllocation (Allocation Failure) done
Event: 177503.482 Executing safepoint VM operation: ParallelGCFailedAllocation (Allocation Failure)
Event: 177503.486 Executing safepoint VM operation: ParallelGCFailedAllocation (Allocation Failure) done
Event: 177503.515 Executing safepoint VM operation: ParallelGCFailedAllocation (Allocation Failure)
Event: 177503.519 Executing safepoint VM operation: ParallelGCFailedAllocation (Allocation Failure) done
Event: 177503.531 Executing safepoint VM operation: ParallelGCFailedAllocation (Allocation Failure)
Event: 177503.534 Executing safepoint VM operation: ParallelGCFailedAllocation (Allocation Failure) done

Memory protections (0 events):
No events

Nmethod flushes (20 events):
Event: 62979.698 Thread 0x0000027a7e7709f0 flushing  nmethod 0x0000027a051ca490
Event: 62979.698 Thread 0x0000027a7e7709f0 flushing  nmethod 0x0000027a05210690
Event: 62979.698 Thread 0x0000027a7e7709f0 flushing  nmethod 0x0000027a0521fe10
Event: 62979.698 Thread 0x0000027a7e7709f0 flushing  nmethod 0x0000027a052bae10
Event: 62979.698 Thread 0x0000027a7e7709f0 flushing osr nmethod 0x0000027a052ce710
Event: 62979.698 Thread 0x0000027a7e7709f0 flushing  nmethod 0x0000027a052dd910
Event: 62979.698 Thread 0x0000027a7e7709f0 flushing  nmethod 0x0000027a052fd490
Event: 62979.698 Thread 0x0000027a7e7709f0 flushing  nmethod 0x0000027a05300690
Event: 62979.698 Thread 0x0000027a7e7709f0 flushing  nmethod 0x0000027a05335e90
Event: 62979.698 Thread 0x0000027a7e7709f0 flushing  nmethod 0x0000027a05337c90
Event: 62979.698 Thread 0x0000027a7e7709f0 flushing  nmethod 0x0000027a05343490
Event: 62979.698 Thread 0x0000027a7e7709f0 flushing  nmethod 0x0000027a05345d10
Event: 62979.698 Thread 0x0000027a7e7709f0 flushing  nmethod 0x0000027a05367290
Event: 62979.698 Thread 0x0000027a7e7709f0 flushing  nmethod 0x0000027a05376b90
Event: 62979.698 Thread 0x0000027a7e7709f0 flushing  nmethod 0x0000027a053cbe10
Event: 62979.699 Thread 0x0000027a7e7709f0 flushing  nmethod 0x0000027a053f4490
Event: 62979.699 Thread 0x0000027a7e7709f0 flushing  nmethod 0x0000027a0543de10
Event: 62979.699 Thread 0x0000027a7e7709f0 flushing osr nmethod 0x0000027a05459f10
Event: 62979.699 Thread 0x0000027a7e7709f0 flushing osr nmethod 0x0000027a05460190
Event: 62979.699 Thread 0x0000027a7e7709f0 flushing  nmethod 0x0000027a05468f10

Events (20 events):
Event: 177482.905 Thread 0x0000027a60af2da0 Thread added: 0x0000027a60af2710
Event: 177482.909 Thread 0x0000027a60af2710 Thread added: 0x0000027a60af6f40
Event: 177482.913 Thread 0x0000027a60af6f40 Thread added: 0x0000027a60af4e70
Event: 177482.915 Thread 0x0000027a60af4e70 Thread added: 0x0000027a60af8980
Event: 177482.934 Thread 0x0000027a60af2da0 Thread added: 0x0000027a60af9010
Event: 177482.938 Thread 0x0000027a60af2da0 Thread added: 0x0000027a62c98880
Event: 177482.942 Thread 0x0000027a62c98880 Thread added: 0x0000027a62c9a950
Event: 177482.943 Thread 0x0000027a62c9a950 Thread added: 0x0000027a62c981f0
Event: 177482.949 Thread 0x0000027a62c981f0 Thread added: 0x0000027a62c9a2c0
Event: 177482.953 Thread 0x0000027a60af2da0 Thread added: 0x0000027a62c9bd00
Event: 177483.636 Thread 0x0000027a7e78e390 Thread added: 0x0000027a6c0124a0
Event: 177483.770 Thread 0x0000027a62c9bd00 Thread added: 0x0000027a62c9c390
Event: 177483.771 Thread 0x0000027a62c9a2c0 Thread added: 0x0000027a62c98f10
Event: 177483.771 Thread 0x0000027a62c98880 Thread added: 0x0000027a62c9ca20
Event: 177483.772 Thread 0x0000027a62c9c390 Thread added: 0x0000027a62c99c30
Event: 177486.645 Thread 0x0000027a6c0124a0 Thread exited: 0x0000027a6c0124a0
Event: 177503.511 Thread 0x0000027a7e78e390 Thread added: 0x0000027a6c013240
Event: 177503.511 Thread 0x0000027a7e78e390 Thread added: 0x0000027a6c012b70
Event: 177503.511 Thread 0x0000027a7e78e390 Thread added: 0x0000027a6c0124a0
Event: 177503.512 Thread 0x0000027a7e78e390 Thread added: 0x0000027a6c018400


Dynamic libraries:
0x00007ff6270e0000 - 0x00007ff6270ee000 	c:\Users\Edilson\.vscode\extensions\redhat.java-1.54.0-win32-x64\jre\21.0.10-win32-x86_64\bin\java.exe
0x00007ff9ecca0000 - 0x00007ff9ecf06000 	C:\WINDOWS\SYSTEM32\ntdll.dll
0x00007ff9eb770000 - 0x00007ff9eb839000 	C:\WINDOWS\System32\KERNEL32.DLL
0x00007ff9ea350000 - 0x00007ff9ea74a000 	C:\WINDOWS\System32\KERNELBASE.dll
0x00007ff9ea750000 - 0x00007ff9ea89c000 	C:\WINDOWS\System32\ucrtbase.dll
0x00007ff928790000 - 0x00007ff9287ae000 	c:\Users\Edilson\.vscode\extensions\redhat.java-1.54.0-win32-x64\jre\21.0.10-win32-x86_64\bin\VCRUNTIME140.dll
0x00007ff9287b0000 - 0x00007ff9287c8000 	c:\Users\Edilson\.vscode\extensions\redhat.java-1.54.0-win32-x64\jre\21.0.10-win32-x86_64\bin\jli.dll
0x00007ff9eb900000 - 0x00007ff9ebac7000 	C:\WINDOWS\System32\USER32.dll
0x00007ff9e9130000 - 0x00007ff9e93c2000 	C:\WINDOWS\WinSxS\amd64_microsoft.windows.common-controls_6595b64144ccf1df_6.0.26100.8521_none_3e08b75ce33403b3\COMCTL32.dll
0x00007ff9ea140000 - 0x00007ff9ea167000 	C:\WINDOWS\System32\win32u.dll
0x00007ff9ebaf0000 - 0x00007ff9ebb99000 	C:\WINDOWS\System32\msvcrt.dll
0x00007ff9eb6c0000 - 0x00007ff9eb6eb000 	C:\WINDOWS\System32\GDI32.dll
0x00007ff9ea220000 - 0x00007ff9ea34b000 	C:\WINDOWS\System32\gdi32full.dll
0x00007ff9ea170000 - 0x00007ff9ea213000 	C:\WINDOWS\System32\msvcp_win.dll
0x00007ff9eaaf0000 - 0x00007ff9eab22000 	C:\WINDOWS\System32\IMM32.DLL
0x00007ff9dafa0000 - 0x00007ff9dafac000 	c:\Users\Edilson\.vscode\extensions\redhat.java-1.54.0-win32-x64\jre\21.0.10-win32-x86_64\bin\vcruntime140_1.dll
0x00007ff928700000 - 0x00007ff92878d000 	c:\Users\Edilson\.vscode\extensions\redhat.java-1.54.0-win32-x64\jre\21.0.10-win32-x86_64\bin\msvcp140.dll
0x00007ff925fb0000 - 0x00007ff926d51000 	c:\Users\Edilson\.vscode\extensions\redhat.java-1.54.0-win32-x64\jre\21.0.10-win32-x86_64\bin\server\jvm.dll
0x00007ff9eafd0000 - 0x00007ff9eb086000 	C:\WINDOWS\System32\ADVAPI32.dll
0x00007ff9ebc10000 - 0x00007ff9ebcba000 	C:\WINDOWS\System32\sechost.dll
0x00007ff9eb5a0000 - 0x00007ff9eb6b8000 	C:\WINDOWS\System32\RPCRT4.dll
0x00007ff9ebf30000 - 0x00007ff9ebfb0000 	C:\WINDOWS\System32\WS2_32.dll
0x00007ff9e1370000 - 0x00007ff9e13a6000 	C:\WINDOWS\SYSTEM32\WINMM.dll
0x00007ff9e9db0000 - 0x00007ff9e9e0e000 	C:\WINDOWS\SYSTEM32\POWRPROF.dll
0x00007ff9e13b0000 - 0x00007ff9e13bb000 	C:\WINDOWS\SYSTEM32\VERSION.dll
0x00007ff9e9d90000 - 0x00007ff9e9da4000 	C:\WINDOWS\SYSTEM32\UMPDC.dll
0x00007ff9e8360000 - 0x00007ff9e837b000 	C:\WINDOWS\SYSTEM32\kernel.appcore.dll
0x00007ff98f9d0000 - 0x00007ff98f9da000 	c:\Users\Edilson\.vscode\extensions\redhat.java-1.54.0-win32-x64\jre\21.0.10-win32-x86_64\bin\jimage.dll
0x00007ff9e96e0000 - 0x00007ff9e9922000 	C:\WINDOWS\SYSTEM32\DBGHELP.DLL
0x00007ff9eac40000 - 0x00007ff9eafc3000 	C:\WINDOWS\System32\combase.dll
0x00007ff9eaa10000 - 0x00007ff9eaae9000 	C:\WINDOWS\System32\OLEAUT32.dll
0x00007ff9e95d0000 - 0x00007ff9e960b000 	C:\WINDOWS\SYSTEM32\dbgcore.DLL
0x00007ff9ea960000 - 0x00007ff9eaa08000 	C:\WINDOWS\System32\bcryptPrimitives.dll
0x00007ff935ea0000 - 0x00007ff935eaf000 	c:\Users\Edilson\.vscode\extensions\redhat.java-1.54.0-win32-x64\jre\21.0.10-win32-x86_64\bin\instrument.dll
0x00007ff9286e0000 - 0x00007ff928700000 	c:\Users\Edilson\.vscode\extensions\redhat.java-1.54.0-win32-x64\jre\21.0.10-win32-x86_64\bin\java.dll
0x00007ff9ec450000 - 0x00007ff9ecbd4000 	C:\WINDOWS\System32\SHELL32.dll
0x00007ff9e7060000 - 0x00007ff9e78e0000 	C:\WINDOWS\SYSTEM32\windows.storage.dll
0x00007ff9eb090000 - 0x00007ff9eb186000 	C:\WINDOWS\System32\SHCORE.dll
0x00007ff9ebba0000 - 0x00007ff9ebc07000 	C:\WINDOWS\System32\shlwapi.dll
0x00007ff9e9e50000 - 0x00007ff9e9e79000 	C:\WINDOWS\SYSTEM32\profapi.dll
0x00007ff928b30000 - 0x00007ff928b48000 	c:\Users\Edilson\.vscode\extensions\redhat.java-1.54.0-win32-x64\jre\21.0.10-win32-x86_64\bin\zip.dll
0x00007ff932420000 - 0x00007ff932430000 	C:\Users\Edilson\.vscode\extensions\redhat.java-1.54.0-win32-x64\jre\21.0.10-win32-x86_64\bin\net.dll
0x00007ff9e1580000 - 0x00007ff9e16a9000 	C:\WINDOWS\SYSTEM32\WINHTTP.dll
0x00007ff9e88c0000 - 0x00007ff9e892c000 	C:\WINDOWS\system32\mswsock.dll
0x00007ff928b10000 - 0x00007ff928b26000 	C:\Users\Edilson\.vscode\extensions\redhat.java-1.54.0-win32-x64\jre\21.0.10-win32-x86_64\bin\nio.dll
0x00007ff931eb0000 - 0x00007ff931ec0000 	c:\Users\Edilson\.vscode\extensions\redhat.java-1.54.0-win32-x64\jre\21.0.10-win32-x86_64\bin\verify.dll
0x00007ff920ab0000 - 0x00007ff920af5000 	C:\Users\Edilson\AppData\Roaming\Code\User\globalStorage\redhat.java\1.54.0\config_win\org.eclipse.equinox.launcher\org.eclipse.equinox.launcher.win32.win32.x86_64_1.3.0.v20260203-2149\eclipse_11919.dll
0x00007ff9eb400000 - 0x00007ff9eb598000 	C:\WINDOWS\System32\ole32.dll
0x00007ff9e9a50000 - 0x00007ff9e9a6b000 	C:\WINDOWS\SYSTEM32\CRYPTSP.dll
0x00007ff9e8a00000 - 0x00007ff9e8a39000 	C:\WINDOWS\system32\rsaenh.dll
0x00007ff9e8930000 - 0x00007ff9e8963000 	C:\WINDOWS\SYSTEM32\USERENV.dll
0x00007ff9e9e20000 - 0x00007ff9e9e4a000 	C:\WINDOWS\SYSTEM32\bcrypt.dll
0x00007ff9e8be0000 - 0x00007ff9e8bec000 	C:\WINDOWS\SYSTEM32\CRYPTBASE.dll
0x00007ff9e7d70000 - 0x00007ff9e7da3000 	C:\WINDOWS\SYSTEM32\IPHLPAPI.DLL
0x00007ff9eb700000 - 0x00007ff9eb70a000 	C:\WINDOWS\System32\NSI.dll
0x00007ff91e360000 - 0x00007ff91e3a9000 	C:\Users\Edilson\AppData\Local\Temp\jna--223539152\jna3978785671431475867.dll
0x00007ff9eb3f0000 - 0x00007ff9eb3f8000 	C:\WINDOWS\System32\PSAPI.DLL
0x00007ff9e1210000 - 0x00007ff9e122d000 	C:\WINDOWS\SYSTEM32\dhcpcsvc6.DLL
0x00007ff9e11e0000 - 0x00007ff9e1205000 	C:\WINDOWS\SYSTEM32\dhcpcsvc.DLL
0x00007ff91e2b0000 - 0x00007ff91e2be000 	C:\Users\Edilson\.vscode\extensions\redhat.java-1.54.0-win32-x64\jre\21.0.10-win32-x86_64\bin\sunmscapi.dll
0x00007ff9e9fc0000 - 0x00007ff9ea138000 	C:\WINDOWS\System32\CRYPT32.dll
0x00007ff9e8f30000 - 0x00007ff9e8f60000 	C:\WINDOWS\SYSTEM32\ncrypt.dll
0x00007ff9e8ee0000 - 0x00007ff9e8f1f000 	C:\WINDOWS\SYSTEM32\NTASN1.dll
0x00007ff9e7e00000 - 0x00007ff9e7f4a000 	C:\WINDOWS\SYSTEM32\DNSAPI.dll
0x00007ff9e86a0000 - 0x00007ff9e86ad000 	C:\WINDOWS\SYSTEM32\DSPARSE.dll
0x00007ff9e1e40000 - 0x00007ff9e1e4b000 	C:\Windows\System32\rasadhlp.dll
0x00007ff9de970000 - 0x00007ff9de9f6000 	C:\WINDOWS\System32\fwpuclnt.dll
0x00007ff91e2a0000 - 0x00007ff91e2a9000 	C:\Users\Edilson\.vscode\extensions\redhat.java-1.54.0-win32-x64\jre\21.0.10-win32-x86_64\bin\extnet.dll
0x00007ff9e96a0000 - 0x00007ff9e96d6000 	C:\WINDOWS\SYSTEM32\ntmarta.dll
0x00007ff9d7b00000 - 0x00007ff9d7b08000 	C:\WINDOWS\system32\wshunix.dll

JVMTI agents:
c:\Users\Edilson\.vscode\extensions\redhat.java-1.54.0-win32-x64\lombok\lombok-1.18.39-4050.jar path:c:\Users\Edilson\.vscode\extensions\redhat.java-1.54.0-win32-x64\jre\21.0.10-win32-x86_64\bin\instrument.dll, loaded, initialized, instrumentlib options:none

dbghelp: loaded successfully - version: 4.0.5 - missing functions: none
symbol engine: initialized successfully - sym options: 0x614 - pdb path: .;c:\Users\Edilson\.vscode\extensions\redhat.java-1.54.0-win32-x64\jre\21.0.10-win32-x86_64\bin;C:\WINDOWS\SYSTEM32;C:\WINDOWS\WinSxS\amd64_microsoft.windows.common-controls_6595b64144ccf1df_6.0.26100.8521_none_3e08b75ce33403b3;c:\Users\Edilson\.vscode\extensions\redhat.java-1.54.0-win32-x64\jre\21.0.10-win32-x86_64\bin\server;C:\Users\Edilson\AppData\Roaming\Code\User\globalStorage\redhat.java\1.54.0\config_win\org.eclipse.equinox.launcher\org.eclipse.equinox.launcher.win32.win32.x86_64_1.3.0.v20260203-2149;C:\Users\Edilson\AppData\Local\Temp\jna--223539152

VM Arguments:
jvm_args: --add-modules=ALL-SYSTEM --add-opens=java.base/java.util=ALL-UNNAMED --add-opens=java.base/java.lang=ALL-UNNAMED --add-opens=java.base/sun.nio.fs=ALL-UNNAMED -Declipse.application=org.eclipse.jdt.ls.core.id1 -Dosgi.bundles.defaultStartLevel=4 -Declipse.product=org.eclipse.jdt.ls.core.product -Djava.import.generatesMetadataFilesAtProjectRoot=false -DDetectVMInstallationsJob.disabled=true -Dfile.encoding=utf8 -XX:+UseParallelGC -XX:GCTimeRatio=4 -XX:AdaptiveSizePolicyWeight=90 -Dsun.zip.disableMemoryMapping=true -Xmx2G -Xms100m -Xlog:disable -javaagent:c:\Users\Edilson\.vscode\extensions\redhat.java-1.54.0-win32-x64\lombok\lombok-1.18.39-4050.jar -XX:+HeapDumpOnOutOfMemoryError -XX:HeapDumpPath=c:\Users\Edilson\AppData\Roaming\Code\User\workspaceStorage\dab9e1ddd80aa768b0c7098ba6730558\redhat.java -Daether.dependencyCollector.impl=bf 
java_command: c:\Users\Edilson\.vscode\extensions\redhat.java-1.54.0-win32-x64\server\plugins\org.eclipse.equinox.launcher_1.7.100.v20251111-0406.jar -configuration c:\Users\Edilson\AppData\Roaming\Code\User\globalStorage\redhat.java\1.54.0\config_win -data c:\Users\Edilson\AppData\Roaming\Code\User\workspaceStorage\dab9e1ddd80aa768b0c7098ba6730558\redhat.java\jdt_ws --pipe=\\.\pipe\lsp-70e004ff0b91c7351ba3774af1fd2050-sock
java_class_path (initial): c:\Users\Edilson\.vscode\extensions\redhat.java-1.54.0-win32-x64\server\plugins\org.eclipse.equinox.launcher_1.7.100.v20251111-0406.jar
Launcher Type: SUN_STANDARD

[Global flags]
    uintx AdaptiveSizePolicyWeight                 = 90                                        {product} {command line}
     intx CICompilerCount                          = 12                                        {product} {ergonomic}
    uintx GCTimeRatio                              = 4                                         {product} {command line}
     bool HeapDumpOnOutOfMemoryError               = true                                   {manageable} {command line}
    ccstr HeapDumpPath                             = c:\Users\Edilson\AppData\Roaming\Code\User\workspaceStorage\dab9e1ddd80aa768b0c7098ba6730558\redhat.java         {manageable} {command line}
   size_t InitialHeapSize                          = 104857600                                 {product} {command line}
   size_t MaxHeapSize                              = 2147483648                                {product} {command line}
   size_t MaxNewSize                               = 715653120                                 {product} {ergonomic}
   size_t MinHeapDeltaBytes                        = 524288                                    {product} {ergonomic}
   size_t MinHeapSize                              = 104857600                                 {product} {command line}
   size_t NewSize                                  = 34603008                                  {product} {ergonomic}
    uintx NonNMethodCodeHeapSize                   = 7602480                                {pd product} {ergonomic}
    uintx NonProfiledCodeHeapSize                  = 122027880                              {pd product} {ergonomic}
   size_t OldSize                                  = 70254592                                  {product} {ergonomic}
    uintx ProfiledCodeHeapSize                     = 122027880                              {pd product} {ergonomic}
    uintx ReservedCodeCacheSize                    = 251658240                              {pd product} {ergonomic}
     bool SegmentedCodeCache                       = true                                      {product} {ergonomic}
   size_t SoftMaxHeapSize                          = 2147483648                             {manageable} {ergonomic}
     bool UseCompressedOops                        = true                           {product lp64_product} {ergonomic}
     bool UseLargePagesIndividualAllocation        = false                                  {pd product} {ergonomic}
     bool UseParallelGC                            = true                                      {product} {command line}

Logging:
Log output configuration:
 #0: stdout all=off uptime,level,tags foldmultilines=false
 #1: stderr all=off uptime,level,tags foldmultilines=false

Release file:
JAVA_VERSION="21.0.10" 
MODULES="java.base java.compiler java.datatransfer java.xml java.prefs java.desktop java.instrument java.logging java.management java.security.sasl java.naming java.rmi java.management.rmi java.net.http java.scripting java.security.jgss java.transaction.xa java.sql java.sql.rowset java.xml.crypto java.se java.smartcardio jdk.accessibility jdk.internal.jvmstat jdk.attach jdk.charsets jdk.internal.opt jdk.zipfs jdk.compiler jdk.crypto.ec jdk.crypto.cryptoki jdk.crypto.mscapi jdk.dynalink jdk.internal.ed jdk.editpad jdk.hotspot.agent jdk.httpserver jdk.internal.le jdk.internal.vm.ci jdk.internal.vm.compiler jdk.internal.vm.compiler.management jdk.jartool jdk.javadoc jdk.jcmd jdk.management jdk.management.agent jdk.jconsole jdk.jdeps jdk.jdwp.agent jdk.jdi jdk.jfr jdk.jshell jdk.jsobject jdk.jstatd jdk.localedata jdk.management.jfr jdk.naming.dns jdk.naming.rmi jdk.net jdk.nio.mapmode jdk.random jdk.sctp jdk.security.auth jdk.security.jgss jdk.unsupported jdk.unsupported.desktop jdk.xml.dom" 

Environment Variables:
JAVA_HOME=C:\Program Files\Java\jdk-21
PATH=C:\WINDOWS\system32;C:\WINDOWS;C:\WINDOWS\System32\Wbem;C:\WINDOWS\System32\WindowsPowerShell\v1.0\;C:\WINDOWS\System32\OpenSSH\;C:\Program Files\Git\cmd;C:\Program Files\Java\jdk-21\bin;C:\Program Files\nodejs;C:\Program Files\Docker\Docker\resources\bin;C:\apache-maven-3.9.12\bin;C:\Program Files\Amazon\AWSCLIV2\;C:\Program Files\MySQL\MySQL Shell 8.0\bin\;C:\Users\Edilson\AppData\Local\Microsoft\WindowsApps;C:\Users\Edilson\AppData\Local\Programs\Microsoft VS Code\bin;C:\Users\Edilson\AppData\Roaming\npm
USERNAME=Edilson
OS=Windows_NT
PROCESSOR_IDENTIFIER=AMD64 Family 25 Model 80 Stepping 0, AuthenticAMD
TMP=C:\Users\Edilson\AppData\Local\Temp
TEMP=C:\Users\Edilson\AppData\Local\Temp




Periodic native trim disabled

---------------  S Y S T E M  ---------------

OS:
 Windows 11 , 64 bit Build 26100 (10.0.26100.8521)
OS uptime: 2 days 1:19 hours
Hyper-V role detected

CPU: total 16 (initial active 16) (16 cores per cpu, 2 threads per core) family 25 model 80 stepping 0 microcode 0xa50000d, cx8, cmov, fxsr, ht, mmx, 3dnowpref, sse, sse2, sse3, ssse3, sse4a, sse4.1, sse4.2, popcnt, lzcnt, tsc, tscinvbit, avx, avx2, aes, erms, clmul, bmi1, bmi2, adx, sha, fma, vzeroupper, clflush, clflushopt, hv, rdtscp, rdpid, fsrm, f16c, cet_ss
Processor Information for the first 16 processors :
  Max Mhz: 3201, Current Mhz: 3201, Mhz Limit: 3201

Memory: 4k page, system-wide physical 5996M (595M free)
TotalPageFile size 29996M (AvailPageFile size 3M)
current process WorkingSet (physical memory assigned to process): 248M, peak: 463M
current process commit charge ("private bytes"): 1043M, peak: 1060M

vm_info: OpenJDK 64-Bit Server VM (21.0.10+7-LTS) for windows-amd64 JRE (21.0.10+7-LTS), built on 2026-01-20T00:00:00Z by "admin" with MS VC++ 17.12 (VS2022)

END.
