#
# There is insufficient memory for the Java Runtime Environment to continue.
# Native memory allocation (malloc) failed to allocate 1048576 bytes. Error detail: AllocateHeap
# Possible reasons:
#   The system is out of physical RAM or swap space
#   This process is running with CompressedOops enabled, and the Java Heap may be blocking the growth of the native heap
# Possible solutions:
#   Reduce memory load on the system
#   Increase physical memory or swap space
#   Check if swap backing store is full
#   Decrease Java heap size (-Xmx/-Xms)
#   Decrease number of Java threads
#   Decrease Java thread stack sizes (-Xss)
#   Set larger code cache with -XX:ReservedCodeCacheSize=
#   JVM is running with Unscaled Compressed Oops mode in which the Java heap is
#     placed in the first 4GB address space. The Java Heap base address is the
#     maximum limit for the native heap growth. Please use -XX:HeapBaseMinAddress
#     to set the Java Heap base and to place the Java Heap above 4GB virtual address.
# This output file may be truncated or incomplete.
#
#  Out of Memory Error (allocation.cpp:44), pid=11220, tid=34628
#
# JRE version: OpenJDK Runtime Environment Temurin-21.0.10+7 (21.0.10+7) (build 21.0.10+7-LTS)
# Java VM: OpenJDK 64-Bit Server VM Temurin-21.0.10+7 (21.0.10+7-LTS, mixed mode, sharing, tiered, compressed oops, compressed class ptrs, parallel gc, windows-amd64)
# No core dump will be written. Minidumps are not enabled by default on client versions of Windows
#

---------------  S U M M A R Y ------------

Command Line: --add-modules=ALL-SYSTEM --add-opens=java.base/java.util=ALL-UNNAMED --add-opens=java.base/java.lang=ALL-UNNAMED --add-opens=java.base/sun.nio.fs=ALL-UNNAMED -Declipse.application=org.eclipse.jdt.ls.core.id1 -Dosgi.bundles.defaultStartLevel=4 -Declipse.product=org.eclipse.jdt.ls.core.product -Djava.import.generatesMetadataFilesAtProjectRoot=false -DDetectVMInstallationsJob.disabled=true -Dfile.encoding=utf8 -XX:+UseParallelGC -XX:GCTimeRatio=4 -XX:AdaptiveSizePolicyWeight=90 -Dsun.zip.disableMemoryMapping=true -Xmx2G -Xms100m -Xlog:disable -javaagent:c:\Users\Edilson\.vscode\extensions\redhat.java-1.54.0-win32-x64\lombok\lombok-1.18.39-4050.jar -XX:+HeapDumpOnOutOfMemoryError -XX:HeapDumpPath=c:\Users\Edilson\AppData\Roaming\Code\User\workspaceStorage\dab9e1ddd80aa768b0c7098ba6730558\redhat.java -Daether.dependencyCollector.impl=bf c:\Users\Edilson\.vscode\extensions\redhat.java-1.54.0-win32-x64\server\plugins\org.eclipse.equinox.launcher_1.7.100.v20251111-0406.jar -configuration c:\Users\Edilson\AppData\Roaming\Code\User\globalStorage\redhat.java\1.54.0\config_win -data c:\Users\Edilson\AppData\Roaming\Code\User\workspaceStorage\dab9e1ddd80aa768b0c7098ba6730558\redhat.java\jdt_ws --pipe=\\.\pipe\lsp-da6b9a2eaabc821c32d49d6cd3c1d14d-sock

Host: AMD Ryzen 7 5800H with Radeon Graphics         , 16 cores, 5G,  Windows 11 , 64 bit Build 26100 (10.0.26100.8521)
Time: Wed Jun 17 19:15:41 2026 Hora oficial do Brasil elapsed time: 20422.686267 seconds (0d 5h 40m 22s)

---------------  T H R E A D  ---------------

Current thread (0x00000160569988a0):  JavaThread "Attach Listener" daemon [_thread_in_vm, id=34628, stack(0x0000003bb8200000,0x0000003bb8300000) (1024K)]

Stack: [0x0000003bb8200000,0x0000003bb8300000]
Native frames: (J=compiled Java code, j=interpreted, Vv=VM code, C=native code)
V  [jvm.dll+0x6d7a39]
V  [jvm.dll+0x8b4b26]
V  [jvm.dll+0x8b70de]
V  [jvm.dll+0x8b77c3]
V  [jvm.dll+0x284346]
V  [jvm.dll+0xc1277]
V  [jvm.dll+0x6d82e9]
V  [jvm.dll+0x1334a6]
V  [jvm.dll+0x3f857e]
V  [jvm.dll+0x85f59d]
V  [jvm.dll+0x6d626d]
C  [ucrtbase.dll+0x2cd30]
C  [KERNEL32.DLL+0x2e957]
C  [ntdll.dll+0x87c1c]


---------------  P R O C E S S  ---------------

Threads class SMR info:
_java_thread_list=0x0000016077622170, length=49, elements={
0x00000160568f0710, 0x0000016056990f90, 0x0000016056993200, 0x00000160569979c0,
0x00000160569988a0, 0x000001605699c870, 0x00000160569a0840, 0x000001606e67d010,
0x000001606e69efa0, 0x000001606e953fd0, 0x000001606e9df340, 0x00000160749af830,
0x0000016074a824b0, 0x00000160749d66d0, 0x00000160749d7520, 0x0000016074cf1210,
0x0000016075322070, 0x0000016074fc7630, 0x0000016074fc8350, 0x0000016074fc9700,
0x0000016074fc9070, 0x0000016074fc6280, 0x0000016075a949e0, 0x0000016075a94350,
0x0000016075a93cc0, 0x0000016075a91560, 0x0000016075a93630, 0x0000016075a95070,
0x0000016075a92910, 0x0000016075a91bf0, 0x0000016075a95700, 0x0000016075a92fa0,
0x0000016075a92280, 0x0000016075a96ab0, 0x0000016075a97140, 0x0000016075a95d90,
0x0000016075a96420, 0x0000016075a977d0, 0x0000016075a97e60, 0x0000016075a984f0,
0x0000016075a98b80, 0x00000160764927b0, 0x00000160775a35e0, 0x00000160775a4300,
0x00000160775a56b0, 0x00000160775a4990, 0x00000160775a3c70, 0x00000160775a5020,
0x00000160775a6a60
}

Java Threads: ( => current thread )
  0x00000160568f0710 JavaThread "main"                              [_thread_blocked, id=23640, stack(0x0000003bb7b00000,0x0000003bb7c00000) (1024K)]
  0x0000016056990f90 JavaThread "Reference Handler"          daemon [_thread_blocked, id=23188, stack(0x0000003bb7f00000,0x0000003bb8000000) (1024K)]
  0x0000016056993200 JavaThread "Finalizer"                  daemon [_thread_blocked, id=20468, stack(0x0000003bb8000000,0x0000003bb8100000) (1024K)]
  0x00000160569979c0 JavaThread "Signal Dispatcher"          daemon [_thread_blocked, id=36620, stack(0x0000003bb8100000,0x0000003bb8200000) (1024K)]
=>0x00000160569988a0 JavaThread "Attach Listener"            daemon [_thread_in_vm, id=34628, stack(0x0000003bb8200000,0x0000003bb8300000) (1024K)]
  0x000001605699c870 JavaThread "Service Thread"             daemon [_thread_blocked, id=5560, stack(0x0000003bb8300000,0x0000003bb8400000) (1024K)]
  0x00000160569a0840 JavaThread "Monitor Deflation Thread"   daemon [_thread_blocked, id=38928, stack(0x0000003bb8400000,0x0000003bb8500000) (1024K)]
  0x000001606e67d010 JavaThread "C2 CompilerThread0"         daemon [_thread_blocked, id=37396, stack(0x0000003bb8500000,0x0000003bb8600000) (1024K)]
  0x000001606e69efa0 JavaThread "C1 CompilerThread0"         daemon [_thread_blocked, id=2228, stack(0x0000003bb8600000,0x0000003bb8700000) (1024K)]
  0x000001606e953fd0 JavaThread "Common-Cleaner"             daemon [_thread_blocked, id=34316, stack(0x0000003bb8a00000,0x0000003bb8b00000) (1024K)]
  0x000001606e9df340 JavaThread "Notification Thread"        daemon [_thread_blocked, id=30564, stack(0x0000003bb8c00000,0x0000003bb8d00000) (1024K)]
  0x00000160749af830 JavaThread "Active Thread: Equinox Container: 12325a06-8fef-49a1-8d4a-6947acd95423"        [_thread_blocked, id=38684, stack(0x0000003bb9300000,0x0000003bb9400000) (1024K)]
  0x0000016074a824b0 JavaThread "Refresh Thread: Equinox Container: 12325a06-8fef-49a1-8d4a-6947acd95423" daemon [_thread_blocked, id=38388, stack(0x0000003bb9500000,0x0000003bb9600000) (1024K)]
  0x00000160749d66d0 JavaThread "Framework Event Dispatcher: Equinox Container: 12325a06-8fef-49a1-8d4a-6947acd95423" daemon [_thread_blocked, id=14984, stack(0x0000003bb9600000,0x0000003bb9700000) (1024K)]
  0x00000160749d7520 JavaThread "Start Level: Equinox Container: 12325a06-8fef-49a1-8d4a-6947acd95423" daemon [_thread_blocked, id=33428, stack(0x0000003bb9700000,0x0000003bb9800000) (1024K)]
  0x0000016074cf1210 JavaThread "Bundle File Closer"         daemon [_thread_blocked, id=5900, stack(0x0000003bb9b00000,0x0000003bb9c00000) (1024K)]
  0x0000016075322070 JavaThread "SCR Component Actor"        daemon [_thread_blocked, id=31960, stack(0x0000003bb8800000,0x0000003bb8900000) (1024K)]
  0x0000016074fc7630 JavaThread "Worker-JM"                         [_thread_blocked, id=35632, stack(0x0000003bb8900000,0x0000003bb8a00000) (1024K)]
  0x0000016074fc8350 JavaThread "JNA Cleaner"                daemon [_thread_blocked, id=16968, stack(0x0000003bb9e00000,0x0000003bb9f00000) (1024K)]
  0x0000016074fc9700 JavaThread "Worker-0"                          [_thread_blocked, id=7832, stack(0x0000003bb9f00000,0x0000003bba000000) (1024K)]
  0x0000016074fc9070 JavaThread "Java indexing"              daemon [_thread_blocked, id=22648, stack(0x0000003bba300000,0x0000003bba400000) (1024K)]
  0x0000016074fc6280 JavaThread "Worker-2"                          [_thread_blocked, id=35508, stack(0x0000003bba600000,0x0000003bba700000) (1024K)]
  0x0000016075a949e0 JavaThread "Thread-1"                   daemon [_thread_in_native, id=7112, stack(0x0000003bba800000,0x0000003bba900000) (1024K)]
  0x0000016075a94350 JavaThread "Thread-2"                   daemon [_thread_in_native, id=21584, stack(0x0000003bba900000,0x0000003bbaa00000) (1024K)]
  0x0000016075a93cc0 JavaThread "Thread-3"                   daemon [_thread_in_native, id=23792, stack(0x0000003bbaa00000,0x0000003bbab00000) (1024K)]
  0x0000016075a91560 JavaThread "Thread-4"                   daemon [_thread_in_native, id=32532, stack(0x0000003bbab00000,0x0000003bbac00000) (1024K)]
  0x0000016075a93630 JavaThread "Thread-5"                   daemon [_thread_in_native, id=15920, stack(0x0000003bbac00000,0x0000003bbad00000) (1024K)]
  0x0000016075a95070 JavaThread "Thread-6"                   daemon [_thread_in_native, id=2804, stack(0x0000003bbad00000,0x0000003bbae00000) (1024K)]
  0x0000016075a92910 JavaThread "Thread-7"                   daemon [_thread_in_native, id=37760, stack(0x0000003bbae00000,0x0000003bbaf00000) (1024K)]
  0x0000016075a91bf0 JavaThread "Thread-8"                   daemon [_thread_in_native, id=6420, stack(0x0000003bbaf00000,0x0000003bbb000000) (1024K)]
  0x0000016075a95700 JavaThread "Thread-9"                   daemon [_thread_in_native, id=34244, stack(0x0000003bbb000000,0x0000003bbb100000) (1024K)]
  0x0000016075a92fa0 JavaThread "Thread-10"                  daemon [_thread_in_native, id=7016, stack(0x0000003bbb100000,0x0000003bbb200000) (1024K)]
  0x0000016075a92280 JavaThread "Thread-11"                  daemon [_thread_in_native, id=19016, stack(0x0000003bbb200000,0x0000003bbb300000) (1024K)]
  0x0000016075a96ab0 JavaThread "Thread-12"                  daemon [_thread_in_native, id=38360, stack(0x0000003bbb300000,0x0000003bbb400000) (1024K)]
  0x0000016075a97140 JavaThread "Thread-13"                  daemon [_thread_in_native, id=20268, stack(0x0000003bbb400000,0x0000003bbb500000) (1024K)]
  0x0000016075a95d90 JavaThread "Thread-14"                  daemon [_thread_in_native, id=30012, stack(0x0000003bbb500000,0x0000003bbb600000) (1024K)]
  0x0000016075a96420 JavaThread "Thread-15"                  daemon [_thread_in_native, id=14020, stack(0x0000003bbb600000,0x0000003bbb700000) (1024K)]
  0x0000016075a977d0 JavaThread "Thread-16"                  daemon [_thread_in_native, id=33956, stack(0x0000003bbb700000,0x0000003bbb800000) (1024K)]
  0x0000016075a97e60 JavaThread "Thread-17"                  daemon [_thread_in_native, id=23668, stack(0x0000003bbb800000,0x0000003bbb900000) (1024K)]
  0x0000016075a984f0 JavaThread "pool-2-thread-1"                   [_thread_blocked, id=12880, stack(0x0000003bbb900000,0x0000003bbba00000) (1024K)]
  0x0000016075a98b80 JavaThread "WorkspaceEventsHandler"            [_thread_blocked, id=38692, stack(0x0000003bbba00000,0x0000003bbbb00000) (1024K)]
  0x00000160764927b0 JavaThread "pool-1-thread-1"                   [_thread_blocked, id=13388, stack(0x0000003bbbb00000,0x0000003bbbc00000) (1024K)]
  0x00000160775a35e0 JavaThread "Java Debug Server"          daemon [_thread_in_native, id=6756, stack(0x0000003bbcc00000,0x0000003bbcd00000) (1024K)]
  0x00000160775a4300 JavaThread "pool-4-thread-1"                   [_thread_in_native, id=34580, stack(0x0000003bbcd00000,0x0000003bbce00000) (1024K)]
  0x00000160775a56b0 JavaThread "Cleaner-0"                  daemon [_thread_blocked, id=35528, stack(0x0000003bbce00000,0x0000003bbcf00000) (1024K)]
  0x00000160775a4990 JavaThread "RxSchedulerPurge-1"         daemon [_thread_blocked, id=19752, stack(0x0000003bbcf00000,0x0000003bbd000000) (1024K)]
  0x00000160775a3c70 JavaThread "RxCachedWorkerPoolEvictor-1" daemon [_thread_blocked, id=35904, stack(0x0000003bbd000000,0x0000003bbd100000) (1024K)]
  0x00000160775a5020 JavaThread "RxNewThreadScheduler-1"     daemon [_thread_blocked, id=30716, stack(0x0000003bbd100000,0x0000003bbd200000) (1024K)]
  0x00000160775a6a60 JavaThread "process reaper (pid 14628)" daemon [_thread_in_native, id=37088, stack(0x0000003bb7530000,0x0000003bb7550000) (128K)]
Total: 49

Other Threads:
  0x000001606e674ba0 VMThread "VM Thread"                           [id=25120, stack(0x0000003bb7e00000,0x0000003bb7f00000) (1024K)]
  0x000001605677ca00 WatcherThread "VM Periodic Task Thread"        [id=37028, stack(0x0000003bb7d00000,0x0000003bb7e00000) (1024K)]
  0x000001605690ee80 WorkerThread "GC Thread#0"                     [id=26520, stack(0x0000003bb7c00000,0x0000003bb7d00000) (1024K)]
  0x00000160748244f0 WorkerThread "GC Thread#1"                     [id=25964, stack(0x0000003bb8d00000,0x0000003bb8e00000) (1024K)]
  0x0000016074824ab0 WorkerThread "GC Thread#2"                     [id=32080, stack(0x0000003bb8e00000,0x0000003bb8f00000) (1024K)]
  0x0000016074824e60 WorkerThread "GC Thread#3"                     [id=34044, stack(0x0000003bb8f00000,0x0000003bb9000000) (1024K)]
  0x000001607439c8b0 WorkerThread "GC Thread#4"                     [id=35192, stack(0x0000003bb9000000,0x0000003bb9100000) (1024K)]
  0x000001607439d060 WorkerThread "GC Thread#5"                     [id=39768, stack(0x0000003bb9100000,0x0000003bb9200000) (1024K)]
  0x0000016074674120 WorkerThread "GC Thread#6"                     [id=37812, stack(0x0000003bb9200000,0x0000003bb9300000) (1024K)]
  0x000001607480cea0 WorkerThread "GC Thread#7"                     [id=22748, stack(0x0000003bb9400000,0x0000003bb9500000) (1024K)]
  0x000001607480d250 WorkerThread "GC Thread#8"                     [id=30536, stack(0x0000003bb9800000,0x0000003bb9900000) (1024K)]
  0x000001607502aba0 WorkerThread "GC Thread#9"                     [id=18376, stack(0x0000003bb9900000,0x0000003bb9a00000) (1024K)]
  0x000001607502d7e0 WorkerThread "GC Thread#10"                    [id=30748, stack(0x0000003bb9a00000,0x0000003bb9b00000) (1024K)]
  0x000001607502db90 WorkerThread "GC Thread#11"                    [id=27052, stack(0x0000003bb9c00000,0x0000003bb9d00000) (1024K)]
  0x000001607502be10 WorkerThread "GC Thread#12"                    [id=28624, stack(0x0000003bb9d00000,0x0000003bb9e00000) (1024K)]
Total: 15

Threads with active compile tasks:
Total: 0

VM state: not at safepoint (normal execution)

VM Mutex/Monitor currently owned by a thread: None

Heap address: 0x0000000080000000, size: 2048 MB, Compressed Oops mode: 32-bit

CDS archive(s) mapped at: [0x0000016000000000-0x0000016000ba0000-0x0000016000ba0000), size 12189696, SharedBaseAddress: 0x0000016000000000, ArchiveRelocationMode: 1.
Compressed class space mapped at: 0x0000016001000000-0x0000016041000000, reserved size: 1073741824
Narrow klass base: 0x0000016000000000, Narrow klass shift: 0, Narrow klass range: 0x100000000

GC Precious Log:
 CardTable entry size: 512
 CPUs: 16 total, 16 available
 Memory: 5996M
 Large Page Support: Disabled
 NUMA Support: Disabled
 Compressed Oops: Enabled (32-bit)
 Alignments: Space 512K, Generation 512K, Heap 2M
 Heap Min Capacity: 100M
 Heap Initial Capacity: 100M
 Heap Max Capacity: 2G
 Pre-touch: Disabled
 Parallel Workers: 13

Heap:
 PSYoungGen      total 16896K, used 5969K [0x00000000d5580000, 0x00000000d6800000, 0x0000000100000000)
  eden space 15872K, 31% used [0x00000000d5580000,0x00000000d5a647b0,0x00000000d6500000)
  from space 1024K, 93% used [0x00000000d6500000,0x00000000d65f0000,0x00000000d6600000)
  to   space 1536K, 0% used [0x00000000d6680000,0x00000000d6680000,0x00000000d6800000)
 ParOldGen       total 95232K, used 94875K [0x0000000080000000, 0x0000000085d00000, 0x00000000d5580000)
  object space 95232K, 99% used [0x0000000080000000,0x0000000085ca6d90,0x0000000085d00000)
 Metaspace       used 70873K, committed 72512K, reserved 1114112K
  class space    used 7605K, committed 8320K, reserved 1048576K

Card table byte_map: [0x0000016056290000,0x00000160566a0000] _byte_map_base: 0x0000016055e90000

Marking Bits: (ParMarkBitMap*) 0x00007ff95c0c3450
 Begin Bits: [0x0000016068da0000, 0x000001606ada0000)
 End Bits:   [0x000001606ada0000, 0x000001606cda0000)

Polling page: 0x0000016054730000

Metaspace:

Usage:
  Non-class:     61.79 MB used.
      Class:      7.43 MB used.
       Both:     69.21 MB used.

Virtual space:
  Non-class space:       64.00 MB reserved,      62.69 MB ( 98%) committed,  1 nodes.
      Class space:        1.00 GB reserved,       8.12 MB ( <1%) committed,  1 nodes.
             Both:        1.06 GB reserved,      70.81 MB (  7%) committed. 

Chunk freelists:
   Non-Class:  960.00 KB
       Class:  7.88 MB
        Both:  8.82 MB

MaxMetaspaceSize: unlimited
CompressedClassSpaceSize: 1.00 GB
Initial GC threshold: 21.00 MB
Current GC threshold: 97.31 MB
CDS: on
 - commit_granule_bytes: 65536.
 - commit_granule_words: 8192.
 - virtual_space_node_default_size: 8388608.
 - enlarge_chunks_in_place: 1.
 - use_allocation_guard: 0.


Internal statistics:

num_allocs_failed_limit: 9.
num_arena_births: 1284.
num_arena_deaths: 22.
num_vsnodes_births: 2.
num_vsnodes_deaths: 0.
num_space_committed: 1133.
num_space_uncommitted: 0.
num_chunks_returned_to_freelist: 33.
num_chunks_taken_from_freelist: 4615.
num_chunk_merges: 19.
num_chunk_splits: 2869.
num_chunks_enlarged: 1621.
num_inconsistent_stats: 0.

CodeHeap 'non-profiled nmethods': size=119168Kb used=6031Kb max_used=6031Kb free=113136Kb
 bounds [0x0000016061690000, 0x0000016061c80000, 0x0000016068af0000]
CodeHeap 'profiled nmethods': size=119104Kb used=23868Kb max_used=23868Kb free=95235Kb
 bounds [0x0000016059af0000, 0x000001605b240000, 0x0000016060f40000]
CodeHeap 'non-nmethods': size=7488Kb used=1462Kb max_used=3207Kb free=6026Kb
 bounds [0x0000016060f40000, 0x00000160612b0000, 0x0000016061690000]
CodeCache: size=245760Kb, used=31361Kb, max_used=33106Kb, free=214397Kb
 total_blobs=11792, nmethods=11007, adapters=690, full_count=0
Compilation: enabled, stopped_count=0, restarted_count=0

Compilation events (20 events):
Event: 19411.771 Thread 0x000001606e67d010 nmethod 11770 0x0000016061c71090 code [0x0000016061c712e0, 0x0000016061c71ac8]
Event: 19411.796 Thread 0x000001606e67d010 11771       4       java.util.concurrent.ConcurrentHashMap::keySet (26 bytes)
Event: 19411.805 Thread 0x000001606e67d010 nmethod 11771 0x0000016061c72290 code [0x0000016061c72420, 0x0000016061c724d0]
Event: 19411.809 Thread 0x000001607741cfd0 nmethod 11767 0x0000016061c72590 code [0x0000016061c72840, 0x0000016061c73370]
Event: 19467.526 Thread 0x000001606e69efa0 11773       3       java.lang.ProcessHandleImpl::<init> (15 bytes)
Event: 19467.539 Thread 0x000001606e69efa0 nmethod 11773 0x000001605b23a210 code [0x000001605b23a3c0, 0x000001605b23a530]
Event: 19487.573 Thread 0x000001606e69efa0 11774       3       org.eclipse.jdt.ls.core.internal.ParentProcessWatcher::run (83 bytes)
Event: 19487.684 Thread 0x000001606e69efa0 nmethod 11774 0x000001605b23a610 code [0x000001605b23a8a0, 0x000001605b23b330]
Event: 19507.865 Thread 0x000001606e69efa0 11777       3       java.lang.ProcessHandle::of (5 bytes)
Event: 19507.898 Thread 0x000001606e69efa0 nmethod 11777 0x000001605b23b690 code [0x000001605b23b840, 0x000001605b23b958]
Event: 19507.899 Thread 0x000001606e69efa0 11778       3       java.lang.ProcessHandleImpl::isAlive (44 bytes)
Event: 19507.900 Thread 0x000001606e69efa0 nmethod 11778 0x000001605b23ba10 code [0x000001605b23bbc0, 0x000001605b23be20]
Event: 20346.294 Thread 0x000001606e69efa0 11779       3       org.eclipse.core.runtime.jobs.Job::getJobGroup (5 bytes)
Event: 20346.303 Thread 0x000001606e69efa0 nmethod 11779 0x000001605b23bf10 code [0x000001605b23c0a0, 0x000001605b23c1c0]
Event: 20377.368 Thread 0x000001606e69efa0 11780       3       java.util.concurrent.locks.AbstractQueuedSynchronizer$ConditionObject::await (202 bytes)
Event: 20377.402 Thread 0x000001606e69efa0 nmethod 11780 0x000001605b23c290 code [0x000001605b23c580, 0x000001605b23d3b0]
Event: 20405.086 Thread 0x000001606e69efa0 11781   !   3       java.lang.ref.ReferenceQueue::remove (61 bytes)
Event: 20405.126 Thread 0x000001606e69efa0 nmethod 11781 0x000001605b23d990 code [0x000001605b23dc20, 0x000001605b23e7a8]
Event: 20405.126 Thread 0x000001606e69efa0 11782       3       java.lang.ref.ReferenceQueue::remove0 (64 bytes)
Event: 20405.129 Thread 0x000001606e69efa0 nmethod 11782 0x000001605b23eb90 code [0x000001605b23eda0, 0x000001605b23f220]

GC Heap History (20 events):
Event: 10.855 GC heap before
{Heap before GC invocations=143 (full 3):
 PSYoungGen      total 16896K, used 16880K [0x00000000d5580000, 0x00000000d6880000, 0x0000000100000000)
  eden space 16384K, 100% used [0x00000000d5580000,0x00000000d6580000,0x00000000d6580000)
  from space 512K, 96% used [0x00000000d6600000,0x00000000d667c010,0x00000000d6680000)
  to   space 1536K, 0% used [0x00000000d6700000,0x00000000d6700000,0x00000000d6880000)
 ParOldGen       total 87552K, used 87242K [0x0000000080000000, 0x0000000085580000, 0x00000000d5580000)
  object space 87552K, 99% used [0x0000000080000000,0x0000000085532b28,0x0000000085580000)
 Metaspace       used 61469K, committed 62976K, reserved 1114112K
  class space    used 6514K, committed 7168K, reserved 1048576K
}
Event: 10.857 GC heap after
{Heap after GC invocations=143 (full 3):
 PSYoungGen      total 17408K, used 1446K [0x00000000d5580000, 0x00000000d6980000, 0x0000000100000000)
  eden space 15872K, 0% used [0x00000000d5580000,0x00000000d5580000,0x00000000d6500000)
  from space 1536K, 94% used [0x00000000d6700000,0x00000000d6869878,0x00000000d6880000)
  to   space 2048K, 0% used [0x00000000d6500000,0x00000000d6500000,0x00000000d6700000)
 ParOldGen       total 88064K, used 87610K [0x0000000080000000, 0x0000000085600000, 0x00000000d5580000)
  object space 88064K, 99% used [0x0000000080000000,0x000000008558eb38,0x0000000085600000)
 Metaspace       used 61469K, committed 62976K, reserved 1114112K
  class space    used 6514K, committed 7168K, reserved 1048576K
}
Event: 10.924 GC heap before
{Heap before GC invocations=144 (full 3):
 PSYoungGen      total 17408K, used 17313K [0x00000000d5580000, 0x00000000d6980000, 0x0000000100000000)
  eden space 15872K, 99% used [0x00000000d5580000,0x00000000d64fecd0,0x00000000d6500000)
  from space 1536K, 94% used [0x00000000d6700000,0x00000000d6869878,0x00000000d6880000)
  to   space 2048K, 0% used [0x00000000d6500000,0x00000000d6500000,0x00000000d6700000)
 ParOldGen       total 88064K, used 87610K [0x0000000080000000, 0x0000000085600000, 0x00000000d5580000)
  object space 88064K, 99% used [0x0000000080000000,0x000000008558eb38,0x0000000085600000)
 Metaspace       used 62413K, committed 63872K, reserved 1114112K
  class space    used 6652K, committed 7296K, reserved 1048576K
}
Event: 10.926 GC heap after
{Heap after GC invocations=144 (full 3):
 PSYoungGen      total 17920K, used 2028K [0x00000000d5580000, 0x00000000d6d00000, 0x0000000100000000)
  eden space 15872K, 0% used [0x00000000d5580000,0x00000000d5580000,0x00000000d6500000)
  from space 2048K, 99% used [0x00000000d6500000,0x00000000d66fb2e8,0x00000000d6700000)
  to   space 4096K, 0% used [0x00000000d6900000,0x00000000d6900000,0x00000000d6d00000)
 ParOldGen       total 89088K, used 89008K [0x0000000080000000, 0x0000000085700000, 0x00000000d5580000)
  object space 89088K, 99% used [0x0000000080000000,0x00000000856ec250,0x0000000085700000)
 Metaspace       used 62413K, committed 63872K, reserved 1114112K
  class space    used 6652K, committed 7296K, reserved 1048576K
}
Event: 10.961 GC heap before
{Heap before GC invocations=145 (full 3):
 PSYoungGen      total 17920K, used 17778K [0x00000000d5580000, 0x00000000d6d00000, 0x0000000100000000)
  eden space 15872K, 99% used [0x00000000d5580000,0x00000000d64e1568,0x00000000d6500000)
  from space 2048K, 99% used [0x00000000d6500000,0x00000000d66fb2e8,0x00000000d6700000)
  to   space 4096K, 0% used [0x00000000d6900000,0x00000000d6900000,0x00000000d6d00000)
 ParOldGen       total 89088K, used 89008K [0x0000000080000000, 0x0000000085700000, 0x00000000d5580000)
  object space 89088K, 99% used [0x0000000080000000,0x00000000856ec250,0x0000000085700000)
 Metaspace       used 62634K, committed 64192K, reserved 1114112K
  class space    used 6667K, committed 7360K, reserved 1048576K
}
Event: 10.964 GC heap after
{Heap after GC invocations=145 (full 3):
 PSYoungGen      total 17408K, used 1258K [0x00000000d5580000, 0x00000000d6a80000, 0x0000000100000000)
  eden space 15872K, 0% used [0x00000000d5580000,0x00000000d5580000,0x00000000d6500000)
  from space 1536K, 81% used [0x00000000d6900000,0x00000000d6a3a8d0,0x00000000d6a80000)
  to   space 2048K, 0% used [0x00000000d6680000,0x00000000d6680000,0x00000000d6880000)
 ParOldGen       total 90624K, used 90545K [0x0000000080000000, 0x0000000085880000, 0x00000000d5580000)
  object space 90624K, 99% used [0x0000000080000000,0x000000008586c620,0x0000000085880000)
 Metaspace       used 62634K, committed 64192K, reserved 1114112K
  class space    used 6667K, committed 7360K, reserved 1048576K
}
Event: 10.987 GC heap before
{Heap before GC invocations=146 (full 3):
 PSYoungGen      total 17408K, used 17130K [0x00000000d5580000, 0x00000000d6a80000, 0x0000000100000000)
  eden space 15872K, 100% used [0x00000000d5580000,0x00000000d6500000,0x00000000d6500000)
  from space 1536K, 81% used [0x00000000d6900000,0x00000000d6a3a8d0,0x00000000d6a80000)
  to   space 2048K, 0% used [0x00000000d6680000,0x00000000d6680000,0x00000000d6880000)
 ParOldGen       total 90624K, used 90545K [0x0000000080000000, 0x0000000085880000, 0x00000000d5580000)
  object space 90624K, 99% used [0x0000000080000000,0x000000008586c620,0x0000000085880000)
 Metaspace       used 62671K, committed 64256K, reserved 1114112K
  class space    used 6667K, committed 7360K, reserved 1048576K
}
Event: 10.989 GC heap after
{Heap after GC invocations=146 (full 3):
 PSYoungGen      total 17408K, used 1209K [0x00000000d5580000, 0x00000000d6980000, 0x0000000100000000)
  eden space 15872K, 0% used [0x00000000d5580000,0x00000000d5580000,0x00000000d6500000)
  from space 1536K, 78% used [0x00000000d6680000,0x00000000d67ae730,0x00000000d6800000)
  to   space 1536K, 0% used [0x00000000d6800000,0x00000000d6800000,0x00000000d6980000)
 ParOldGen       total 91136K, used 90742K [0x0000000080000000, 0x0000000085900000, 0x00000000d5580000)
  object space 91136K, 99% used [0x0000000080000000,0x000000008589d820,0x0000000085900000)
 Metaspace       used 62671K, committed 64256K, reserved 1114112K
  class space    used 6667K, committed 7360K, reserved 1048576K
}
Event: 11.056 GC heap before
{Heap before GC invocations=147 (full 3):
 PSYoungGen      total 17408K, used 17081K [0x00000000d5580000, 0x00000000d6980000, 0x0000000100000000)
  eden space 15872K, 100% used [0x00000000d5580000,0x00000000d6500000,0x00000000d6500000)
  from space 1536K, 78% used [0x00000000d6680000,0x00000000d67ae730,0x00000000d6800000)
  to   space 1536K, 0% used [0x00000000d6800000,0x00000000d6800000,0x00000000d6980000)
 ParOldGen       total 91136K, used 90742K [0x0000000080000000, 0x0000000085900000, 0x00000000d5580000)
  object space 91136K, 99% used [0x0000000080000000,0x000000008589d820,0x0000000085900000)
 Metaspace       used 63705K, committed 65280K, reserved 1114112K
  class space    used 6760K, committed 7424K, reserved 1048576K
}
Event: 11.057 GC heap after
{Heap after GC invocations=147 (full 3):
 PSYoungGen      total 16896K, used 722K [0x00000000d5580000, 0x00000000d6900000, 0x0000000100000000)
  eden space 15872K, 0% used [0x00000000d5580000,0x00000000d5580000,0x00000000d6500000)
  from space 1024K, 70% used [0x00000000d6800000,0x00000000d68b4bf8,0x00000000d6900000)
  to   space 1024K, 0% used [0x00000000d6700000,0x00000000d6700000,0x00000000d6800000)
 ParOldGen       total 91648K, used 91230K [0x0000000080000000, 0x0000000085980000, 0x00000000d5580000)
  object space 91648K, 99% used [0x0000000080000000,0x0000000085917830,0x0000000085980000)
 Metaspace       used 63705K, committed 65280K, reserved 1114112K
  class space    used 6760K, committed 7424K, reserved 1048576K
}
Event: 11.158 GC heap before
{Heap before GC invocations=148 (full 3):
 PSYoungGen      total 16896K, used 16594K [0x00000000d5580000, 0x00000000d6900000, 0x0000000100000000)
  eden space 15872K, 100% used [0x00000000d5580000,0x00000000d6500000,0x00000000d6500000)
  from space 1024K, 70% used [0x00000000d6800000,0x00000000d68b4bf8,0x00000000d6900000)
  to   space 1024K, 0% used [0x00000000d6700000,0x00000000d6700000,0x00000000d6800000)
 ParOldGen       total 91648K, used 91230K [0x0000000080000000, 0x0000000085980000, 0x00000000d5580000)
  object space 91648K, 99% used [0x0000000080000000,0x0000000085917830,0x0000000085980000)
 Metaspace       used 64742K, committed 66240K, reserved 1114112K
  class space    used 6858K, committed 7488K, reserved 1048576K
}
Event: 11.159 GC heap after
{Heap after GC invocations=148 (full 3):
 PSYoungGen      total 16896K, used 1000K [0x00000000d5580000, 0x00000000d6900000, 0x0000000100000000)
  eden space 15872K, 0% used [0x00000000d5580000,0x00000000d5580000,0x00000000d6500000)
  from space 1024K, 97% used [0x00000000d6700000,0x00000000d67fa230,0x00000000d6800000)
  to   space 1024K, 0% used [0x00000000d6800000,0x00000000d6800000,0x00000000d6900000)
 ParOldGen       total 92160K, used 91834K [0x0000000080000000, 0x0000000085a00000, 0x00000000d5580000)
  object space 92160K, 99% used [0x0000000080000000,0x00000000859aea60,0x0000000085a00000)
 Metaspace       used 64742K, committed 66240K, reserved 1114112K
  class space    used 6858K, committed 7488K, reserved 1048576K
}
Event: 11.324 GC heap before
{Heap before GC invocations=149 (full 3):
 PSYoungGen      total 16896K, used 16872K [0x00000000d5580000, 0x00000000d6900000, 0x0000000100000000)
  eden space 15872K, 100% used [0x00000000d5580000,0x00000000d6500000,0x00000000d6500000)
  from space 1024K, 97% used [0x00000000d6700000,0x00000000d67fa230,0x00000000d6800000)
  to   space 1024K, 0% used [0x00000000d6800000,0x00000000d6800000,0x00000000d6900000)
 ParOldGen       total 92160K, used 91834K [0x0000000080000000, 0x0000000085a00000, 0x00000000d5580000)
  object space 92160K, 99% used [0x0000000080000000,0x00000000859aea60,0x0000000085a00000)
 Metaspace       used 66981K, committed 68480K, reserved 1114112K
  class space    used 7089K, committed 7744K, reserved 1048576K
}
Event: 11.326 GC heap after
{Heap after GC invocations=149 (full 3):
 PSYoungGen      total 16896K, used 1001K [0x00000000d5580000, 0x00000000d6a00000, 0x0000000100000000)
  eden space 15872K, 0% used [0x00000000d5580000,0x00000000d5580000,0x00000000d6500000)
  from space 1024K, 97% used [0x00000000d6800000,0x00000000d68fa460,0x00000000d6900000)
  to   space 2560K, 0% used [0x00000000d6500000,0x00000000d6500000,0x00000000d6780000)
 ParOldGen       total 93184K, used 93105K [0x0000000080000000, 0x0000000085b00000, 0x00000000d5580000)
  object space 93184K, 99% used [0x0000000080000000,0x0000000085aec7d0,0x0000000085b00000)
 Metaspace       used 66981K, committed 68480K, reserved 1114112K
  class space    used 7089K, committed 7744K, reserved 1048576K
}
Event: 11.385 GC heap before
{Heap before GC invocations=150 (full 3):
 PSYoungGen      total 16896K, used 16873K [0x00000000d5580000, 0x00000000d6a00000, 0x0000000100000000)
  eden space 15872K, 100% used [0x00000000d5580000,0x00000000d6500000,0x00000000d6500000)
  from space 1024K, 97% used [0x00000000d6800000,0x00000000d68fa460,0x00000000d6900000)
  to   space 2560K, 0% used [0x00000000d6500000,0x00000000d6500000,0x00000000d6780000)
 ParOldGen       total 93184K, used 93105K [0x0000000080000000, 0x0000000085b00000, 0x00000000d5580000)
  object space 93184K, 99% used [0x0000000080000000,0x0000000085aec7d0,0x0000000085b00000)
 Metaspace       used 68158K, committed 69632K, reserved 1114112K
  class space    used 7220K, committed 7872K, reserved 1048576K
}
Event: 11.386 GC heap after
{Heap after GC invocations=150 (full 3):
 PSYoungGen      total 16896K, used 592K [0x00000000d5580000, 0x00000000d6880000, 0x0000000100000000)
  eden space 15872K, 0% used [0x00000000d5580000,0x00000000d5580000,0x00000000d6500000)
  from space 1024K, 57% used [0x00000000d6500000,0x00000000d6594010,0x00000000d6600000)
  to   space 1536K, 0% used [0x00000000d6700000,0x00000000d6700000,0x00000000d6880000)
 ParOldGen       total 94208K, used 94075K [0x0000000080000000, 0x0000000085c00000, 0x00000000d5580000)
  object space 94208K, 99% used [0x0000000080000000,0x0000000085bded60,0x0000000085c00000)
 Metaspace       used 68158K, committed 69632K, reserved 1114112K
  class space    used 7220K, committed 7872K, reserved 1048576K
}
Event: 11.475 GC heap before
{Heap before GC invocations=151 (full 3):
 PSYoungGen      total 16896K, used 16464K [0x00000000d5580000, 0x00000000d6880000, 0x0000000100000000)
  eden space 15872K, 100% used [0x00000000d5580000,0x00000000d6500000,0x00000000d6500000)
  from space 1024K, 57% used [0x00000000d6500000,0x00000000d6594010,0x00000000d6600000)
  to   space 1536K, 0% used [0x00000000d6700000,0x00000000d6700000,0x00000000d6880000)
 ParOldGen       total 94208K, used 94075K [0x0000000080000000, 0x0000000085c00000, 0x00000000d5580000)
  object space 94208K, 99% used [0x0000000080000000,0x0000000085bded60,0x0000000085c00000)
 Metaspace       used 69784K, committed 71360K, reserved 1114112K
  class space    used 7497K, committed 8192K, reserved 1048576K
}
Event: 11.476 GC heap after
{Heap after GC invocations=151 (full 3):
 PSYoungGen      total 16896K, used 608K [0x00000000d5580000, 0x00000000d6800000, 0x0000000100000000)
  eden space 15872K, 0% used [0x00000000d5580000,0x00000000d5580000,0x00000000d6500000)
  from space 1024K, 59% used [0x00000000d6700000,0x00000000d6798000,0x00000000d6800000)
  to   space 1024K, 0% used [0x00000000d6500000,0x00000000d6500000,0x00000000d6600000)
 ParOldGen       total 94720K, used 94483K [0x0000000080000000, 0x0000000085c80000, 0x00000000d5580000)
  object space 94720K, 99% used [0x0000000080000000,0x0000000085c44d90,0x0000000085c80000)
 Metaspace       used 69784K, committed 71360K, reserved 1114112K
  class space    used 7497K, committed 8192K, reserved 1048576K
}
Event: 19408.778 GC heap before
{Heap before GC invocations=152 (full 3):
 PSYoungGen      total 16896K, used 16480K [0x00000000d5580000, 0x00000000d6800000, 0x0000000100000000)
  eden space 15872K, 100% used [0x00000000d5580000,0x00000000d6500000,0x00000000d6500000)
  from space 1024K, 59% used [0x00000000d6700000,0x00000000d6798000,0x00000000d6800000)
  to   space 1024K, 0% used [0x00000000d6500000,0x00000000d6500000,0x00000000d6600000)
 ParOldGen       total 94720K, used 94483K [0x0000000080000000, 0x0000000085c80000, 0x00000000d5580000)
  object space 94720K, 99% used [0x0000000080000000,0x0000000085c44d90,0x0000000085c80000)
 Metaspace       used 70866K, committed 72512K, reserved 1114112K
  class space    used 7605K, committed 8320K, reserved 1048576K
}
Event: 19411.145 GC heap after
{Heap after GC invocations=152 (full 3):
 PSYoungGen      total 16896K, used 960K [0x00000000d5580000, 0x00000000d6800000, 0x0000000100000000)
  eden space 15872K, 0% used [0x00000000d5580000,0x00000000d5580000,0x00000000d6500000)
  from space 1024K, 93% used [0x00000000d6500000,0x00000000d65f0000,0x00000000d6600000)
  to   space 1536K, 0% used [0x00000000d6680000,0x00000000d6680000,0x00000000d6800000)
 ParOldGen       total 95232K, used 94875K [0x0000000080000000, 0x0000000085d00000, 0x00000000d5580000)
  object space 95232K, 99% used [0x0000000080000000,0x0000000085ca6d90,0x0000000085d00000)
 Metaspace       used 70866K, committed 72512K, reserved 1114112K
  class space    used 7605K, committed 8320K, reserved 1048576K
}

Dll operation events (11 events):
Event: 0.008 Loaded shared library c:\Users\Edilson\.vscode\extensions\redhat.java-1.54.0-win32-x64\jre\21.0.10-win32-x86_64\bin\java.dll
Event: 0.054 Loaded shared library c:\Users\Edilson\.vscode\extensions\redhat.java-1.54.0-win32-x64\jre\21.0.10-win32-x86_64\bin\zip.dll
Event: 0.070 Loaded shared library C:\Users\Edilson\.vscode\extensions\redhat.java-1.54.0-win32-x64\jre\21.0.10-win32-x86_64\bin\instrument.dll
Event: 0.074 Loaded shared library C:\Users\Edilson\.vscode\extensions\redhat.java-1.54.0-win32-x64\jre\21.0.10-win32-x86_64\bin\net.dll
Event: 0.076 Loaded shared library C:\Users\Edilson\.vscode\extensions\redhat.java-1.54.0-win32-x64\jre\21.0.10-win32-x86_64\bin\nio.dll
Event: 0.078 Loaded shared library C:\Users\Edilson\.vscode\extensions\redhat.java-1.54.0-win32-x64\jre\21.0.10-win32-x86_64\bin\zip.dll
Event: 0.093 Loaded shared library C:\Users\Edilson\.vscode\extensions\redhat.java-1.54.0-win32-x64\jre\21.0.10-win32-x86_64\bin\jimage.dll
Event: 0.148 Loaded shared library c:\Users\Edilson\.vscode\extensions\redhat.java-1.54.0-win32-x64\jre\21.0.10-win32-x86_64\bin\verify.dll
Event: 1.406 Loaded shared library C:\Users\Edilson\AppData\Roaming\Code\User\globalStorage\redhat.java\1.54.0\config_win\org.eclipse.equinox.launcher\org.eclipse.equinox.launcher.win32.win32.x86_64_1.3.0.v20260203-2149\eclipse_11919.dll
Event: 4.493 Loaded shared library C:\Users\Edilson\AppData\Local\Temp\jna--223539152\jna2864108455336340376.dll
Event: 11.268 Loaded shared library C:\Users\Edilson\.vscode\extensions\redhat.java-1.54.0-win32-x64\jre\21.0.10-win32-x86_64\bin\extnet.dll

Deoptimization events (20 events):
Event: 31.280 Thread 0x00000160749af830 Uncommon trap: trap_request=0xffffff45 fr.pc=0x0000016061b2530c relative=0x000000000000092c
Event: 31.280 Thread 0x00000160749af830 Uncommon trap: reason=unstable_if action=reinterpret pc=0x0000016061b2530c method=java.util.ImmutableCollections$AbstractImmutableList.equals(Ljava/lang/Object;)Z @ 2 c2
Event: 31.280 Thread 0x00000160749af830 DEOPT PACKING pc=0x0000016061b2530c sp=0x0000003bb93fe830
Event: 31.280 Thread 0x00000160749af830 DEOPT UNPACKING pc=0x0000016060f93aa2 sp=0x0000003bb93fe7d0 mode 2
Event: 6585.404 Thread 0x00000160775a4990 Uncommon trap: trap_request=0xffffffd6 fr.pc=0x0000016061c6c8c0 relative=0x0000000000000300
Event: 6585.425 Thread 0x00000160775a4990 Uncommon trap: reason=array_check action=maybe_recompile pc=0x0000016061c6c8c0 method=java.util.concurrent.ScheduledThreadPoolExecutor$DelayedWorkQueue.offer(Ljava/lang/Runnable;)Z @ 65 c2
Event: 6585.454 Thread 0x00000160775a4990 DEOPT PACKING pc=0x0000016061c6c8c0 sp=0x0000003bbcfff240
Event: 6585.493 Thread 0x00000160775a4990 DEOPT UNPACKING pc=0x0000016060f93aa2 sp=0x0000003bbcfff0e0 mode 2
Event: 6586.405 Thread 0x00000160775a4990 Uncommon trap: trap_request=0xffffffd6 fr.pc=0x0000016061c6c8c0 relative=0x0000000000000300
Event: 6586.405 Thread 0x00000160775a4990 Uncommon trap: reason=array_check action=maybe_recompile pc=0x0000016061c6c8c0 method=java.util.concurrent.ScheduledThreadPoolExecutor$DelayedWorkQueue.offer(Ljava/lang/Runnable;)Z @ 65 c2
Event: 6586.405 Thread 0x00000160775a4990 DEOPT PACKING pc=0x0000016061c6c8c0 sp=0x0000003bbcfff240
Event: 6586.412 Thread 0x00000160775a4990 DEOPT UNPACKING pc=0x0000016060f93aa2 sp=0x0000003bbcfff0e0 mode 2
Event: 6587.397 Thread 0x00000160775a4990 Uncommon trap: trap_request=0xffffffd6 fr.pc=0x0000016061c6c8c0 relative=0x0000000000000300
Event: 6587.397 Thread 0x00000160775a4990 Uncommon trap: reason=array_check action=maybe_recompile pc=0x0000016061c6c8c0 method=java.util.concurrent.ScheduledThreadPoolExecutor$DelayedWorkQueue.offer(Ljava/lang/Runnable;)Z @ 65 c2
Event: 6587.397 Thread 0x00000160775a4990 DEOPT PACKING pc=0x0000016061c6c8c0 sp=0x0000003bbcfff240
Event: 6587.398 Thread 0x00000160775a4990 DEOPT UNPACKING pc=0x0000016060f93aa2 sp=0x0000003bbcfff0e0 mode 2
Event: 6588.060 Thread 0x00000160775a3c70 Uncommon trap: trap_request=0xffffffd6 fr.pc=0x0000016061c6c8c0 relative=0x0000000000000300
Event: 6588.060 Thread 0x00000160775a3c70 Uncommon trap: reason=array_check action=maybe_recompile pc=0x0000016061c6c8c0 method=java.util.concurrent.ScheduledThreadPoolExecutor$DelayedWorkQueue.offer(Ljava/lang/Runnable;)Z @ 65 c2
Event: 6588.060 Thread 0x00000160775a3c70 DEOPT PACKING pc=0x0000016061c6c8c0 sp=0x0000003bbd0ff1c0
Event: 6588.061 Thread 0x00000160775a3c70 DEOPT UNPACKING pc=0x0000016060f93aa2 sp=0x0000003bbd0ff060 mode 2

Classes loaded (20 events):
Event: 31.284 Loading class sun/util/locale/provider/TimeZoneNameProviderImpl done
Event: 31.284 Loading class sun/util/cldr/CLDRTimeZoneNameProviderImpl done
Event: 31.289 Loading class sun/util/locale/provider/BaseLocaleDataMetaInfo
Event: 31.289 Loading class sun/util/locale/provider/BaseLocaleDataMetaInfo done
Event: 31.295 Loading class sun/util/resources/cldr/TimeZoneNames
Event: 31.297 Loading class sun/util/resources/TimeZoneNamesBundle
Event: 31.297 Loading class sun/util/resources/OpenListResourceBundle
Event: 31.297 Loading class sun/util/resources/OpenListResourceBundle done
Event: 31.297 Loading class sun/util/resources/TimeZoneNamesBundle done
Event: 31.297 Loading class sun/util/resources/cldr/TimeZoneNames done
Event: 31.298 Loading class sun/util/resources/cldr/TimeZoneNames_en
Event: 31.306 Loading class sun/util/resources/cldr/TimeZoneNames_en done
Event: 31.306 Loading class sun/util/resources/cldr/TimeZoneNames_en_US
Event: 31.306 Loading class sun/util/resources/cldr/TimeZoneNames_en_US done
Event: 31.309 Loading class sun/util/cldr/CLDRBaseLocaleDataMetaInfo$TZCanonicalIDMapHolder
Event: 31.313 Loading class sun/util/cldr/CLDRBaseLocaleDataMetaInfo$TZCanonicalIDMapHolder done
Event: 31.316 Loading class sun/util/resources/TimeZoneNames
Event: 31.318 Loading class sun/util/resources/TimeZoneNames done
Event: 31.319 Loading class sun/util/resources/TimeZoneNames_en
Event: 31.319 Loading class sun/util/resources/TimeZoneNames_en done

Classes unloaded (11 events):
Event: 4.954 Thread 0x000001606e674ba0 Unloading class 0x00000160011aac00 'java/lang/invoke/LambdaForm$MH+0x00000160011aac00'
Event: 4.954 Thread 0x000001606e674ba0 Unloading class 0x00000160011aa800 'java/lang/invoke/LambdaForm$MH+0x00000160011aa800'
Event: 4.954 Thread 0x000001606e674ba0 Unloading class 0x00000160011aa400 'java/lang/invoke/LambdaForm$MH+0x00000160011aa400'
Event: 4.954 Thread 0x000001606e674ba0 Unloading class 0x00000160011aa000 'java/lang/invoke/LambdaForm$MH+0x00000160011aa000'
Event: 4.954 Thread 0x000001606e674ba0 Unloading class 0x00000160011a9c00 'java/lang/invoke/LambdaForm$BMH+0x00000160011a9c00'
Event: 4.954 Thread 0x000001606e674ba0 Unloading class 0x00000160011a9800 'java/lang/invoke/LambdaForm$DMH+0x00000160011a9800'
Event: 4.954 Thread 0x000001606e674ba0 Unloading class 0x00000160011a8400 'java/lang/invoke/LambdaForm$DMH+0x00000160011a8400'
Event: 9.657 Thread 0x000001606e674ba0 Unloading class 0x00000160016c5000 'java/lang/invoke/LambdaForm$DMH+0x00000160016c5000'
Event: 9.657 Thread 0x000001606e674ba0 Unloading class 0x00000160016c4c00 'java/lang/invoke/LambdaForm$DMH+0x00000160016c4c00'
Event: 9.657 Thread 0x000001606e674ba0 Unloading class 0x00000160016c4800 'java/lang/invoke/LambdaForm$DMH+0x00000160016c4800'
Event: 9.657 Thread 0x000001606e674ba0 Unloading class 0x00000160016c4400 'java/lang/invoke/LambdaForm$DMH+0x00000160016c4400'

Classes redefined (0 events):
No events

Internal exceptions (20 events):
Event: 10.894 Thread 0x0000016076496950 Exception <a 'sun/nio/fs/WindowsException'{0x00000000d5c397b8}> (0x00000000d5c397b8) 
thrown [s\src\hotspot\share\prims\jni.cpp, line 520]
Event: 10.895 Thread 0x0000016076496950 Exception <a 'sun/nio/fs/WindowsException'{0x00000000d5c3a500}> (0x00000000d5c3a500) 
thrown [s\src\hotspot\share\prims\jni.cpp, line 520]
Event: 10.895 Thread 0x0000016076496950 Exception <a 'sun/nio/fs/WindowsException'{0x00000000d5c427f8}> (0x00000000d5c427f8) 
thrown [s\src\hotspot\share\prims\jni.cpp, line 520]
Event: 10.896 Thread 0x0000016076496950 Exception <a 'sun/nio/fs/WindowsException'{0x00000000d5c49358}> (0x00000000d5c49358) 
thrown [s\src\hotspot\share\prims\jni.cpp, line 520]
Event: 10.896 Thread 0x0000016076496950 Exception <a 'sun/nio/fs/WindowsException'{0x00000000d5c49988}> (0x00000000d5c49988) 
thrown [s\src\hotspot\share\prims\jni.cpp, line 520]
Event: 10.902 Thread 0x0000016076496950 Exception <a 'sun/nio/fs/WindowsException'{0x00000000d5d3e1e0}> (0x00000000d5d3e1e0) 
thrown [s\src\hotspot\share\prims\jni.cpp, line 520]
Event: 10.902 Thread 0x0000016076496950 Exception <a 'sun/nio/fs/WindowsException'{0x00000000d5d41ad8}> (0x00000000d5d41ad8) 
thrown [s\src\hotspot\share\prims\jni.cpp, line 520]
Event: 10.955 Thread 0x0000016074fc6280 Exception <a 'java/io/FileNotFoundException'{0x00000000d58779c8}> (0x00000000d58779c8) 
thrown [s\src\hotspot\share\prims\jni.cpp, line 520]
Event: 10.956 Thread 0x0000016074fc6280 Exception <a 'java/io/FileNotFoundException'{0x00000000d5878af0}> (0x00000000d5878af0) 
thrown [s\src\hotspot\share\prims\jni.cpp, line 520]
Event: 10.956 Thread 0x0000016074fc6280 Exception <a 'java/io/FileNotFoundException'{0x00000000d62ddd40}> (0x00000000d62ddd40) 
thrown [s\src\hotspot\share\prims\jni.cpp, line 520]
Event: 11.050 Thread 0x0000016074fc9700 Implicit null exception at 0x0000016061b64c27 to 0x0000016061b64fbc
Event: 11.066 Thread 0x0000016074fc9700 Exception <a 'java/lang/NoSuchMethodError'{0x00000000d5775a98}: 'java.lang.Object java.lang.invoke.DirectMethodHandle$Holder.invokeStatic(java.lang.Object, java.lang.Object, int, java.lang.Object)'> (0x00000000d5775a98) 
thrown [s\src\hotspot\share\interpreter\linkResolver.cpp, line 773]
Event: 11.301 Thread 0x00000160775a4300 Exception <a 'java/io/FileNotFoundException'{0x00000000d6122568}> (0x00000000d6122568) 
thrown [s\src\hotspot\share\prims\jni.cpp, line 520]
Event: 11.465 Thread 0x00000160775a4300 Exception <a 'java/lang/NoSuchMethodError'{0x00000000d634a848}: 'java.lang.Object java.lang.invoke.DirectMethodHandle$Holder.invokeVirtual(java.lang.Object, java.lang.Object, java.lang.Object, java.lang.Object)'> (0x00000000d634a848) 
thrown [s\src\hotspot\share\interpreter\linkResolver.cpp, line 773]
Event: 11.514 Thread 0x00000160775a5020 Exception <a 'java/lang/NoSuchMethodError'{0x00000000d589ed28}: 'java.lang.Object java.lang.invoke.DirectMethodHandle$Holder.invokeStatic(java.lang.Object, long, java.lang.Object, java.lang.Object)'> (0x00000000d589ed28) 
thrown [s\src\hotspot\share\interpreter\linkResolver.cpp, line 773]
Event: 11.534 Thread 0x00000160775a5020 Exception <a 'sun/nio/fs/WindowsException'{0x00000000d594f368}> (0x00000000d594f368) 
thrown [s\src\hotspot\share\prims\jni.cpp, line 520]
Event: 11.534 Thread 0x00000160775a5020 Exception <a 'sun/nio/fs/WindowsException'{0x00000000d5950368}> (0x00000000d5950368) 
thrown [s\src\hotspot\share\prims\jni.cpp, line 520]
Event: 12.716 Thread 0x00000160775a63d0 Exception <a 'java/lang/NoSuchMethodError'{0x00000000d5a4b980}: 'long java.lang.invoke.DelegatingMethodHandle$Holder.reinvoke_L(java.lang.Object, java.lang.Object)'> (0x00000000d5a4b980) 
thrown [s\src\hotspot\share\interpreter\linkResolver.cpp, line 773]
Event: 12.717 Thread 0x00000160775a63d0 Exception <a 'java/lang/NoSuchMethodError'{0x00000000d5a55900}: 'void java.lang.invoke.DelegatingMethodHandle$Holder.reinvoke_L(java.lang.Object, java.lang.Object, long)'> (0x00000000d5a55900) 
thrown [s\src\hotspot\share\interpreter\linkResolver.cpp, line 773]
Event: 14.344 Thread 0x00000160775a63d0 Exception <a 'java/lang/NoSuchMethodError'{0x00000000d5b90b68}: 'long java.lang.invoke.Invokers$Holder.invokeExact_MT(java.lang.Object, java.lang.Object, java.lang.Object)'> (0x00000000d5b90b68) 
thrown [s\src\hotspot\share\interpreter\linkResolver.cpp, line 773]

ZGC Phase Switch (0 events):
No events

VM Operations (20 events):
Event: 20128.869 Executing non-safepoint VM operation: RendezvousGCThreads
Event: 20128.869 Executing non-safepoint VM operation: RendezvousGCThreads done
Event: 20188.964 Executing non-safepoint VM operation: HandshakeAllThreads (HandshakeForDeflation)
Event: 20188.967 Executing non-safepoint VM operation: HandshakeAllThreads (HandshakeForDeflation) done
Event: 20188.967 Executing non-safepoint VM operation: RendezvousGCThreads
Event: 20188.967 Executing non-safepoint VM operation: RendezvousGCThreads done
Event: 20249.173 Executing non-safepoint VM operation: HandshakeAllThreads (HandshakeForDeflation)
Event: 20249.176 Executing non-safepoint VM operation: HandshakeAllThreads (HandshakeForDeflation) done
Event: 20249.176 Executing non-safepoint VM operation: RendezvousGCThreads
Event: 20249.176 Executing non-safepoint VM operation: RendezvousGCThreads done
Event: 20309.254 Executing non-safepoint VM operation: HandshakeAllThreads (HandshakeForDeflation)
Event: 20309.256 Executing non-safepoint VM operation: HandshakeAllThreads (HandshakeForDeflation) done
Event: 20309.256 Executing non-safepoint VM operation: RendezvousGCThreads
Event: 20309.256 Executing non-safepoint VM operation: RendezvousGCThreads done
Event: 20369.389 Executing non-safepoint VM operation: HandshakeAllThreads (HandshakeForDeflation)
Event: 20369.391 Executing non-safepoint VM operation: HandshakeAllThreads (HandshakeForDeflation) done
Event: 20369.391 Executing non-safepoint VM operation: RendezvousGCThreads
Event: 20369.391 Executing non-safepoint VM operation: RendezvousGCThreads done
Event: 20407.734 Executing safepoint VM operation: Cleanup
Event: 20407.738 Executing safepoint VM operation: Cleanup done

Memory protections (0 events):
No events

Nmethod flushes (20 events):
Event: 9.675 Thread 0x000001606e674ba0 flushing  nmethod 0x000001605a499b10
Event: 9.675 Thread 0x000001606e674ba0 flushing  nmethod 0x000001605a49ac10
Event: 9.675 Thread 0x000001606e674ba0 flushing  nmethod 0x000001605a49b210
Event: 9.675 Thread 0x000001606e674ba0 flushing  nmethod 0x000001605a49d790
Event: 9.675 Thread 0x000001606e674ba0 flushing  nmethod 0x000001605a4b3590
Event: 9.675 Thread 0x000001606e674ba0 flushing  nmethod 0x000001605a4b3b90
Event: 9.675 Thread 0x000001606e674ba0 flushing  nmethod 0x000001605a4b4410
Event: 9.675 Thread 0x000001606e674ba0 flushing  nmethod 0x000001605a4b4790
Event: 9.675 Thread 0x000001606e674ba0 flushing  nmethod 0x000001605a4b8110
Event: 9.675 Thread 0x000001606e674ba0 flushing  nmethod 0x000001605a4c5010
Event: 9.675 Thread 0x000001606e674ba0 flushing  nmethod 0x000001605a4cde10
Event: 9.675 Thread 0x000001606e674ba0 flushing  nmethod 0x000001605a4e4710
Event: 9.675 Thread 0x000001606e674ba0 flushing  nmethod 0x000001605a4f5910
Event: 9.675 Thread 0x000001606e674ba0 flushing  nmethod 0x000001605a572290
Event: 9.675 Thread 0x000001606e674ba0 flushing  nmethod 0x000001605a57e010
Event: 9.675 Thread 0x000001606e674ba0 flushing  nmethod 0x000001605a57fb10
Event: 9.675 Thread 0x000001606e674ba0 flushing  nmethod 0x000001605a581410
Event: 9.675 Thread 0x000001606e674ba0 flushing  nmethod 0x000001605a586690
Event: 9.675 Thread 0x000001606e674ba0 flushing  nmethod 0x000001605a588610
Event: 9.675 Thread 0x000001606e674ba0 flushing  nmethod 0x000001605a58e090

Events (20 events):
Event: 41.412 Thread 0x000001607741c900 Thread exited: 0x000001607741c900
Event: 70.877 Thread 0x0000016074fc6910 Thread exited: 0x0000016074fc6910
Event: 70.877 Thread 0x0000016074fc6fa0 Thread exited: 0x0000016074fc6fa0
Event: 71.485 Thread 0x00000160764941f0 Thread exited: 0x00000160764941f0
Event: 131.491 Thread 0x0000016076496950 Thread exited: 0x0000016076496950
Event: 191.502 Thread 0x0000016076496fe0 Thread exited: 0x0000016076496fe0
Event: 251.515 Thread 0x0000016076498390 Thread exited: 0x0000016076498390
Event: 311.516 Thread 0x0000016076492e40 Thread exited: 0x0000016076492e40
Event: 371.530 Thread 0x0000016076499740 Thread exited: 0x0000016076499740
Event: 431.666 Thread 0x0000016076494880 Thread exited: 0x0000016076494880
Event: 491.620 Thread 0x00000160764955a0 Thread exited: 0x00000160764955a0
Event: 551.648 Thread 0x00000160764934d0 Thread exited: 0x00000160764934d0
Event: 611.688 Thread 0x00000160764962c0 Thread exited: 0x00000160764962c0
Event: 671.696 Thread 0x0000016076498a20 Thread exited: 0x0000016076498a20
Event: 731.717 Thread 0x0000016076493b60 Thread exited: 0x0000016076493b60
Event: 791.726 Thread 0x0000016076495c30 Thread exited: 0x0000016076495c30
Event: 851.733 Thread 0x0000016076494f10 Thread exited: 0x0000016076494f10
Event: 911.742 Thread 0x0000016076497d00 Thread exited: 0x0000016076497d00
Event: 19411.550 Thread 0x000001606e67d010 Thread added: 0x000001607741cfd0
Event: 19416.932 Thread 0x000001607741cfd0 Thread exited: 0x000001607741cfd0


Dynamic libraries:
0x00007ff68a380000 - 0x00007ff68a38e000 	c:\Users\Edilson\.vscode\extensions\redhat.java-1.54.0-win32-x64\jre\21.0.10-win32-x86_64\bin\java.exe
0x00007ffa8b840000 - 0x00007ffa8baa6000 	C:\WINDOWS\SYSTEM32\ntdll.dll
0x00007ffa8a170000 - 0x00007ffa8a239000 	C:\WINDOWS\System32\KERNEL32.DLL
0x00007ffa89040000 - 0x00007ffa8943a000 	C:\WINDOWS\System32\KERNELBASE.dll
0x00007ffa88d40000 - 0x00007ffa88e8c000 	C:\WINDOWS\System32\ucrtbase.dll
0x00007ffa7b280000 - 0x00007ffa7b298000 	c:\Users\Edilson\.vscode\extensions\redhat.java-1.54.0-win32-x64\jre\21.0.10-win32-x86_64\bin\jli.dll
0x00007ffa7cf40000 - 0x00007ffa7cf5e000 	c:\Users\Edilson\.vscode\extensions\redhat.java-1.54.0-win32-x64\jre\21.0.10-win32-x86_64\bin\VCRUNTIME140.dll
0x00007ffa89a00000 - 0x00007ffa89bc7000 	C:\WINDOWS\System32\USER32.dll
0x00007ffa6af10000 - 0x00007ffa6b1a2000 	C:\WINDOWS\WinSxS\amd64_microsoft.windows.common-controls_6595b64144ccf1df_6.0.26100.8521_none_3e08b75ce33403b3\COMCTL32.dll
0x00007ffa88e90000 - 0x00007ffa88eb7000 	C:\WINDOWS\System32\win32u.dll
0x00007ffa8b2e0000 - 0x00007ffa8b30b000 	C:\WINDOWS\System32\GDI32.dll
0x00007ffa8a770000 - 0x00007ffa8a819000 	C:\WINDOWS\System32\msvcrt.dll
0x00007ffa88ad0000 - 0x00007ffa88bfb000 	C:\WINDOWS\System32\gdi32full.dll
0x00007ffa88c90000 - 0x00007ffa88d33000 	C:\WINDOWS\System32\msvcp_win.dll
0x00007ffa89e50000 - 0x00007ffa89e82000 	C:\WINDOWS\System32\IMM32.DLL
0x00007ffa7ecf0000 - 0x00007ffa7ecfc000 	c:\Users\Edilson\.vscode\extensions\redhat.java-1.54.0-win32-x64\jre\21.0.10-win32-x86_64\bin\vcruntime140_1.dll
0x00007ffa62210000 - 0x00007ffa6229d000 	c:\Users\Edilson\.vscode\extensions\redhat.java-1.54.0-win32-x64\jre\21.0.10-win32-x86_64\bin\msvcp140.dll
0x00007ff95b400000 - 0x00007ff95c1a1000 	c:\Users\Edilson\.vscode\extensions\redhat.java-1.54.0-win32-x64\jre\21.0.10-win32-x86_64\bin\server\jvm.dll
0x00007ffa8a0b0000 - 0x00007ffa8a166000 	C:\WINDOWS\System32\ADVAPI32.dll
0x00007ffa8a830000 - 0x00007ffa8a8da000 	C:\WINDOWS\System32\sechost.dll
0x00007ffa89770000 - 0x00007ffa89888000 	C:\WINDOWS\System32\RPCRT4.dll
0x00007ffa89bd0000 - 0x00007ffa89c50000 	C:\WINDOWS\System32\WS2_32.dll
0x00007ffa88950000 - 0x00007ffa889ae000 	C:\WINDOWS\SYSTEM32\POWRPROF.dll
0x00007ffa76d10000 - 0x00007ffa76d46000 	C:\WINDOWS\SYSTEM32\WINMM.dll
0x00007ffa76d50000 - 0x00007ffa76d5b000 	C:\WINDOWS\SYSTEM32\VERSION.dll
0x00007ffa88930000 - 0x00007ffa88944000 	C:\WINDOWS\SYSTEM32\UMPDC.dll
0x00007ffa87840000 - 0x00007ffa8785b000 	C:\WINDOWS\SYSTEM32\kernel.appcore.dll
0x00007ffa7ec80000 - 0x00007ffa7ec8a000 	c:\Users\Edilson\.vscode\extensions\redhat.java-1.54.0-win32-x64\jre\21.0.10-win32-x86_64\bin\jimage.dll
0x00007ffa731e0000 - 0x00007ffa73422000 	C:\WINDOWS\SYSTEM32\DBGHELP.DLL
0x00007ffa8a240000 - 0x00007ffa8a5c3000 	C:\WINDOWS\System32\combase.dll
0x00007ffa89c60000 - 0x00007ffa89d39000 	C:\WINDOWS\System32\OLEAUT32.dll
0x00007ffa6b930000 - 0x00007ffa6b96b000 	C:\WINDOWS\SYSTEM32\dbgcore.DLL
0x00007ffa89440000 - 0x00007ffa894e8000 	C:\WINDOWS\System32\bcryptPrimitives.dll
0x00007ffa7d5e0000 - 0x00007ffa7d5ef000 	c:\Users\Edilson\.vscode\extensions\redhat.java-1.54.0-win32-x64\jre\21.0.10-win32-x86_64\bin\instrument.dll
0x00007ffa79b60000 - 0x00007ffa79b80000 	c:\Users\Edilson\.vscode\extensions\redhat.java-1.54.0-win32-x64\jre\21.0.10-win32-x86_64\bin\java.dll
0x00007ffa8ab50000 - 0x00007ffa8b2d4000 	C:\WINDOWS\System32\SHELL32.dll
0x00007ffa86670000 - 0x00007ffa86ef0000 	C:\WINDOWS\SYSTEM32\windows.storage.dll
0x00007ffa89ef0000 - 0x00007ffa89fe6000 	C:\WINDOWS\System32\SHCORE.dll
0x00007ffa896b0000 - 0x00007ffa89717000 	C:\WINDOWS\System32\shlwapi.dll
0x00007ffa889f0000 - 0x00007ffa88a19000 	C:\WINDOWS\SYSTEM32\profapi.dll
0x00007ffa77340000 - 0x00007ffa77358000 	c:\Users\Edilson\.vscode\extensions\redhat.java-1.54.0-win32-x64\jre\21.0.10-win32-x86_64\bin\zip.dll
0x00007ffa7cf30000 - 0x00007ffa7cf40000 	C:\Users\Edilson\.vscode\extensions\redhat.java-1.54.0-win32-x64\jre\21.0.10-win32-x86_64\bin\net.dll
0x00007ffa81730000 - 0x00007ffa81859000 	C:\WINDOWS\SYSTEM32\WINHTTP.dll
0x00007ffa87dd0000 - 0x00007ffa87e3c000 	C:\WINDOWS\system32\mswsock.dll
0x00007ffa73130000 - 0x00007ffa73146000 	C:\Users\Edilson\.vscode\extensions\redhat.java-1.54.0-win32-x64\jre\21.0.10-win32-x86_64\bin\nio.dll
0x00007ffa7ac40000 - 0x00007ffa7ac50000 	c:\Users\Edilson\.vscode\extensions\redhat.java-1.54.0-win32-x64\jre\21.0.10-win32-x86_64\bin\verify.dll
0x00007ffa69010000 - 0x00007ffa69055000 	C:\Users\Edilson\AppData\Roaming\Code\User\globalStorage\redhat.java\1.54.0\config_win\org.eclipse.equinox.launcher\org.eclipse.equinox.launcher.win32.win32.x86_64_1.3.0.v20260203-2149\eclipse_11919.dll
0x00007ffa8a5d0000 - 0x00007ffa8a768000 	C:\WINDOWS\System32\ole32.dll
0x00007ffa880c0000 - 0x00007ffa880db000 	C:\WINDOWS\SYSTEM32\CRYPTSP.dll
0x00007ffa87790000 - 0x00007ffa877c9000 	C:\WINDOWS\system32\rsaenh.dll
0x00007ffa87e80000 - 0x00007ffa87eb3000 	C:\WINDOWS\SYSTEM32\USERENV.dll
0x00007ffa889c0000 - 0x00007ffa889ea000 	C:\WINDOWS\SYSTEM32\bcrypt.dll
0x00007ffa880b0000 - 0x00007ffa880bc000 	C:\WINDOWS\SYSTEM32\CRYPTBASE.dll
0x00007ffa87200000 - 0x00007ffa87233000 	C:\WINDOWS\SYSTEM32\IPHLPAPI.DLL
0x00007ffa8a8e0000 - 0x00007ffa8a8ea000 	C:\WINDOWS\System32\NSI.dll
0x00007ffa5dff0000 - 0x00007ffa5e039000 	C:\Users\Edilson\AppData\Local\Temp\jna--223539152\jna2864108455336340376.dll
0x00007ffa89890000 - 0x00007ffa89898000 	C:\WINDOWS\System32\PSAPI.DLL
0x00007ffa81c70000 - 0x00007ffa81c8d000 	C:\WINDOWS\SYSTEM32\dhcpcsvc6.DLL
0x00007ffa81c40000 - 0x00007ffa81c65000 	C:\WINDOWS\SYSTEM32\dhcpcsvc.DLL
0x00007ffa7ed90000 - 0x00007ffa7ed99000 	C:\Users\Edilson\.vscode\extensions\redhat.java-1.54.0-win32-x64\jre\21.0.10-win32-x86_64\bin\extnet.dll

JVMTI agents:
c:\Users\Edilson\.vscode\extensions\redhat.java-1.54.0-win32-x64\lombok\lombok-1.18.39-4050.jar path:c:\Users\Edilson\.vscode\extensions\redhat.java-1.54.0-win32-x64\jre\21.0.10-win32-x86_64\bin\instrument.dll, loaded, initialized, instrumentlib options:none

dbghelp: loaded successfully - version: 4.0.5 - missing functions: none
symbol engine: initialized successfully - sym options: 0x614 - pdb path: .;c:\Users\Edilson\.vscode\extensions\redhat.java-1.54.0-win32-x64\jre\21.0.10-win32-x86_64\bin;C:\WINDOWS\SYSTEM32;C:\WINDOWS\WinSxS\amd64_microsoft.windows.common-controls_6595b64144ccf1df_6.0.26100.8521_none_3e08b75ce33403b3;c:\Users\Edilson\.vscode\extensions\redhat.java-1.54.0-win32-x64\jre\21.0.10-win32-x86_64\bin\server;C:\Users\Edilson\AppData\Roaming\Code\User\globalStorage\redhat.java\1.54.0\config_win\org.eclipse.equinox.launcher\org.eclipse.equinox.launcher.win32.win32.x86_64_1.3.0.v20260203-2149;C:\Users\Edilson\AppData\Local\Temp\jna--223539152

VM Arguments:
jvm_args: --add-modules=ALL-SYSTEM --add-opens=java.base/java.util=ALL-UNNAMED --add-opens=java.base/java.lang=ALL-UNNAMED --add-opens=java.base/sun.nio.fs=ALL-UNNAMED -Declipse.application=org.eclipse.jdt.ls.core.id1 -Dosgi.bundles.defaultStartLevel=4 -Declipse.product=org.eclipse.jdt.ls.core.product -Djava.import.generatesMetadataFilesAtProjectRoot=false -DDetectVMInstallationsJob.disabled=true -Dfile.encoding=utf8 -XX:+UseParallelGC -XX:GCTimeRatio=4 -XX:AdaptiveSizePolicyWeight=90 -Dsun.zip.disableMemoryMapping=true -Xmx2G -Xms100m -Xlog:disable -javaagent:c:\Users\Edilson\.vscode\extensions\redhat.java-1.54.0-win32-x64\lombok\lombok-1.18.39-4050.jar -XX:+HeapDumpOnOutOfMemoryError -XX:HeapDumpPath=c:\Users\Edilson\AppData\Roaming\Code\User\workspaceStorage\dab9e1ddd80aa768b0c7098ba6730558\redhat.java -Daether.dependencyCollector.impl=bf 
java_command: c:\Users\Edilson\.vscode\extensions\redhat.java-1.54.0-win32-x64\server\plugins\org.eclipse.equinox.launcher_1.7.100.v20251111-0406.jar -configuration c:\Users\Edilson\AppData\Roaming\Code\User\globalStorage\redhat.java\1.54.0\config_win -data c:\Users\Edilson\AppData\Roaming\Code\User\workspaceStorage\dab9e1ddd80aa768b0c7098ba6730558\redhat.java\jdt_ws --pipe=\\.\pipe\lsp-da6b9a2eaabc821c32d49d6cd3c1d14d-sock
java_class_path (initial): c:\Users\Edilson\.vscode\extensions\redhat.java-1.54.0-win32-x64\server\plugins\org.eclipse.equinox.launcher_1.7.100.v20251111-0406.jar
Launcher Type: SUN_STANDARD

[Global flags]
    uintx AdaptiveSizePolicyWeight                 = 90                                        {product} {command line}
     intx CICompilerCount                          = 12                                        {product} {ergonomic}
    uintx GCTimeRatio                              = 4                                         {product} {command line}
     bool HeapDumpOnOutOfMemoryError               = true                                   {manageable} {command line}
    ccstr HeapDumpPath                             = c:\Users\Edilson\AppData\Roaming\Code\User\workspaceStorage\dab9e1ddd80aa768b0c7098ba6730558\redhat.java         {manageable} {command line}
   size_t InitialHeapSize                          = 104857600                                 {product} {command line}
   size_t MaxHeapSize                              = 2147483648                                {product} {command line}
   size_t MaxNewSize                               = 715653120                                 {product} {ergonomic}
   size_t MinHeapDeltaBytes                        = 524288                                    {product} {ergonomic}
   size_t MinHeapSize                              = 104857600                                 {product} {command line}
   size_t NewSize                                  = 34603008                                  {product} {ergonomic}
    uintx NonNMethodCodeHeapSize                   = 7602480                                {pd product} {ergonomic}
    uintx NonProfiledCodeHeapSize                  = 122027880                              {pd product} {ergonomic}
   size_t OldSize                                  = 70254592                                  {product} {ergonomic}
    uintx ProfiledCodeHeapSize                     = 122027880                              {pd product} {ergonomic}
    uintx ReservedCodeCacheSize                    = 251658240                              {pd product} {ergonomic}
     bool SegmentedCodeCache                       = true                                      {product} {ergonomic}
   size_t SoftMaxHeapSize                          = 2147483648                             {manageable} {ergonomic}
     bool UseCompressedOops                        = true                           {product lp64_product} {ergonomic}
     bool UseLargePagesIndividualAllocation        = false                                  {pd product} {ergonomic}
     bool UseParallelGC                            = true                                      {product} {command line}

Logging:
Log output configuration:
 #0: stdout all=off uptime,level,tags foldmultilines=false
 #1: stderr all=off uptime,level,tags foldmultilines=false

Release file:
JAVA_VERSION="21.0.10" 
MODULES="java.base java.compiler java.datatransfer java.xml java.prefs java.desktop java.instrument java.logging java.management java.security.sasl java.naming java.rmi java.management.rmi java.net.http java.scripting java.security.jgss java.transaction.xa java.sql java.sql.rowset java.xml.crypto java.se java.smartcardio jdk.accessibility jdk.internal.jvmstat jdk.attach jdk.charsets jdk.internal.opt jdk.zipfs jdk.compiler jdk.crypto.ec jdk.crypto.cryptoki jdk.crypto.mscapi jdk.dynalink jdk.internal.ed jdk.editpad jdk.hotspot.agent jdk.httpserver jdk.internal.le jdk.internal.vm.ci jdk.internal.vm.compiler jdk.internal.vm.compiler.management jdk.jartool jdk.javadoc jdk.jcmd jdk.management jdk.management.agent jdk.jconsole jdk.jdeps jdk.jdwp.agent jdk.jdi jdk.jfr jdk.jshell jdk.jsobject jdk.jstatd jdk.localedata jdk.management.jfr jdk.naming.dns jdk.naming.rmi jdk.net jdk.nio.mapmode jdk.random jdk.sctp jdk.security.auth jdk.security.jgss jdk.unsupported jdk.unsupported.desktop jdk.xml.dom" 

Environment Variables:
JAVA_HOME=C:\Program Files\Java\jdk-21
PATH=C:\WINDOWS\system32;C:\WINDOWS;C:\WINDOWS\System32\Wbem;C:\WINDOWS\System32\WindowsPowerShell\v1.0\;C:\WINDOWS\System32\OpenSSH\;C:\Program Files\Git\cmd;C:\Program Files\Java\jdk-21\bin;C:\Program Files\nodejs;C:\Program Files\Docker\Docker\resources\bin;C:\apache-maven-3.9.12\bin;C:\Program Files\Amazon\AWSCLIV2\;C:\Program Files\MySQL\MySQL Shell 8.0\bin\;C:\Users\Edilson\AppData\Local\Microsoft\WindowsApps;C:\Users\Edilson\AppData\Local\Programs\Microsoft VS Code\bin;C:\Users\Edilson\AppData\Roaming\npm
USERNAME=Edilson
OS=Windows_NT
PROCESSOR_IDENTIFIER=AMD64 Family 25 Model 80 Stepping 0, AuthenticAMD
TMP=C:\Users\Edilson\AppData\Local\Temp
TEMP=C:\Users\Edilson\AppData\Local\Temp




Periodic native trim disabled

---------------  S Y S T E M  ---------------

OS:
 Windows 11 , 64 bit Build 26100 (10.0.26100.8521)
OS uptime: 4 days 6:59 hours
Hyper-V role detected

CPU: total 16 (initial active 16) (16 cores per cpu, 2 threads per core) family 25 model 80 stepping 0 microcode 0xa50000d, cx8, cmov, fxsr, ht, mmx, 3dnowpref, sse, sse2, sse3, ssse3, sse4a, sse4.1, sse4.2, popcnt, lzcnt, tsc, tscinvbit, avx, avx2, aes, erms, clmul, bmi1, bmi2, adx, sha, fma, vzeroupper, clflush, clflushopt, hv, rdtscp, rdpid, fsrm, f16c, cet_ss
Processor Information for processor 0
  Max Mhz: 3201, Current Mhz: 3201, Mhz Limit: 3201
Processor Information for processor 1
  Max Mhz: 3201, Current Mhz: 3201, Mhz Limit: 3201
Processor Information for processor 2
  Max Mhz: 3201, Current Mhz: 3201, Mhz Limit: 3201
Processor Information for processor 3
  Max Mhz: 3201, Current Mhz: 3201, Mhz Limit: 3201
Processor Information for processor 4
  Max Mhz: 3201, Current Mhz: 3201, Mhz Limit: 3201
Processor Information for processor 5
  Max Mhz: 3201, Current Mhz: 1802, Mhz Limit: 3201
Processor Information for processor 6
  Max Mhz: 3201, Current Mhz: 1802, Mhz Limit: 3201
Processor Information for processor 7
  Max Mhz: 3201, Current Mhz: 1802, Mhz Limit: 3201
Processor Information for processor 8
  Max Mhz: 3201, Current Mhz: 1802, Mhz Limit: 3201
Processor Information for processor 9
  Max Mhz: 3201, Current Mhz: 1802, Mhz Limit: 3201
Processor Information for processor 10
  Max Mhz: 3201, Current Mhz: 1802, Mhz Limit: 3201
Processor Information for processor 11
  Max Mhz: 3201, Current Mhz: 1802, Mhz Limit: 3201
Processor Information for processor 12
  Max Mhz: 3201, Current Mhz: 1802, Mhz Limit: 3201
Processor Information for processor 13
  Max Mhz: 3201, Current Mhz: 1802, Mhz Limit: 3201
Processor Information for processor 14
  Max Mhz: 3201, Current Mhz: 1802, Mhz Limit: 3201
Processor Information for processor 15
  Max Mhz: 3201, Current Mhz: 1802, Mhz Limit: 3201

Memory: 4k page, system-wide physical 5996M (261M free)
TotalPageFile size 29996M (AvailPageFile size 25M)
current process WorkingSet (physical memory assigned to process): 11M, peak: 345M
current process commit charge ("private bytes"): 397M, peak: 442M

vm_info: OpenJDK 64-Bit Server VM (21.0.10+7-LTS) for windows-amd64 JRE (21.0.10+7-LTS), built on 2026-01-20T00:00:00Z by "admin" with MS VC++ 17.12 (VS2022)

END.
