#
# There is insufficient memory for the Java Runtime Environment to continue.
# Native memory allocation (malloc) failed to allocate 1048576 bytes. Error detail: AllocateHeap
# Possible reasons:
#   The system is out of physical RAM or swap space
#   This process is running with CompressedOops enabled, and the Java Heap may be blocking the growth of the native heap
# Possible solutions:
#   Reduce memory load on the system
#   Increase physical memory or swap space
#   Check if swap backing store is full
#   Decrease Java heap size (-Xmx/-Xms)
#   Decrease number of Java threads
#   Decrease Java thread stack sizes (-Xss)
#   Set larger code cache with -XX:ReservedCodeCacheSize=
#   JVM is running with Unscaled Compressed Oops mode in which the Java heap is
#     placed in the first 4GB address space. The Java Heap base address is the
#     maximum limit for the native heap growth. Please use -XX:HeapBaseMinAddress
#     to set the Java Heap base and to place the Java Heap above 4GB virtual address.
# This output file may be truncated or incomplete.
#
#  Out of Memory Error (allocation.cpp:44), pid=21288, tid=7560
#
# JRE version: OpenJDK Runtime Environment Temurin-21.0.10+7 (21.0.10+7) (build 21.0.10+7-LTS)
# Java VM: OpenJDK 64-Bit Server VM Temurin-21.0.10+7 (21.0.10+7-LTS, mixed mode, sharing, tiered, compressed oops, compressed class ptrs, parallel gc, windows-amd64)
# No core dump will be written. Minidumps are not enabled by default on client versions of Windows
#

---------------  S U M M A R Y ------------

Command Line: --add-modules=ALL-SYSTEM --add-opens=java.base/java.util=ALL-UNNAMED --add-opens=java.base/java.lang=ALL-UNNAMED --add-opens=java.base/sun.nio.fs=ALL-UNNAMED -Declipse.application=org.eclipse.jdt.ls.core.id1 -Dosgi.bundles.defaultStartLevel=4 -Declipse.product=org.eclipse.jdt.ls.core.product -Djava.import.generatesMetadataFilesAtProjectRoot=false -DDetectVMInstallationsJob.disabled=true -Dfile.encoding=utf8 -XX:+UseParallelGC -XX:GCTimeRatio=4 -XX:AdaptiveSizePolicyWeight=90 -Dsun.zip.disableMemoryMapping=true -Xmx2G -Xms100m -Xlog:disable -javaagent:c:\Users\Edilson\.vscode\extensions\redhat.java-1.53.0-win32-x64\lombok\lombok-1.18.39-4050.jar -XX:+HeapDumpOnOutOfMemoryError -XX:HeapDumpPath=c:\Users\Edilson\AppData\Roaming\Code\User\workspaceStorage\7cbbe01527bab25306c0d5a1b16578e0\redhat.java -Daether.dependencyCollector.impl=bf c:\Users\Edilson\.vscode\extensions\redhat.java-1.53.0-win32-x64\server\plugins\org.eclipse.equinox.launcher_1.7.100.v20251111-0406.jar -configuration c:\Users\Edilson\AppData\Roaming\Code\User\globalStorage\redhat.java\1.53.0\config_win -data c:\Users\Edilson\AppData\Roaming\Code\User\workspaceStorage\7cbbe01527bab25306c0d5a1b16578e0\redhat.java\jdt_ws --pipe=\\.\pipe\lsp-5a9ec01b8cad05cd51c2677ed07a2c87-sock

Host: AMD Ryzen 7 5800H with Radeon Graphics         , 16 cores, 5G,  Windows 11 , 64 bit Build 26100 (10.0.26100.7705)
Time: Sat Feb 28 22:28:16 2026 Hora oficial do Brasil elapsed time: 26721.708723 seconds (0d 7h 25m 21s)

---------------  T H R E A D  ---------------

Current thread (0x000001de674bcae0):  JavaThread "Attach Listener" daemon [_thread_in_vm, id=7560, stack(0x0000006034600000,0x0000006034700000) (1024K)]

Stack: [0x0000006034600000,0x0000006034700000]
Native frames: (J=compiled Java code, j=interpreted, Vv=VM code, C=native code)
V  [jvm.dll+0x6d7a39]
V  [jvm.dll+0x8b4b26]
V  [jvm.dll+0x8b70de]
V  [jvm.dll+0x8b77c3]
V  [jvm.dll+0x284346]
V  [jvm.dll+0xc1277]
V  [jvm.dll+0x6d82e9]
V  [jvm.dll+0x1334a6]
V  [jvm.dll+0x3f857e]
V  [jvm.dll+0x85f59d]
V  [jvm.dll+0x6d626d]
C  [ucrtbase.dll+0x37b0]
C  [KERNEL32.DLL+0x2e8d7]
C  [ntdll.dll+0x8c40c]


---------------  P R O C E S S  ---------------

Threads class SMR info:
_java_thread_list=0x000001de7c9cd450, length=63, elements={
0x000001de0e4ef790, 0x000001de0e49bbb0, 0x000001de0e49e640, 0x000001de674bd170,
0x000001de674bcae0, 0x000001de674bd800, 0x000001de674bde90, 0x000001de674f40d0,
0x000001de674f5570, 0x000001de674baa10, 0x000001de674bbdc0, 0x000001de674bb0a0,
0x000001de674bb730, 0x000001de6da267e0, 0x000001de6da27500, 0x000001de6da28220,
0x000001de6da25ac0, 0x000001de6da25430, 0x000001de6da26150, 0x000001de6eff9320,
0x000001de6effa040, 0x000001de6effa6d0, 0x000001de6effad60, 0x000001de6effb3f0,
0x000001de6eff7f70, 0x000001de6effba80, 0x000001de6effc7a0, 0x000001de6effdb50,
0x000001de6effce30, 0x000001de6effe1e0, 0x000001de6effc110, 0x000001de6effd4c0,
0x000001de6effef00, 0x000001de6effe870, 0x000001de70dd5110, 0x000001de70dd43f0,
0x000001de70dd5e30, 0x000001de70dd64c0, 0x000001de70dd6b50, 0x000001de70dd71e0,
0x000001de6e6af040, 0x000001de6e6b03f0, 0x000001de6e6b1e30, 0x000001de6e6ae9b0,
0x000001de72a332c0, 0x000001de72a360b0, 0x000001de72a34d00, 0x000001de72a38810,
0x000001de72a32c30, 0x000001de72a38180, 0x000001de6e6af6d0, 0x000001de6e6b0a80,
0x000001de6e6ae320, 0x000001de6e6b3870, 0x000001de6e6b52b0, 0x000001de6e6b3f00,
0x000001de6e6b4590, 0x000001de70dd8c20, 0x000001de70dd92b0, 0x000001de72a33950,
0x000001de72a39bc0, 0x000001de72a37460, 0x000001de6eff78e0
}

Java Threads: ( => current thread )
  0x000001de0e4ef790 JavaThread "main"                              [_thread_blocked, id=16168, stack(0x0000006033f00000,0x0000006034000000) (1024K)]
  0x000001de0e49bbb0 JavaThread "Reference Handler"          daemon [_thread_blocked, id=9172, stack(0x0000006034300000,0x0000006034400000) (1024K)]
  0x000001de0e49e640 JavaThread "Finalizer"                  daemon [_thread_blocked, id=8640, stack(0x0000006034400000,0x0000006034500000) (1024K)]
  0x000001de674bd170 JavaThread "Signal Dispatcher"          daemon [_thread_blocked, id=22756, stack(0x0000006034500000,0x0000006034600000) (1024K)]
=>0x000001de674bcae0 JavaThread "Attach Listener"            daemon [_thread_in_vm, id=7560, stack(0x0000006034600000,0x0000006034700000) (1024K)]
  0x000001de674bd800 JavaThread "Service Thread"             daemon [_thread_blocked, id=7500, stack(0x0000006034700000,0x0000006034800000) (1024K)]
  0x000001de674bde90 JavaThread "Monitor Deflation Thread"   daemon [_thread_blocked, id=4192, stack(0x0000006034800000,0x0000006034900000) (1024K)]
  0x000001de674f40d0 JavaThread "C2 CompilerThread0"         daemon [_thread_blocked, id=13284, stack(0x0000006034900000,0x0000006034a00000) (1024K)]
  0x000001de674f5570 JavaThread "C1 CompilerThread0"         daemon [_thread_blocked, id=10388, stack(0x0000006034a00000,0x0000006034b00000) (1024K)]
  0x000001de674baa10 JavaThread "Common-Cleaner"             daemon [_thread_blocked, id=9296, stack(0x0000006034e00000,0x0000006034f00000) (1024K)]
  0x000001de674bbdc0 JavaThread "Notification Thread"        daemon [_thread_blocked, id=11416, stack(0x0000006035000000,0x0000006035100000) (1024K)]
  0x000001de674bb0a0 JavaThread "Active Thread: Equinox Container: 9185ef53-7dba-4e82-b611-ca90927119d2"        [_thread_blocked, id=10088, stack(0x0000006035800000,0x0000006035900000) (1024K)]
  0x000001de674bb730 JavaThread "Refresh Thread: Equinox Container: 9185ef53-7dba-4e82-b611-ca90927119d2" daemon [_thread_blocked, id=4920, stack(0x0000006035a00000,0x0000006035b00000) (1024K)]
  0x000001de6da267e0 JavaThread "Framework Event Dispatcher: Equinox Container: 9185ef53-7dba-4e82-b611-ca90927119d2" daemon [_thread_blocked, id=9796, stack(0x0000006035b00000,0x0000006035c00000) (1024K)]
  0x000001de6da27500 JavaThread "Start Level: Equinox Container: 9185ef53-7dba-4e82-b611-ca90927119d2" daemon [_thread_blocked, id=376, stack(0x0000006035c00000,0x0000006035d00000) (1024K)]
  0x000001de6da28220 JavaThread "Bundle File Closer"         daemon [_thread_blocked, id=10564, stack(0x0000006036000000,0x0000006036100000) (1024K)]
  0x000001de6da25ac0 JavaThread "SCR Component Actor"        daemon [_thread_blocked, id=7860, stack(0x0000006035100000,0x0000006035200000) (1024K)]
  0x000001de6da25430 JavaThread "Worker-JM"                         [_thread_blocked, id=7720, stack(0x0000006036100000,0x0000006036200000) (1024K)]
  0x000001de6da26150 JavaThread "JNA Cleaner"                daemon [_thread_blocked, id=12036, stack(0x0000006036400000,0x0000006036500000) (1024K)]
  0x000001de6eff9320 JavaThread "Java indexing"              daemon [_thread_blocked, id=17356, stack(0x0000006036800000,0x0000006036900000) (1024K)]
  0x000001de6effa040 JavaThread "Thread-1"                   daemon [_thread_in_native, id=10160, stack(0x0000006036e00000,0x0000006036f00000) (1024K)]
  0x000001de6effa6d0 JavaThread "Thread-2"                   daemon [_thread_in_native, id=8796, stack(0x0000006036f00000,0x0000006037000000) (1024K)]
  0x000001de6effad60 JavaThread "Thread-3"                   daemon [_thread_in_native, id=1320, stack(0x0000006037000000,0x0000006037100000) (1024K)]
  0x000001de6effb3f0 JavaThread "Thread-4"                   daemon [_thread_in_native, id=14148, stack(0x0000006037100000,0x0000006037200000) (1024K)]
  0x000001de6eff7f70 JavaThread "Thread-5"                   daemon [_thread_in_native, id=22064, stack(0x0000006037200000,0x0000006037300000) (1024K)]
  0x000001de6effba80 JavaThread "Thread-6"                   daemon [_thread_in_native, id=4404, stack(0x0000006037300000,0x0000006037400000) (1024K)]
  0x000001de6effc7a0 JavaThread "Thread-7"                   daemon [_thread_in_native, id=13076, stack(0x0000006037400000,0x0000006037500000) (1024K)]
  0x000001de6effdb50 JavaThread "Thread-8"                   daemon [_thread_in_native, id=22748, stack(0x0000006037500000,0x0000006037600000) (1024K)]
  0x000001de6effce30 JavaThread "Thread-9"                   daemon [_thread_in_native, id=12764, stack(0x0000006037600000,0x0000006037700000) (1024K)]
  0x000001de6effe1e0 JavaThread "Thread-10"                  daemon [_thread_in_native, id=22544, stack(0x0000006037700000,0x0000006037800000) (1024K)]
  0x000001de6effc110 JavaThread "Thread-11"                  daemon [_thread_in_native, id=3240, stack(0x0000006037800000,0x0000006037900000) (1024K)]
  0x000001de6effd4c0 JavaThread "Thread-12"                  daemon [_thread_in_native, id=16376, stack(0x0000006037900000,0x0000006037a00000) (1024K)]
  0x000001de6effef00 JavaThread "Thread-13"                  daemon [_thread_in_native, id=13392, stack(0x0000006037a00000,0x0000006037b00000) (1024K)]
  0x000001de6effe870 JavaThread "Thread-14"                  daemon [_thread_in_native, id=15544, stack(0x0000006037b00000,0x0000006037c00000) (1024K)]
  0x000001de70dd5110 JavaThread "Thread-15"                  daemon [_thread_in_native, id=23352, stack(0x0000006037c00000,0x0000006037d00000) (1024K)]
  0x000001de70dd43f0 JavaThread "Thread-16"                  daemon [_thread_in_native, id=17984, stack(0x0000006037d00000,0x0000006037e00000) (1024K)]
  0x000001de70dd5e30 JavaThread "Thread-17"                  daemon [_thread_in_native, id=20648, stack(0x0000006037e00000,0x0000006037f00000) (1024K)]
  0x000001de70dd64c0 JavaThread "pool-2-thread-1"                   [_thread_blocked, id=2044, stack(0x0000006037f00000,0x0000006038000000) (1024K)]
  0x000001de70dd6b50 JavaThread "WorkspaceEventsHandler"            [_thread_blocked, id=16244, stack(0x0000006038000000,0x0000006038100000) (1024K)]
  0x000001de70dd71e0 JavaThread "pool-1-thread-1"                   [_thread_blocked, id=11924, stack(0x0000006038100000,0x0000006038200000) (1024K)]
  0x000001de6e6af040 JavaThread "Cleaner-0"                  daemon [_thread_blocked, id=17540, stack(0x0000006034f00000,0x0000006035000000) (1024K)]
  0x000001de6e6b03f0 JavaThread "Java Debug Server"          daemon [_thread_in_native, id=10788, stack(0x0000006036700000,0x0000006036800000) (1024K)]
  0x000001de6e6b1e30 JavaThread "RxSchedulerPurge-1"         daemon [_thread_blocked, id=7084, stack(0x0000006039300000,0x0000006039400000) (1024K)]
  0x000001de6e6ae9b0 JavaThread "RxCachedWorkerPoolEvictor-1" daemon [_thread_blocked, id=12232, stack(0x0000006039400000,0x0000006039500000) (1024K)]
  0x000001de72a332c0 JavaThread "Worker-7"                          [_thread_blocked, id=12332, stack(0x0000006038500000,0x0000006038600000) (1024K)]
  0x000001de72a360b0 JavaThread "ForkJoinPool.commonPool-worker-35" daemon [_thread_blocked, id=14176, stack(0x0000006034b00000,0x0000006034c00000) (1024K)]
  0x000001de72a34d00 JavaThread "ForkJoinPool.commonPool-worker-36" daemon [_thread_blocked, id=10372, stack(0x0000006034c00000,0x0000006034d00000) (1024K)]
  0x000001de72a38810 JavaThread "pool-4-thread-2"                   [_thread_in_native, id=13688, stack(0x0000006036b00000,0x0000006036c00000) (1024K)]
  0x000001de72a32c30 JavaThread "ForkJoinPool.commonPool-worker-38" daemon [_thread_blocked, id=20228, stack(0x0000006033d00000,0x0000006033e00000) (1024K)]
  0x000001de72a38180 JavaThread "ForkJoinPool.commonPool-worker-39" daemon [_thread_blocked, id=11584, stack(0x0000006034d00000,0x0000006034e00000) (1024K)]
  0x000001de6e6af6d0 JavaThread "ForkJoinPool.commonPool-worker-41" daemon [_thread_blocked, id=9620, stack(0x0000006038200000,0x0000006038300000) (1024K)]
  0x000001de6e6b0a80 JavaThread "ForkJoinPool.commonPool-worker-42" daemon [_thread_blocked, id=12608, stack(0x0000006038600000,0x0000006038700000) (1024K)]
  0x000001de6e6ae320 JavaThread "ForkJoinPool.commonPool-worker-43" daemon [_thread_blocked, id=27220, stack(0x0000006038700000,0x0000006038800000) (1024K)]
  0x000001de6e6b3870 JavaThread "ForkJoinPool.commonPool-worker-45" daemon [_thread_blocked, id=4700, stack(0x0000006038a00000,0x0000006038b00000) (1024K)]
  0x000001de6e6b52b0 JavaThread "ForkJoinPool.commonPool-worker-46" daemon [_thread_blocked, id=25640, stack(0x0000006038b00000,0x0000006038c00000) (1024K)]
  0x000001de6e6b3f00 JavaThread "ForkJoinPool.commonPool-worker-47" daemon [_thread_blocked, id=10248, stack(0x0000006038c00000,0x0000006038d00000) (1024K)]
  0x000001de6e6b4590 JavaThread "ForkJoinPool.commonPool-worker-48" daemon [_thread_blocked, id=1800, stack(0x0000006038d00000,0x0000006038e00000) (1024K)]
  0x000001de70dd8c20 JavaThread "Worker-9"                          [_thread_blocked, id=26912, stack(0x0000006033c00000,0x0000006033d00000) (1024K)]
  0x000001de70dd92b0 JavaThread "ForkJoinPool.commonPool-worker-50" daemon [_thread_blocked, id=28344, stack(0x0000006036600000,0x0000006036700000) (1024K)]
  0x000001de72a33950 JavaThread "RxNewThreadScheduler-7"     daemon [_thread_blocked, id=9288, stack(0x0000006036500000,0x0000006036600000) (1024K)]
  0x000001de72a39bc0 JavaThread "Packet Receive Manager"     daemon [_thread_in_native, id=14700, stack(0x0000006036c00000,0x0000006036d00000) (1024K)]
  0x000001de72a37460 JavaThread "Packet Send Manager"        daemon [_thread_blocked, id=23628, stack(0x0000006039100000,0x0000006039200000) (1024K)]
  0x000001de6eff78e0 JavaThread "Event Hub"                  daemon [_thread_blocked, id=27952, stack(0x0000006036d00000,0x0000006036e00000) (1024K)]
Total: 63

Other Threads:
  0x000001de674b32d0 VMThread "VM Thread"                           [id=18868, stack(0x0000006034200000,0x0000006034300000) (1024K)]
  0x000001de0e37ca00 WatcherThread "VM Periodic Task Thread"        [id=22936, stack(0x0000006034100000,0x0000006034200000) (1024K)]
  0x000001de0e50de60 WorkerThread "GC Thread#0"                     [id=5700, stack(0x0000006034000000,0x0000006034100000) (1024K)]
  0x000001de6daf3900 WorkerThread "GC Thread#1"                     [id=5912, stack(0x0000006035200000,0x0000006035300000) (1024K)]
  0x000001de6daf2010 WorkerThread "GC Thread#2"                     [id=4136, stack(0x0000006035300000,0x0000006035400000) (1024K)]
  0x000001de6d7bdc60 WorkerThread "GC Thread#3"                     [id=2632, stack(0x0000006035400000,0x0000006035500000) (1024K)]
  0x000001de6d7be010 WorkerThread "GC Thread#4"                     [id=12580, stack(0x0000006035500000,0x0000006035600000) (1024K)]
  0x000001de6d7cd720 WorkerThread "GC Thread#5"                     [id=15724, stack(0x0000006035600000,0x0000006035700000) (1024K)]
  0x000001de6d7cdad0 WorkerThread "GC Thread#6"                     [id=8184, stack(0x0000006035700000,0x0000006035800000) (1024K)]
  0x000001de6db83080 WorkerThread "GC Thread#7"                     [id=7012, stack(0x0000006035900000,0x0000006035a00000) (1024K)]
  0x000001de6def4140 WorkerThread "GC Thread#8"                     [id=20572, stack(0x0000006035d00000,0x0000006035e00000) (1024K)]
  0x000001de6da59980 WorkerThread "GC Thread#9"                     [id=19572, stack(0x0000006035e00000,0x0000006035f00000) (1024K)]
  0x000001de6da2de70 WorkerThread "GC Thread#10"                    [id=11860, stack(0x0000006035f00000,0x0000006036000000) (1024K)]
  0x000001de6e3407a0 WorkerThread "GC Thread#11"                    [id=9484, stack(0x0000006036200000,0x0000006036300000) (1024K)]
  0x000001de6e340b50 WorkerThread "GC Thread#12"                    [id=16844, stack(0x0000006036300000,0x0000006036400000) (1024K)]
Total: 15

Threads with active compile tasks:
Total: 0

VM state: not at safepoint (normal execution)

VM Mutex/Monitor currently owned by a thread: None

Heap address: 0x0000000080000000, size: 2048 MB, Compressed Oops mode: 32-bit

CDS archive(s) mapped at: [0x000001de25000000-0x000001de25ba0000-0x000001de25ba0000), size 12189696, SharedBaseAddress: 0x000001de25000000, ArchiveRelocationMode: 1.
Compressed class space mapped at: 0x000001de26000000-0x000001de66000000, reserved size: 1073741824
Narrow klass base: 0x000001de25000000, Narrow klass shift: 0, Narrow klass range: 0x100000000

GC Precious Log:
 CardTable entry size: 512
 CPUs: 16 total, 16 available
 Memory: 5996M
 Large Page Support: Disabled
 NUMA Support: Disabled
 Compressed Oops: Enabled (32-bit)
 Alignments: Space 512K, Generation 512K, Heap 2M
 Heap Min Capacity: 100M
 Heap Initial Capacity: 100M
 Heap Max Capacity: 2G
 Pre-touch: Disabled
 Parallel Workers: 13

Heap:
 PSYoungGen      total 3584K, used 881K [0x00000000d5580000, 0x00000000d5a00000, 0x0000000100000000)
  eden space 3072K, 18% used [0x00000000d5580000,0x00000000d560c468,0x00000000d5880000)
  from space 512K, 62% used [0x00000000d5980000,0x00000000d59d0000,0x00000000d5a00000)
  to   space 512K, 0% used [0x00000000d5900000,0x00000000d5900000,0x00000000d5980000)
 ParOldGen       total 1177600K, used 131096K [0x0000000080000000, 0x00000000c7e00000, 0x00000000d5580000)
  object space 1177600K, 11% used [0x0000000080000000,0x0000000088006348,0x00000000c7e00000)
 Metaspace       used 104043K, committed 106112K, reserved 1179648K
  class space    used 10742K, committed 11712K, reserved 1048576K

Card table byte_map: [0x000001de0de90000,0x000001de0e2a0000] _byte_map_base: 0x000001de0da90000

Marking Bits: (ParMarkBitMap*) 0x00007fffd5413450
 Begin Bits: [0x000001de209a0000, 0x000001de229a0000)
 End Bits:   [0x000001de229a0000, 0x000001de249a0000)

Polling page: 0x000001de0c350000

Metaspace:

Usage:
  Non-class:     91.11 MB used.
      Class:     10.49 MB used.
       Both:    101.60 MB used.

Virtual space:
  Non-class space:      128.00 MB reserved,      92.19 MB ( 72%) committed,  2 nodes.
      Class space:        1.00 GB reserved,      11.44 MB (  1%) committed,  1 nodes.
             Both:        1.12 GB reserved,     103.62 MB (  9%) committed. 

Chunk freelists:
   Non-Class:  3.30 MB
       Class:  4.55 MB
        Both:  7.85 MB

MaxMetaspaceSize: unlimited
CompressedClassSpaceSize: 1.00 GB
Initial GC threshold: 21.00 MB
Current GC threshold: 171.81 MB
CDS: on
 - commit_granule_bytes: 65536.
 - commit_granule_words: 8192.
 - virtual_space_node_default_size: 8388608.
 - enlarge_chunks_in_place: 1.
 - use_allocation_guard: 0.


Internal statistics:

num_allocs_failed_limit: 9.
num_arena_births: 2004.
num_arena_deaths: 456.
num_vsnodes_births: 3.
num_vsnodes_deaths: 0.
num_space_committed: 1658.
num_space_uncommitted: 0.
num_chunks_returned_to_freelist: 562.
num_chunks_taken_from_freelist: 7297.
num_chunk_merges: 143.
num_chunk_splits: 4276.
num_chunks_enlarged: 2273.
num_inconsistent_stats: 0.

CodeHeap 'non-profiled nmethods': size=119168Kb used=22914Kb max_used=24794Kb free=96253Kb
 bounds [0x000001de19290000, 0x000001de1aad0000, 0x000001de206f0000]
CodeHeap 'profiled nmethods': size=119104Kb used=55699Kb max_used=60096Kb free=63404Kb
 bounds [0x000001de116f0000, 0x000001de151b0000, 0x000001de18b40000]
CodeHeap 'non-nmethods': size=7488Kb used=1561Kb max_used=3307Kb free=5926Kb
 bounds [0x000001de18b40000, 0x000001de18e90000, 0x000001de19290000]
CodeCache: size=245760Kb, used=80174Kb, max_used=88197Kb, free=165583Kb
 total_blobs=21550, nmethods=20661, adapters=788, full_count=0
Compilation: enabled, stopped_count=0, restarted_count=0

Compilation events (20 events):
Event: 26626.784 Thread 0x000001de674f40d0 27401       4       java.io.ObjectOutputStream$ReplaceTable::lookup (24 bytes)
Event: 26626.789 Thread 0x000001de674f40d0 nmethod 27401 0x000001de19cc9710 code [0x000001de19cc98c0, 0x000001de19cc9ba8]
Event: 26626.789 Thread 0x000001de674f40d0 27400       4       java.io.ObjectOutputStream$HandleTable::assign (52 bytes)
Event: 26626.795 Thread 0x000001de674f40d0 nmethod 27400 0x000001de195a2c90 code [0x000001de195a2e60, 0x000001de195a31a0]
Event: 26626.795 Thread 0x000001de674f40d0 27403       4       java.lang.ClassValue::get (31 bytes)
Event: 26626.801 Thread 0x000001de674f40d0 nmethod 27403 0x000001de19319d90 code [0x000001de19319f40, 0x000001de1931a108]
Event: 26626.816 Thread 0x000001de674f40d0 27404   !   4       java.io.ObjectOutputStream::defaultWriteFields (288 bytes)
Event: 26626.935 Thread 0x000001de674f40d0 nmethod 27404 0x000001de19e03910 code [0x000001de19e03d40, 0x000001de19e064f0]
Event: 26626.942 Thread 0x000001de674f5570 27405   !   3       java.io.BufferedOutputStream::flush (60 bytes)
Event: 26626.946 Thread 0x000001de674f5570 nmethod 27405 0x000001de13b05190 code [0x000001de13b05480, 0x000001de13b06598]
Event: 26626.946 Thread 0x000001de674f5570 27406       3       java.io.BufferedOutputStream::implFlush (12 bytes)
Event: 26626.946 Thread 0x000001de674f5570 nmethod 27406 0x000001de12470710 code [0x000001de124708e0, 0x000001de12470c30]
Event: 26626.972 Thread 0x000001de674f5570 27407       3       com.sun.org.apache.xerces.internal.impl.dtd.XMLDTDProcessor::getFeatureDefault (36 bytes)
Event: 26626.974 Thread 0x000001de674f5570 nmethod 27407 0x000001de1257ab90 code [0x000001de1257ad60, 0x000001de1257aff0]
Event: 26626.974 Thread 0x000001de674f5570 27408       3       com.sun.org.apache.xerces.internal.impl.dtd.XMLDTDProcessor::getPropertyDefault (36 bytes)
Event: 26626.974 Thread 0x000001de674f5570 nmethod 27408 0x000001de12590990 code [0x000001de12590b60, 0x000001de12590df0]
Event: 26627.112 Thread 0x000001de674f5570 27409       3       org.eclipse.core.internal.utils.Policy::subMonitorFor (31 bytes)
Event: 26627.115 Thread 0x000001de674f5570 nmethod 27409 0x000001de12585810 code [0x000001de12585a00, 0x000001de12585ec0]
Event: 26627.138 Thread 0x000001de674f5570 27410       3       org.eclipse.core.internal.resources.MarkerManager::getChangeId (8 bytes)
Event: 26627.139 Thread 0x000001de674f5570 nmethod 27410 0x000001de11ddfb10 code [0x000001de11ddfca0, 0x000001de11ddfdd8]

GC Heap History (20 events):
Event: 26484.745 GC heap before
{Heap before GC invocations=2991 (full 6):
 PSYoungGen      total 4096K, used 4080K [0x00000000d5580000, 0x00000000d5c00000, 0x0000000100000000)
  eden space 3072K, 100% used [0x00000000d5580000,0x00000000d5880000,0x00000000d5880000)
  from space 1024K, 98% used [0x00000000d5a00000,0x00000000d5afc010,0x00000000d5b00000)
  to   space 1536K, 0% used [0x00000000d5880000,0x00000000d5880000,0x00000000d5a00000)
 ParOldGen       total 1177600K, used 129293K [0x0000000080000000, 0x00000000c7e00000, 0x00000000d5580000)
  object space 1177600K, 10% used [0x0000000080000000,0x0000000087e43680,0x00000000c7e00000)
 Metaspace       used 104029K, committed 106112K, reserved 1179648K
  class space    used 10741K, committed 11712K, reserved 1048576K
}
Event: 26484.746 GC heap after
{Heap after GC invocations=2991 (full 6):
 PSYoungGen      total 4096K, used 858K [0x00000000d5580000, 0x00000000d5a80000, 0x0000000100000000)
  eden space 3072K, 0% used [0x00000000d5580000,0x00000000d5580000,0x00000000d5880000)
  from space 1024K, 83% used [0x00000000d5880000,0x00000000d5956900,0x00000000d5980000)
  to   space 1024K, 0% used [0x00000000d5980000,0x00000000d5980000,0x00000000d5a80000)
 ParOldGen       total 1177600K, used 129357K [0x0000000080000000, 0x00000000c7e00000, 0x00000000d5580000)
  object space 1177600K, 10% used [0x0000000080000000,0x0000000087e53680,0x00000000c7e00000)
 Metaspace       used 104029K, committed 106112K, reserved 1179648K
  class space    used 10741K, committed 11712K, reserved 1048576K
}
Event: 26485.328 GC heap before
{Heap before GC invocations=2992 (full 6):
 PSYoungGen      total 4096K, used 3930K [0x00000000d5580000, 0x00000000d5a80000, 0x0000000100000000)
  eden space 3072K, 100% used [0x00000000d5580000,0x00000000d5880000,0x00000000d5880000)
  from space 1024K, 83% used [0x00000000d5880000,0x00000000d5956900,0x00000000d5980000)
  to   space 1024K, 0% used [0x00000000d5980000,0x00000000d5980000,0x00000000d5a80000)
 ParOldGen       total 1177600K, used 129357K [0x0000000080000000, 0x00000000c7e00000, 0x00000000d5580000)
  object space 1177600K, 10% used [0x0000000080000000,0x0000000087e53680,0x00000000c7e00000)
 Metaspace       used 104029K, committed 106112K, reserved 1179648K
  class space    used 10741K, committed 11712K, reserved 1048576K
}
Event: 26485.329 GC heap after
{Heap after GC invocations=2992 (full 6):
 PSYoungGen      total 4096K, used 528K [0x00000000d5580000, 0x00000000d5a80000, 0x0000000100000000)
  eden space 3072K, 0% used [0x00000000d5580000,0x00000000d5580000,0x00000000d5880000)
  from space 1024K, 51% used [0x00000000d5980000,0x00000000d5a04010,0x00000000d5a80000)
  to   space 1024K, 0% used [0x00000000d5880000,0x00000000d5880000,0x00000000d5980000)
 ParOldGen       total 1177600K, used 129373K [0x0000000080000000, 0x00000000c7e00000, 0x00000000d5580000)
  object space 1177600K, 10% used [0x0000000080000000,0x0000000087e57680,0x00000000c7e00000)
 Metaspace       used 104029K, committed 106112K, reserved 1179648K
  class space    used 10741K, committed 11712K, reserved 1048576K
}
Event: 26485.336 GC heap before
{Heap before GC invocations=2993 (full 6):
 PSYoungGen      total 4096K, used 3600K [0x00000000d5580000, 0x00000000d5a80000, 0x0000000100000000)
  eden space 3072K, 100% used [0x00000000d5580000,0x00000000d5880000,0x00000000d5880000)
  from space 1024K, 51% used [0x00000000d5980000,0x00000000d5a04010,0x00000000d5a80000)
  to   space 1024K, 0% used [0x00000000d5880000,0x00000000d5880000,0x00000000d5980000)
 ParOldGen       total 1177600K, used 129373K [0x0000000080000000, 0x00000000c7e00000, 0x00000000d5580000)
  object space 1177600K, 10% used [0x0000000080000000,0x0000000087e57680,0x00000000c7e00000)
 Metaspace       used 104029K, committed 106112K, reserved 1179648K
  class space    used 10741K, committed 11712K, reserved 1048576K
}
Event: 26485.337 GC heap after
{Heap after GC invocations=2993 (full 6):
 PSYoungGen      total 4096K, used 416K [0x00000000d5580000, 0x00000000d5a00000, 0x0000000100000000)
  eden space 3072K, 0% used [0x00000000d5580000,0x00000000d5580000,0x00000000d5880000)
  from space 1024K, 40% used [0x00000000d5880000,0x00000000d58e8000,0x00000000d5980000)
  to   space 512K, 0% used [0x00000000d5980000,0x00000000d5980000,0x00000000d5a00000)
 ParOldGen       total 1177600K, used 129746K [0x0000000080000000, 0x00000000c7e00000, 0x00000000d5580000)
  object space 1177600K, 11% used [0x0000000080000000,0x0000000087eb4890,0x00000000c7e00000)
 Metaspace       used 104029K, committed 106112K, reserved 1179648K
  class space    used 10741K, committed 11712K, reserved 1048576K
}
Event: 26485.729 GC heap before
{Heap before GC invocations=2994 (full 6):
 PSYoungGen      total 4096K, used 3488K [0x00000000d5580000, 0x00000000d5a00000, 0x0000000100000000)
  eden space 3072K, 100% used [0x00000000d5580000,0x00000000d5880000,0x00000000d5880000)
  from space 1024K, 40% used [0x00000000d5880000,0x00000000d58e8000,0x00000000d5980000)
  to   space 512K, 0% used [0x00000000d5980000,0x00000000d5980000,0x00000000d5a00000)
 ParOldGen       total 1177600K, used 129746K [0x0000000080000000, 0x00000000c7e00000, 0x00000000d5580000)
  object space 1177600K, 11% used [0x0000000080000000,0x0000000087eb4890,0x00000000c7e00000)
 Metaspace       used 104030K, committed 106112K, reserved 1179648K
  class space    used 10741K, committed 11712K, reserved 1048576K
}
Event: 26485.730 GC heap after
{Heap after GC invocations=2994 (full 6):
 PSYoungGen      total 3584K, used 506K [0x00000000d5580000, 0x00000000d5a80000, 0x0000000100000000)
  eden space 3072K, 0% used [0x00000000d5580000,0x00000000d5580000,0x00000000d5880000)
  from space 512K, 98% used [0x00000000d5980000,0x00000000d59fe900,0x00000000d5a00000)
  to   space 1024K, 0% used [0x00000000d5880000,0x00000000d5880000,0x00000000d5980000)
 ParOldGen       total 1177600K, used 130050K [0x0000000080000000, 0x00000000c7e00000, 0x00000000d5580000)
  object space 1177600K, 11% used [0x0000000080000000,0x0000000087f00890,0x00000000c7e00000)
 Metaspace       used 104030K, committed 106112K, reserved 1179648K
  class space    used 10741K, committed 11712K, reserved 1048576K
}
Event: 26485.736 GC heap before
{Heap before GC invocations=2995 (full 6):
 PSYoungGen      total 3584K, used 3578K [0x00000000d5580000, 0x00000000d5a80000, 0x0000000100000000)
  eden space 3072K, 100% used [0x00000000d5580000,0x00000000d5880000,0x00000000d5880000)
  from space 512K, 98% used [0x00000000d5980000,0x00000000d59fe900,0x00000000d5a00000)
  to   space 1024K, 0% used [0x00000000d5880000,0x00000000d5880000,0x00000000d5980000)
 ParOldGen       total 1177600K, used 130050K [0x0000000080000000, 0x00000000c7e00000, 0x00000000d5580000)
  object space 1177600K, 11% used [0x0000000080000000,0x0000000087f00890,0x00000000c7e00000)
 Metaspace       used 104030K, committed 106112K, reserved 1179648K
  class space    used 10741K, committed 11712K, reserved 1048576K
}
Event: 26485.737 GC heap after
{Heap after GC invocations=2995 (full 6):
 PSYoungGen      total 4096K, used 474K [0x00000000d5580000, 0x00000000d5a80000, 0x0000000100000000)
  eden space 3072K, 0% used [0x00000000d5580000,0x00000000d5580000,0x00000000d5880000)
  from space 1024K, 46% used [0x00000000d5880000,0x00000000d58f6900,0x00000000d5980000)
  to   space 1024K, 0% used [0x00000000d5980000,0x00000000d5980000,0x00000000d5a80000)
 ParOldGen       total 1177600K, used 130483K [0x0000000080000000, 0x00000000c7e00000, 0x00000000d5580000)
  object space 1177600K, 11% used [0x0000000080000000,0x0000000087f6ccb8,0x00000000c7e00000)
 Metaspace       used 104030K, committed 106112K, reserved 1179648K
  class space    used 10741K, committed 11712K, reserved 1048576K
}
Event: 26485.741 GC heap before
{Heap before GC invocations=2996 (full 6):
 PSYoungGen      total 4096K, used 3546K [0x00000000d5580000, 0x00000000d5a80000, 0x0000000100000000)
  eden space 3072K, 100% used [0x00000000d5580000,0x00000000d5880000,0x00000000d5880000)
  from space 1024K, 46% used [0x00000000d5880000,0x00000000d58f6900,0x00000000d5980000)
  to   space 1024K, 0% used [0x00000000d5980000,0x00000000d5980000,0x00000000d5a80000)
 ParOldGen       total 1177600K, used 130483K [0x0000000080000000, 0x00000000c7e00000, 0x00000000d5580000)
  object space 1177600K, 11% used [0x0000000080000000,0x0000000087f6ccb8,0x00000000c7e00000)
 Metaspace       used 104030K, committed 106112K, reserved 1179648K
  class space    used 10741K, committed 11712K, reserved 1048576K
}
Event: 26485.743 GC heap after
{Heap after GC invocations=2996 (full 6):
 PSYoungGen      total 4096K, used 512K [0x00000000d5580000, 0x00000000d5a80000, 0x0000000100000000)
  eden space 3072K, 0% used [0x00000000d5580000,0x00000000d5580000,0x00000000d5880000)
  from space 1024K, 50% used [0x00000000d5980000,0x00000000d5a00000,0x00000000d5a80000)
  to   space 1024K, 0% used [0x00000000d5880000,0x00000000d5880000,0x00000000d5980000)
 ParOldGen       total 1177600K, used 130812K [0x0000000080000000, 0x00000000c7e00000, 0x00000000d5580000)
  object space 1177600K, 11% used [0x0000000080000000,0x0000000087fbf148,0x00000000c7e00000)
 Metaspace       used 104030K, committed 106112K, reserved 1179648K
  class space    used 10741K, committed 11712K, reserved 1048576K
}
Event: 26505.385 GC heap before
{Heap before GC invocations=2997 (full 6):
 PSYoungGen      total 4096K, used 3584K [0x00000000d5580000, 0x00000000d5a80000, 0x0000000100000000)
  eden space 3072K, 100% used [0x00000000d5580000,0x00000000d5880000,0x00000000d5880000)
  from space 1024K, 50% used [0x00000000d5980000,0x00000000d5a00000,0x00000000d5a80000)
  to   space 1024K, 0% used [0x00000000d5880000,0x00000000d5880000,0x00000000d5980000)
 ParOldGen       total 1177600K, used 130812K [0x0000000080000000, 0x00000000c7e00000, 0x00000000d5580000)
  object space 1177600K, 11% used [0x0000000080000000,0x0000000087fbf148,0x00000000c7e00000)
 Metaspace       used 104031K, committed 106112K, reserved 1179648K
  class space    used 10741K, committed 11712K, reserved 1048576K
}
Event: 26505.386 GC heap after
{Heap after GC invocations=2997 (full 6):
 PSYoungGen      total 4096K, used 442K [0x00000000d5580000, 0x00000000d5a00000, 0x0000000100000000)
  eden space 3072K, 0% used [0x00000000d5580000,0x00000000d5580000,0x00000000d5880000)
  from space 1024K, 43% used [0x00000000d5880000,0x00000000d58ee900,0x00000000d5980000)
  to   space 512K, 0% used [0x00000000d5980000,0x00000000d5980000,0x00000000d5a00000)
 ParOldGen       total 1177600K, used 130868K [0x0000000080000000, 0x00000000c7e00000, 0x00000000d5580000)
  object space 1177600K, 11% used [0x0000000080000000,0x0000000087fcd148,0x00000000c7e00000)
 Metaspace       used 104031K, committed 106112K, reserved 1179648K
  class space    used 10741K, committed 11712K, reserved 1048576K
}
Event: 26505.391 GC heap before
{Heap before GC invocations=2998 (full 6):
 PSYoungGen      total 4096K, used 3514K [0x00000000d5580000, 0x00000000d5a00000, 0x0000000100000000)
  eden space 3072K, 100% used [0x00000000d5580000,0x00000000d5880000,0x00000000d5880000)
  from space 1024K, 43% used [0x00000000d5880000,0x00000000d58ee900,0x00000000d5980000)
  to   space 512K, 0% used [0x00000000d5980000,0x00000000d5980000,0x00000000d5a00000)
 ParOldGen       total 1177600K, used 130868K [0x0000000080000000, 0x00000000c7e00000, 0x00000000d5580000)
  object space 1177600K, 11% used [0x0000000080000000,0x0000000087fcd148,0x00000000c7e00000)
 Metaspace       used 104031K, committed 106112K, reserved 1179648K
  class space    used 10741K, committed 11712K, reserved 1048576K
}
Event: 26505.392 GC heap after
{Heap after GC invocations=2998 (full 6):
 PSYoungGen      total 3584K, used 512K [0x00000000d5580000, 0x00000000d5a80000, 0x0000000100000000)
  eden space 3072K, 0% used [0x00000000d5580000,0x00000000d5580000,0x00000000d5880000)
  from space 512K, 100% used [0x00000000d5980000,0x00000000d5a00000,0x00000000d5a00000)
  to   space 1024K, 0% used [0x00000000d5880000,0x00000000d5880000,0x00000000d5980000)
 ParOldGen       total 1177600K, used 131008K [0x0000000080000000, 0x00000000c7e00000, 0x00000000d5580000)
  object space 1177600K, 11% used [0x0000000080000000,0x0000000087ff0348,0x00000000c7e00000)
 Metaspace       used 104031K, committed 106112K, reserved 1179648K
  class space    used 10741K, committed 11712K, reserved 1048576K
}
Event: 26522.343 GC heap before
{Heap before GC invocations=2999 (full 6):
 PSYoungGen      total 3584K, used 3584K [0x00000000d5580000, 0x00000000d5a80000, 0x0000000100000000)
  eden space 3072K, 100% used [0x00000000d5580000,0x00000000d5880000,0x00000000d5880000)
  from space 512K, 100% used [0x00000000d5980000,0x00000000d5a00000,0x00000000d5a00000)
  to   space 1024K, 0% used [0x00000000d5880000,0x00000000d5880000,0x00000000d5980000)
 ParOldGen       total 1177600K, used 131008K [0x0000000080000000, 0x00000000c7e00000, 0x00000000d5580000)
  object space 1177600K, 11% used [0x0000000080000000,0x0000000087ff0348,0x00000000c7e00000)
 Metaspace       used 104033K, committed 106112K, reserved 1179648K
  class space    used 10741K, committed 11712K, reserved 1048576K
}
Event: 26522.345 GC heap after
{Heap after GC invocations=2999 (full 6):
 PSYoungGen      total 4096K, used 538K [0x00000000d5580000, 0x00000000d5a80000, 0x0000000100000000)
  eden space 3072K, 0% used [0x00000000d5580000,0x00000000d5580000,0x00000000d5880000)
  from space 1024K, 52% used [0x00000000d5880000,0x00000000d5906900,0x00000000d5980000)
  to   space 1024K, 0% used [0x00000000d5980000,0x00000000d5980000,0x00000000d5a80000)
 ParOldGen       total 1177600K, used 131040K [0x0000000080000000, 0x00000000c7e00000, 0x00000000d5580000)
  object space 1177600K, 11% used [0x0000000080000000,0x0000000087ff8348,0x00000000c7e00000)
 Metaspace       used 104033K, committed 106112K, reserved 1179648K
  class space    used 10741K, committed 11712K, reserved 1048576K
}
Event: 26618.590 GC heap before
{Heap before GC invocations=3000 (full 6):
 PSYoungGen      total 4096K, used 3610K [0x00000000d5580000, 0x00000000d5a80000, 0x0000000100000000)
  eden space 3072K, 99% used [0x00000000d5580000,0x00000000d587ffe0,0x00000000d5880000)
  from space 1024K, 52% used [0x00000000d5880000,0x00000000d5906900,0x00000000d5980000)
  to   space 1024K, 0% used [0x00000000d5980000,0x00000000d5980000,0x00000000d5a80000)
 ParOldGen       total 1177600K, used 131040K [0x0000000080000000, 0x00000000c7e00000, 0x00000000d5580000)
  object space 1177600K, 11% used [0x0000000080000000,0x0000000087ff8348,0x00000000c7e00000)
 Metaspace       used 104038K, committed 106112K, reserved 1179648K
  class space    used 10741K, committed 11712K, reserved 1048576K
}
Event: 26618.646 GC heap after
{Heap after GC invocations=3000 (full 6):
 PSYoungGen      total 3584K, used 320K [0x00000000d5580000, 0x00000000d5a00000, 0x0000000100000000)
  eden space 3072K, 0% used [0x00000000d5580000,0x00000000d5580000,0x00000000d5880000)
  from space 512K, 62% used [0x00000000d5980000,0x00000000d59d0000,0x00000000d5a00000)
  to   space 512K, 0% used [0x00000000d5900000,0x00000000d5900000,0x00000000d5980000)
 ParOldGen       total 1177600K, used 131096K [0x0000000080000000, 0x00000000c7e00000, 0x00000000d5580000)
  object space 1177600K, 11% used [0x0000000080000000,0x0000000088006348,0x00000000c7e00000)
 Metaspace       used 104038K, committed 106112K, reserved 1179648K
  class space    used 10741K, committed 11712K, reserved 1048576K
}

Dll operation events (12 events):
Event: 0.012 Loaded shared library c:\Users\Edilson\.vscode\extensions\redhat.java-1.53.0-win32-x64\jre\21.0.10-win32-x86_64\bin\java.dll
Event: 0.077 Loaded shared library c:\Users\Edilson\.vscode\extensions\redhat.java-1.53.0-win32-x64\jre\21.0.10-win32-x86_64\bin\zip.dll
Event: 0.102 Loaded shared library C:\Users\Edilson\.vscode\extensions\redhat.java-1.53.0-win32-x64\jre\21.0.10-win32-x86_64\bin\instrument.dll
Event: 0.109 Loaded shared library C:\Users\Edilson\.vscode\extensions\redhat.java-1.53.0-win32-x64\jre\21.0.10-win32-x86_64\bin\net.dll
Event: 0.112 Loaded shared library C:\Users\Edilson\.vscode\extensions\redhat.java-1.53.0-win32-x64\jre\21.0.10-win32-x86_64\bin\nio.dll
Event: 0.116 Loaded shared library C:\Users\Edilson\.vscode\extensions\redhat.java-1.53.0-win32-x64\jre\21.0.10-win32-x86_64\bin\zip.dll
Event: 0.135 Loaded shared library C:\Users\Edilson\.vscode\extensions\redhat.java-1.53.0-win32-x64\jre\21.0.10-win32-x86_64\bin\jimage.dll
Event: 0.211 Loaded shared library c:\Users\Edilson\.vscode\extensions\redhat.java-1.53.0-win32-x64\jre\21.0.10-win32-x86_64\bin\verify.dll
Event: 1.534 Loaded shared library C:\Users\Edilson\AppData\Roaming\Code\User\globalStorage\redhat.java\1.53.0\config_win\org.eclipse.equinox.launcher\org.eclipse.equinox.launcher.win32.win32.x86_64_1.3.0.v20260203-2149\eclipse_11919.dll
Event: 2.781 Loaded shared library C:\Users\Edilson\AppData\Local\Temp\jna--223539152\jna15857493223616365193.dll
Event: 4.846 Loaded shared library C:\Users\Edilson\.vscode\extensions\redhat.java-1.53.0-win32-x64\jre\21.0.10-win32-x86_64\bin\sunmscapi.dll
Event: 5.156 Loaded shared library C:\Users\Edilson\.vscode\extensions\redhat.java-1.53.0-win32-x64\jre\21.0.10-win32-x86_64\bin\extnet.dll

Deoptimization events (20 events):
Event: 26471.602 Thread 0x000001de72a33950 DEOPT PACKING pc=0x000001de1964c5a0 sp=0x00000060365fea10
Event: 26471.602 Thread 0x000001de72a33950 DEOPT UNPACKING pc=0x000001de18b93aa2 sp=0x00000060365fe940 mode 2
Event: 26471.602 Thread 0x000001de72a33950 Uncommon trap: trap_request=0xffffff45 fr.pc=0x000001de1947e8a4 relative=0x0000000000000264
Event: 26471.602 Thread 0x000001de72a33950 Uncommon trap: reason=unstable_if action=reinterpret pc=0x000001de1947e8a4 method=java.lang.String.getChars(II[CI)V @ 24 c2
Event: 26471.602 Thread 0x000001de72a33950 DEOPT PACKING pc=0x000001de1947e8a4 sp=0x00000060365fe760
Event: 26471.602 Thread 0x000001de72a33950 DEOPT UNPACKING pc=0x000001de18b93aa2 sp=0x00000060365fe6f8 mode 2
Event: 26484.603 Thread 0x000001de6e6b31e0 DEOPT PACKING pc=0x000001de14de84c1 sp=0x00000060388fe4f0
Event: 26484.603 Thread 0x000001de6e6b31e0 DEOPT UNPACKING pc=0x000001de18b94242 sp=0x00000060388fd9d0 mode 0
Event: 26484.738 Thread 0x000001de72a332c0 Uncommon trap: trap_request=0xffffff3d fr.pc=0x000001de1965c8c4 relative=0x00000000000002c4
Event: 26484.738 Thread 0x000001de72a332c0 Uncommon trap: reason=unstable_fused_if action=reinterpret pc=0x000001de1965c8c4 method=org.eclipse.jdt.internal.compiler.problem.ProblemReporter.computeSeverity(I)I @ 1 c2
Event: 26484.738 Thread 0x000001de72a332c0 DEOPT PACKING pc=0x000001de1965c8c4 sp=0x00000060385fe3b0
Event: 26484.738 Thread 0x000001de72a332c0 DEOPT UNPACKING pc=0x000001de18b93aa2 sp=0x00000060385fe338 mode 2
Event: 26485.334 Thread 0x000001de72a38ea0 Uncommon trap: trap_request=0xffffff6e fr.pc=0x000001de195a9138 relative=0x0000000000000978
Event: 26485.334 Thread 0x000001de72a38ea0 Uncommon trap: reason=loop_limit_check action=maybe_recompile pc=0x000001de195a9138 method=org.eclipse.jdt.internal.compiler.util.HashtableOfType.rehash()V @ 64 c2
Event: 26485.334 Thread 0x000001de72a38ea0 DEOPT PACKING pc=0x000001de195a9138 sp=0x0000006036afd310
Event: 26485.334 Thread 0x000001de72a38ea0 DEOPT UNPACKING pc=0x000001de18b93aa2 sp=0x0000006036afd2c0 mode 2
Event: 26626.624 Thread 0x000001de70dd8c20 Uncommon trap: trap_request=0xffffff45 fr.pc=0x000001de1a79644c relative=0x000000000000410c
Event: 26626.626 Thread 0x000001de70dd8c20 Uncommon trap: reason=unstable_if action=reinterpret pc=0x000001de1a79644c method=java.io.ClassCache.processQueue()V @ 9 c2
Event: 26626.626 Thread 0x000001de70dd8c20 DEOPT PACKING pc=0x000001de1a79644c sp=0x0000006033cfeb40
Event: 26626.628 Thread 0x000001de70dd8c20 DEOPT UNPACKING pc=0x000001de18b93aa2 sp=0x0000006033cfe9e8 mode 2

Classes loaded (20 events):
Event: 26429.459 Loading class java/lang/management/ThreadMXBean
Event: 26429.460 Loading class java/lang/management/ThreadMXBean done
Event: 26429.460 Loading class java/lang/management/RuntimeMXBean
Event: 26429.460 Loading class java/lang/management/RuntimeMXBean done
Event: 26429.461 Loading class javax/management/ObjectName
Event: 26429.462 Loading class javax/management/QueryExp
Event: 26429.462 Loading class javax/management/QueryExp done
Event: 26429.462 Loading class javax/management/ObjectName done
Event: 26457.760 Loading class java/util/concurrent/Future$State
Event: 26457.767 Loading class java/util/concurrent/Future$State done
Event: 26457.801 Loading class java/io/ObjectOutputStream$PutField
Event: 26457.802 Loading class java/io/ObjectOutputStream$PutField done
Event: 26457.803 Loading class java/io/ObjectInputValidation
Event: 26457.805 Loading class java/io/ObjectInputValidation done
Event: 26457.805 Loading class java/io/NotActiveException
Event: 26457.805 Loading class java/io/NotActiveException done
Event: 26469.733 Loading class java/lang/Throwable$WrappedPrintStream
Event: 26469.733 Loading class java/lang/Throwable$PrintStreamOrWriter
Event: 26469.733 Loading class java/lang/Throwable$PrintStreamOrWriter done
Event: 26469.733 Loading class java/lang/Throwable$WrappedPrintStream done

Classes unloaded (20 events):
Event: 26455.677 Thread 0x000001de674b32d0 Unloading class 0x000001de26016400 'java/lang/invoke/LambdaForm$MH+0x000001de26016400'
Event: 26455.677 Thread 0x000001de674b32d0 Unloading class 0x000001de26014800 'java/lang/invoke/LambdaForm$MH+0x000001de26014800'
Event: 26455.677 Thread 0x000001de674b32d0 Unloading class 0x000001de2600d800 'java/lang/invoke/LambdaForm$MH+0x000001de2600d800'
Event: 26455.677 Thread 0x000001de674b32d0 Unloading class 0x000001de2600d400 'java/lang/invoke/LambdaForm$MH+0x000001de2600d400'
Event: 26455.677 Thread 0x000001de674b32d0 Unloading class 0x000001de2600d000 'java/lang/invoke/LambdaForm$MH+0x000001de2600d000'
Event: 26455.677 Thread 0x000001de674b32d0 Unloading class 0x000001de2600cc00 'java/lang/invoke/LambdaForm$MH+0x000001de2600cc00'
Event: 26455.677 Thread 0x000001de674b32d0 Unloading class 0x000001de2600c800 'java/lang/invoke/LambdaForm$BMH+0x000001de2600c800'
Event: 26455.677 Thread 0x000001de674b32d0 Unloading class 0x000001de2600c000 'java/lang/invoke/LambdaForm$DMH+0x000001de2600c000'
Event: 26455.677 Thread 0x000001de674b32d0 Unloading class 0x000001de26008c00 'java/lang/invoke/LambdaForm$MH+0x000001de26008c00'
Event: 26455.677 Thread 0x000001de674b32d0 Unloading class 0x000001de26008800 'java/lang/invoke/LambdaForm$MH+0x000001de26008800'
Event: 26455.677 Thread 0x000001de674b32d0 Unloading class 0x000001de26008400 'java/lang/invoke/LambdaForm$MH+0x000001de26008400'
Event: 26455.677 Thread 0x000001de674b32d0 Unloading class 0x000001de26007000 'java/lang/invoke/LambdaForm$MH+0x000001de26007000'
Event: 26455.677 Thread 0x000001de674b32d0 Unloading class 0x000001de26006800 'java/lang/invoke/LambdaForm$MH+0x000001de26006800'
Event: 26455.677 Thread 0x000001de674b32d0 Unloading class 0x000001de26006400 'java/lang/invoke/LambdaForm$MH+0x000001de26006400'
Event: 26455.677 Thread 0x000001de674b32d0 Unloading class 0x000001de26006000 'java/lang/invoke/LambdaForm$MH+0x000001de26006000'
Event: 26455.677 Thread 0x000001de674b32d0 Unloading class 0x000001de26005c00 'java/lang/invoke/LambdaForm$BMH+0x000001de26005c00'
Event: 26455.677 Thread 0x000001de674b32d0 Unloading class 0x000001de26004800 'java/lang/invoke/LambdaForm$DMH+0x000001de26004800'
Event: 26455.677 Thread 0x000001de674b32d0 Unloading class 0x000001de26002400 'java/lang/invoke/LambdaForm$MH+0x000001de26002400'
Event: 26455.677 Thread 0x000001de674b32d0 Unloading class 0x000001de26002000 'java/lang/invoke/LambdaForm$MH+0x000001de26002000'
Event: 26455.677 Thread 0x000001de674b32d0 Unloading class 0x000001de26001800 'java/lang/invoke/LambdaForm$MH+0x000001de26001800'

Classes redefined (0 events):
No events

Internal exceptions (20 events):
Event: 26419.530 Thread 0x000001de72a33950 Implicit null exception at 0x000001de19701123 to 0x000001de1970158c
Event: 26419.572 Thread 0x000001de72a33950 Exception <a 'java/lang/NoSuchMethodError'{0x00000000d5a3f508}: 'java.lang.Object java.lang.invoke.DirectMethodHandle$Holder.newInvokeSpecial(java.lang.Object, java.lang.Object, java.lang.Object, int, int)'> (0x00000000d5a3f508) 
thrown [s\src\hotspot\share\interpreter\linkResolver.cpp, line 773]
Event: 26419.620 Thread 0x000001de72a33950 Exception <a 'java/lang/NoSuchMethodError'{0x00000000d5742ff0}: 'void java.lang.invoke.DirectMethodHandle$Holder.invokeSpecial(java.lang.Object, java.lang.Object, int, java.lang.Object, java.lang.Object)'> (0x00000000d5742ff0) 
thrown [s\src\hotspot\share\interpreter\linkResolver.cpp, line 773]
Event: 26421.564 Thread 0x000001de6eff78e0 Exception <a 'java/lang/NoSuchMethodError'{0x00000000d5748b78}: 'java.lang.Object java.lang.invoke.DirectMethodHandle$Holder.invokeSpecial(java.lang.Object, java.lang.Object, int, java.lang.Object, int, java.lang.Object)'> (0x00000000d5748b78) 
thrown [s\src\hotspot\share\interpreter\linkResolver.cpp, line 773]
Event: 26421.564 Thread 0x000001de6eff78e0 Exception <a 'java/lang/NoSuchMethodError'{0x00000000d574fe58}: 'java.lang.Object java.lang.invoke.DirectMethodHandle$Holder.newInvokeSpecial(java.lang.Object, java.lang.Object, int, java.lang.Object, int)'> (0x00000000d574fe58) 
thrown [s\src\hotspot\share\interpreter\linkResolver.cpp, line 773]
Event: 26421.565 Thread 0x000001de6eff78e0 Exception <a 'java/lang/NoSuchMethodError'{0x00000000d5754478}: 'java.lang.Object java.lang.invoke.DirectMethodHandle$Holder.invokeSpecial(java.lang.Object, java.lang.Object, java.lang.Object, int, java.lang.Object, int)'> (0x00000000d5754478) 
thrown [s\src\hotspot\share\interpreter\linkResolver.cpp, line 773]
Event: 26421.565 Thread 0x000001de6eff78e0 Exception <a 'java/lang/NoSuchMethodError'{0x00000000d5758048}: 'java.lang.Object java.lang.invoke.Invokers$Holder.linkToTargetMethod(java.lang.Object, int, java.lang.Object, int, java.lang.Object)'> (0x00000000d5758048) 
thrown [s\src\hotspot\share\interpreter\linkResolver.cpp, line 773]
Event: 26454.290 Thread 0x000001de72a33950 Implicit null exception at 0x000001de1aa34456 to 0x000001de1aa34854
Event: 26457.603 Thread 0x000001de72a33950 Implicit null exception at 0x000001de1aa47fb7 to 0x000001de1aa48cb9
Event: 26460.003 Thread 0x000001de72a33950 Exception <a 'java/lang/NoSuchMethodError'{0x00000000d58ff458}: 'java.lang.Object java.lang.invoke.DirectMethodHandle$Holder.invokeStatic(java.lang.Object, int, java.lang.Object, java.lang.Object, java.lang.Object)'> (0x00000000d58ff458) 
thrown [s\src\hotspot\share\interpreter\linkResolver.cpp, line 773]
Event: 26471.246 Thread 0x000001de6e6b31e0 Implicit null exception at 0x000001de19e4bb98 to 0x000001de19e4cfdc
Event: 26471.277 Thread 0x000001de72a38ea0 Implicit null exception at 0x000001de19c79435 to 0x000001de19c796a8
Event: 26471.277 Thread 0x000001de6e6b31e0 Implicit null exception at 0x000001de19c79435 to 0x000001de19c796a8
Event: 26471.401 Thread 0x000001de6e6b31e0 Implicit null exception at 0x000001de194f378e to 0x000001de194f3835
Event: 26471.401 Thread 0x000001de6e6b4c20 Exception <a 'java/lang/ArrayIndexOutOfBoundsException'{0x00000000d57fb658}: Index -1 out of bounds for length 13310> (0x00000000d57fb658) 
thrown [s\src\hotspot\share\interpreter\interpreterRuntime.cpp, line 439]
Event: 26471.402 Thread 0x000001de6e6b4c20 Exception <a 'java/lang/ArrayIndexOutOfBoundsException'{0x00000000d583f4f0}: Index -1 out of bounds for length 13310> (0x00000000d583f4f0) 
thrown [s\src\hotspot\share\interpreter\interpreterRuntime.cpp, line 439]
Event: 26471.403 Thread 0x000001de6e6b4c20 Exception <a 'java/lang/ArrayIndexOutOfBoundsException'{0x00000000d5852470}: Index -1 out of bounds for length 13310> (0x00000000d5852470) 
thrown [s\src\hotspot\share\interpreter\interpreterRuntime.cpp, line 439]
Event: 26471.403 Thread 0x000001de6e6b4c20 Exception <a 'java/lang/ArrayIndexOutOfBoundsException'{0x00000000d5857688}: Index -1 out of bounds for length 13310> (0x00000000d5857688) 
thrown [s\src\hotspot\share\interpreter\interpreterRuntime.cpp, line 439]
Event: 26626.543 Thread 0x000001de70dd8c20 Exception <a 'sun/nio/fs/WindowsException'{0x00000000d5596e10}> (0x00000000d5596e10) 
thrown [s\src\hotspot\share\prims\jni.cpp, line 520]
Event: 26626.548 Thread 0x000001de70dd8c20 Exception <a 'sun/nio/fs/WindowsException'{0x00000000d55976d8}> (0x00000000d55976d8) 
thrown [s\src\hotspot\share\prims\jni.cpp, line 520]

ZGC Phase Switch (0 events):
No events

VM Operations (20 events):
Event: 26505.385 Executing safepoint VM operation: ParallelGCFailedAllocation (Allocation Failure)
Event: 26505.386 Executing safepoint VM operation: ParallelGCFailedAllocation (Allocation Failure) done
Event: 26505.391 Executing safepoint VM operation: ParallelGCFailedAllocation (Allocation Failure)
Event: 26505.392 Executing safepoint VM operation: ParallelGCFailedAllocation (Allocation Failure) done
Event: 26506.397 Executing safepoint VM operation: Cleanup
Event: 26506.397 Executing safepoint VM operation: Cleanup done
Event: 26521.415 Executing non-safepoint VM operation: HandshakeAllThreads (HandshakeForDeflation)
Event: 26521.415 Executing non-safepoint VM operation: HandshakeAllThreads (HandshakeForDeflation) done
Event: 26521.415 Executing non-safepoint VM operation: RendezvousGCThreads
Event: 26521.415 Executing non-safepoint VM operation: RendezvousGCThreads done
Event: 26522.343 Executing safepoint VM operation: ParallelGCFailedAllocation (Allocation Failure)
Event: 26522.345 Executing safepoint VM operation: ParallelGCFailedAllocation (Allocation Failure) done
Event: 26581.503 Executing non-safepoint VM operation: HandshakeAllThreads (HandshakeForDeflation)
Event: 26581.505 Executing non-safepoint VM operation: HandshakeAllThreads (HandshakeForDeflation) done
Event: 26581.505 Executing non-safepoint VM operation: RendezvousGCThreads
Event: 26581.505 Executing non-safepoint VM operation: RendezvousGCThreads done
Event: 26618.590 Executing safepoint VM operation: ParallelGCFailedAllocation (Allocation Failure)
Event: 26618.646 Executing safepoint VM operation: ParallelGCFailedAllocation (Allocation Failure) done
Event: 26627.653 Executing safepoint VM operation: Cleanup
Event: 26627.654 Executing safepoint VM operation: Cleanup done

Memory protections (0 events):
No events

Nmethod flushes (20 events):
Event: 26457.136 Thread 0x000001de674b32d0 flushing  nmethod 0x000001de147a5710
Event: 26457.136 Thread 0x000001de674b32d0 flushing  nmethod 0x000001de1488da90
Event: 26457.136 Thread 0x000001de674b32d0 flushing  nmethod 0x000001de1488f190
Event: 26457.136 Thread 0x000001de674b32d0 flushing  nmethod 0x000001de14890810
Event: 26457.136 Thread 0x000001de674b32d0 flushing  nmethod 0x000001de14890e10
Event: 26457.136 Thread 0x000001de674b32d0 flushing  nmethod 0x000001de14894290
Event: 26457.136 Thread 0x000001de674b32d0 flushing  nmethod 0x000001de14894b90
Event: 26457.136 Thread 0x000001de674b32d0 flushing osr nmethod 0x000001de1489ad90
Event: 26457.136 Thread 0x000001de674b32d0 flushing osr nmethod 0x000001de1489ec90
Event: 26457.136 Thread 0x000001de674b32d0 flushing  nmethod 0x000001de148a2a90
Event: 26457.136 Thread 0x000001de674b32d0 flushing  nmethod 0x000001de148a4690
Event: 26457.136 Thread 0x000001de674b32d0 flushing osr nmethod 0x000001de148a8810
Event: 26457.136 Thread 0x000001de674b32d0 flushing  nmethod 0x000001de148ba210
Event: 26457.136 Thread 0x000001de674b32d0 flushing  nmethod 0x000001de1499b310
Event: 26457.136 Thread 0x000001de674b32d0 flushing  nmethod 0x000001de14a02e90
Event: 26457.136 Thread 0x000001de674b32d0 flushing  nmethod 0x000001de14a04290
Event: 26457.136 Thread 0x000001de674b32d0 flushing  nmethod 0x000001de14a04990
Event: 26457.136 Thread 0x000001de674b32d0 flushing  nmethod 0x000001de14a06690
Event: 26457.136 Thread 0x000001de674b32d0 flushing  nmethod 0x000001de14a10210
Event: 26457.136 Thread 0x000001de674b32d0 flushing  nmethod 0x000001de14a56890

Events (20 events):
Event: 26469.807 Thread 0x000001de72a33950 Thread added: 0x000001de6fb380e0
Event: 26470.116 Thread 0x000001de6fb380e0 Thread added: 0x000001de6fb3a840
Event: 26470.117 Thread 0x000001de6fb380e0 Thread added: 0x000001de6fb38770
Event: 26471.053 Thread 0x000001de6fb380e0 Thread exited: 0x000001de6fb380e0
Event: 26471.053 Thread 0x000001de6fb38770 Thread exited: 0x000001de6fb38770
Event: 26471.053 Thread 0x000001de6fb3a840 Thread exited: 0x000001de6fb3a840
Event: 26471.358 Thread 0x000001de674f5570 Thread added: 0x000001de6dcf1570
Event: 26471.358 Thread 0x000001de674f5570 Thread added: 0x000001de6dcf3780
Event: 26472.262 Thread 0x000001de72a39530 Thread exited: 0x000001de72a39530
Event: 26476.615 Thread 0x000001de6dcf3780 Thread exited: 0x000001de6dcf3780
Event: 26481.628 Thread 0x000001de6dcf1570 Thread exited: 0x000001de6dcf1570
Event: 26546.066 Thread 0x000001de6e6b31e0 Thread exited: 0x000001de6e6b31e0
Event: 26572.122 Thread 0x000001de70ddacf0 Thread exited: 0x000001de70ddacf0
Event: 26606.070 Thread 0x000001de72a38ea0 Thread exited: 0x000001de72a38ea0
Event: 26626.530 Thread 0x000001de70ddb380 Thread exited: 0x000001de70ddb380
Event: 26626.579 Thread 0x000001de70dd8c20 Thread added: 0x000001de6fb3aed0
Event: 26626.601 Thread 0x000001de6fb3aed0 Thread exited: 0x000001de6fb3aed0
Event: 26627.050 Thread 0x000001de70dd8c20 Thread added: 0x000001de6fb3a840
Event: 26627.052 Thread 0x000001de6fb3a840 Thread exited: 0x000001de6fb3a840
Event: 26666.077 Thread 0x000001de6e6b4c20 Thread exited: 0x000001de6e6b4c20


Dynamic libraries:
0x00007ff7e5010000 - 0x00007ff7e501e000 	c:\Users\Edilson\.vscode\extensions\redhat.java-1.53.0-win32-x64\jre\21.0.10-win32-x86_64\bin\java.exe
0x00007ff899a40000 - 0x00007ff899ca8000 	C:\WINDOWS\SYSTEM32\ntdll.dll
0x00007ff8990d0000 - 0x00007ff899199000 	C:\WINDOWS\System32\KERNEL32.DLL
0x00007ff896dc0000 - 0x00007ff8971b1000 	C:\WINDOWS\System32\KERNELBASE.dll
0x00007ff8972f0000 - 0x00007ff89743b000 	C:\WINDOWS\System32\ucrtbase.dll
0x00007ff883df0000 - 0x00007ff883e08000 	c:\Users\Edilson\.vscode\extensions\redhat.java-1.53.0-win32-x64\jre\21.0.10-win32-x86_64\bin\jli.dll
0x00007ff8721c0000 - 0x00007ff8721de000 	c:\Users\Edilson\.vscode\extensions\redhat.java-1.53.0-win32-x64\jre\21.0.10-win32-x86_64\bin\VCRUNTIME140.dll
0x00007ff899540000 - 0x00007ff899706000 	C:\WINDOWS\System32\USER32.dll
0x00007ff883b50000 - 0x00007ff883de3000 	C:\WINDOWS\WinSxS\amd64_microsoft.windows.common-controls_6595b64144ccf1df_6.0.26100.7824_none_3e0870b2e3345462\COMCTL32.dll
0x00007ff8977b0000 - 0x00007ff8977d7000 	C:\WINDOWS\System32\win32u.dll
0x00007ff8977e0000 - 0x00007ff89780b000 	C:\WINDOWS\System32\GDI32.dll
0x00007ff899230000 - 0x00007ff8992d9000 	C:\WINDOWS\System32\msvcrt.dll
0x00007ff8971c0000 - 0x00007ff8972eb000 	C:\WINDOWS\System32\gdi32full.dll
0x00007ff896320000 - 0x00007ff8963c3000 	C:\WINDOWS\System32\msvcp_win.dll
0x00007ff897810000 - 0x00007ff897841000 	C:\WINDOWS\System32\IMM32.DLL
0x00007ff87f120000 - 0x00007ff87f12c000 	c:\Users\Edilson\.vscode\extensions\redhat.java-1.53.0-win32-x64\jre\21.0.10-win32-x86_64\bin\vcruntime140_1.dll
0x00007fffd89e0000 - 0x00007fffd8a6d000 	c:\Users\Edilson\.vscode\extensions\redhat.java-1.53.0-win32-x64\jre\21.0.10-win32-x86_64\bin\msvcp140.dll
0x00007fffd4750000 - 0x00007fffd54f1000 	c:\Users\Edilson\.vscode\extensions\redhat.java-1.53.0-win32-x64\jre\21.0.10-win32-x86_64\bin\server\jvm.dll
0x00007ff898630000 - 0x00007ff8986e4000 	C:\WINDOWS\System32\ADVAPI32.dll
0x00007ff899880000 - 0x00007ff899926000 	C:\WINDOWS\System32\sechost.dll
0x00007ff898fb0000 - 0x00007ff8990c8000 	C:\WINDOWS\System32\RPCRT4.dll
0x00007ff8992e0000 - 0x00007ff899354000 	C:\WINDOWS\System32\WS2_32.dll
0x00007ff8961a0000 - 0x00007ff8961fe000 	C:\WINDOWS\SYSTEM32\POWRPROF.dll
0x00007ff88c190000 - 0x00007ff88c1c5000 	C:\WINDOWS\SYSTEM32\WINMM.dll
0x00007ff88de40000 - 0x00007ff88de4b000 	C:\WINDOWS\SYSTEM32\VERSION.dll
0x00007ff896180000 - 0x00007ff896194000 	C:\WINDOWS\SYSTEM32\UMPDC.dll
0x00007ff895090000 - 0x00007ff8950ab000 	C:\WINDOWS\SYSTEM32\kernel.appcore.dll
0x00007ff879350000 - 0x00007ff87935a000 	c:\Users\Edilson\.vscode\extensions\redhat.java-1.53.0-win32-x64\jre\21.0.10-win32-x86_64\bin\jimage.dll
0x00007ff88cf10000 - 0x00007ff88d152000 	C:\WINDOWS\SYSTEM32\DBGHELP.DLL
0x00007ff897f50000 - 0x00007ff8982d6000 	C:\WINDOWS\System32\combase.dll
0x00007ff898770000 - 0x00007ff898847000 	C:\WINDOWS\System32\OLEAUT32.dll
0x00007ff87e860000 - 0x00007ff87e89b000 	C:\WINDOWS\SYSTEM32\dbgcore.DLL
0x00007ff8975b0000 - 0x00007ff897655000 	C:\WINDOWS\System32\bcryptPrimitives.dll
0x00007ff875160000 - 0x00007ff87516f000 	c:\Users\Edilson\.vscode\extensions\redhat.java-1.53.0-win32-x64\jre\21.0.10-win32-x86_64\bin\instrument.dll
0x00007ff86eec0000 - 0x00007ff86eee0000 	c:\Users\Edilson\.vscode\extensions\redhat.java-1.53.0-win32-x64\jre\21.0.10-win32-x86_64\bin\java.dll
0x00007ff898850000 - 0x00007ff898fa2000 	C:\WINDOWS\System32\SHELL32.dll
0x00007ff897440000 - 0x00007ff8975aa000 	C:\WINDOWS\System32\wintypes.dll
0x00007ff896550000 - 0x00007ff896db3000 	C:\WINDOWS\System32\windows.storage.dll
0x00007ff898500000 - 0x00007ff8985f6000 	C:\WINDOWS\System32\SHCORE.dll
0x00007ff897ee0000 - 0x00007ff897f47000 	C:\WINDOWS\System32\shlwapi.dll
0x00007ff896240000 - 0x00007ff896269000 	C:\WINDOWS\SYSTEM32\profapi.dll
0x00007ff86f2b0000 - 0x00007ff86f2c8000 	c:\Users\Edilson\.vscode\extensions\redhat.java-1.53.0-win32-x64\jre\21.0.10-win32-x86_64\bin\zip.dll
0x00007ff871580000 - 0x00007ff871590000 	C:\Users\Edilson\.vscode\extensions\redhat.java-1.53.0-win32-x64\jre\21.0.10-win32-x86_64\bin\net.dll
0x00007ff88ef60000 - 0x00007ff88f087000 	C:\WINDOWS\SYSTEM32\WINHTTP.dll
0x00007ff895630000 - 0x00007ff89569b000 	C:\WINDOWS\system32\mswsock.dll
0x00007ff83dee0000 - 0x00007ff83def6000 	C:\Users\Edilson\.vscode\extensions\redhat.java-1.53.0-win32-x64\jre\21.0.10-win32-x86_64\bin\nio.dll
0x00007ff871130000 - 0x00007ff871140000 	c:\Users\Edilson\.vscode\extensions\redhat.java-1.53.0-win32-x64\jre\21.0.10-win32-x86_64\bin\verify.dll
0x00007ff843360000 - 0x00007ff8433a5000 	C:\Users\Edilson\AppData\Roaming\Code\User\globalStorage\redhat.java\1.53.0\config_win\org.eclipse.equinox.launcher\org.eclipse.equinox.launcher.win32.win32.x86_64_1.3.0.v20260203-2149\eclipse_11919.dll
0x00007ff897d40000 - 0x00007ff897ed7000 	C:\WINDOWS\System32\ole32.dll
0x00007ff895900000 - 0x00007ff89591b000 	C:\WINDOWS\SYSTEM32\CRYPTSP.dll
0x00007ff894ff0000 - 0x00007ff895029000 	C:\WINDOWS\system32\rsaenh.dll
0x00007ff8956e0000 - 0x00007ff89570b000 	C:\WINDOWS\SYSTEM32\USERENV.dll
0x00007ff896210000 - 0x00007ff89623a000 	C:\WINDOWS\SYSTEM32\bcrypt.dll
0x00007ff895920000 - 0x00007ff89592c000 	C:\WINDOWS\SYSTEM32\CRYPTBASE.dll
0x00007ff894a80000 - 0x00007ff894ab4000 	C:\WINDOWS\SYSTEM32\IPHLPAPI.DLL
0x00007ff899930000 - 0x00007ff89993a000 	C:\WINDOWS\System32\NSI.dll
0x00007ff84d6c0000 - 0x00007ff84d709000 	C:\Users\Edilson\AppData\Local\Temp\jna--223539152\jna15857493223616365193.dll
0x00007ff8984f0000 - 0x00007ff8984f8000 	C:\WINDOWS\System32\PSAPI.DLL
0x00007ff88ecb0000 - 0x00007ff88ecce000 	C:\WINDOWS\SYSTEM32\dhcpcsvc6.DLL
0x00007ff88e990000 - 0x00007ff88e9b3000 	C:\WINDOWS\SYSTEM32\dhcpcsvc.DLL
0x00007ff884be0000 - 0x00007ff884bee000 	C:\Users\Edilson\.vscode\extensions\redhat.java-1.53.0-win32-x64\jre\21.0.10-win32-x86_64\bin\sunmscapi.dll
0x00007ff8963d0000 - 0x00007ff896547000 	C:\WINDOWS\System32\CRYPT32.dll
0x00007ff895b20000 - 0x00007ff895b50000 	C:\WINDOWS\SYSTEM32\ncrypt.dll
0x00007ff895ad0000 - 0x00007ff895b0f000 	C:\WINDOWS\SYSTEM32\NTASN1.dll
0x00007ff894b10000 - 0x00007ff894c3c000 	C:\WINDOWS\SYSTEM32\DNSAPI.dll
0x00007ff88de30000 - 0x00007ff88de3b000 	C:\Windows\System32\rasadhlp.dll
0x00007ff88ce80000 - 0x00007ff88cf06000 	C:\WINDOWS\System32\fwpuclnt.dll
0x00007ff884bd0000 - 0x00007ff884bd9000 	C:\Users\Edilson\.vscode\extensions\redhat.java-1.53.0-win32-x64\jre\21.0.10-win32-x86_64\bin\extnet.dll
0x00007ff80b7b0000 - 0x00007ff80b7b8000 	C:\WINDOWS\system32\wshunix.dll

JVMTI agents:
c:\Users\Edilson\.vscode\extensions\redhat.java-1.53.0-win32-x64\lombok\lombok-1.18.39-4050.jar path:c:\Users\Edilson\.vscode\extensions\redhat.java-1.53.0-win32-x64\jre\21.0.10-win32-x86_64\bin\instrument.dll, loaded, initialized, instrumentlib options:none

dbghelp: loaded successfully - version: 4.0.5 - missing functions: none
symbol engine: initialized successfully - sym options: 0x614 - pdb path: .;c:\Users\Edilson\.vscode\extensions\redhat.java-1.53.0-win32-x64\jre\21.0.10-win32-x86_64\bin;C:\WINDOWS\SYSTEM32;C:\WINDOWS\WinSxS\amd64_microsoft.windows.common-controls_6595b64144ccf1df_6.0.26100.7824_none_3e0870b2e3345462;c:\Users\Edilson\.vscode\extensions\redhat.java-1.53.0-win32-x64\jre\21.0.10-win32-x86_64\bin\server;C:\Users\Edilson\AppData\Roaming\Code\User\globalStorage\redhat.java\1.53.0\config_win\org.eclipse.equinox.launcher\org.eclipse.equinox.launcher.win32.win32.x86_64_1.3.0.v20260203-2149;C:\Users\Edilson\AppData\Local\Temp\jna--223539152

VM Arguments:
jvm_args: --add-modules=ALL-SYSTEM --add-opens=java.base/java.util=ALL-UNNAMED --add-opens=java.base/java.lang=ALL-UNNAMED --add-opens=java.base/sun.nio.fs=ALL-UNNAMED -Declipse.application=org.eclipse.jdt.ls.core.id1 -Dosgi.bundles.defaultStartLevel=4 -Declipse.product=org.eclipse.jdt.ls.core.product -Djava.import.generatesMetadataFilesAtProjectRoot=false -DDetectVMInstallationsJob.disabled=true -Dfile.encoding=utf8 -XX:+UseParallelGC -XX:GCTimeRatio=4 -XX:AdaptiveSizePolicyWeight=90 -Dsun.zip.disableMemoryMapping=true -Xmx2G -Xms100m -Xlog:disable -javaagent:c:\Users\Edilson\.vscode\extensions\redhat.java-1.53.0-win32-x64\lombok\lombok-1.18.39-4050.jar -XX:+HeapDumpOnOutOfMemoryError -XX:HeapDumpPath=c:\Users\Edilson\AppData\Roaming\Code\User\workspaceStorage\7cbbe01527bab25306c0d5a1b16578e0\redhat.java -Daether.dependencyCollector.impl=bf 
java_command: c:\Users\Edilson\.vscode\extensions\redhat.java-1.53.0-win32-x64\server\plugins\org.eclipse.equinox.launcher_1.7.100.v20251111-0406.jar -configuration c:\Users\Edilson\AppData\Roaming\Code\User\globalStorage\redhat.java\1.53.0\config_win -data c:\Users\Edilson\AppData\Roaming\Code\User\workspaceStorage\7cbbe01527bab25306c0d5a1b16578e0\redhat.java\jdt_ws --pipe=\\.\pipe\lsp-5a9ec01b8cad05cd51c2677ed07a2c87-sock
java_class_path (initial): c:\Users\Edilson\.vscode\extensions\redhat.java-1.53.0-win32-x64\server\plugins\org.eclipse.equinox.launcher_1.7.100.v20251111-0406.jar
Launcher Type: SUN_STANDARD

[Global flags]
    uintx AdaptiveSizePolicyWeight                 = 90                                        {product} {command line}
     intx CICompilerCount                          = 12                                        {product} {ergonomic}
    uintx GCTimeRatio                              = 4                                         {product} {command line}
     bool HeapDumpOnOutOfMemoryError               = true                                   {manageable} {command line}
    ccstr HeapDumpPath                             = c:\Users\Edilson\AppData\Roaming\Code\User\workspaceStorage\7cbbe01527bab25306c0d5a1b16578e0\redhat.java         {manageable} {command line}
   size_t InitialHeapSize                          = 104857600                                 {product} {command line}
   size_t MaxHeapSize                              = 2147483648                                {product} {command line}
   size_t MaxNewSize                               = 715653120                                 {product} {ergonomic}
   size_t MinHeapDeltaBytes                        = 524288                                    {product} {ergonomic}
   size_t MinHeapSize                              = 104857600                                 {product} {command line}
   size_t NewSize                                  = 34603008                                  {product} {ergonomic}
    uintx NonNMethodCodeHeapSize                   = 7602480                                {pd product} {ergonomic}
    uintx NonProfiledCodeHeapSize                  = 122027880                              {pd product} {ergonomic}
   size_t OldSize                                  = 70254592                                  {product} {ergonomic}
    uintx ProfiledCodeHeapSize                     = 122027880                              {pd product} {ergonomic}
    uintx ReservedCodeCacheSize                    = 251658240                              {pd product} {ergonomic}
     bool SegmentedCodeCache                       = true                                      {product} {ergonomic}
   size_t SoftMaxHeapSize                          = 2147483648                             {manageable} {ergonomic}
     bool UseCompressedOops                        = true                           {product lp64_product} {ergonomic}
     bool UseLargePagesIndividualAllocation        = false                                  {pd product} {ergonomic}
     bool UseParallelGC                            = true                                      {product} {command line}

Logging:
Log output configuration:
 #0: stdout all=off uptime,level,tags foldmultilines=false
 #1: stderr all=off uptime,level,tags foldmultilines=false

Release file:
JAVA_VERSION="21.0.10" 
MODULES="java.base java.compiler java.datatransfer java.xml java.prefs java.desktop java.instrument java.logging java.management java.security.sasl java.naming java.rmi java.management.rmi java.net.http java.scripting java.security.jgss java.transaction.xa java.sql java.sql.rowset java.xml.crypto java.se java.smartcardio jdk.accessibility jdk.internal.jvmstat jdk.attach jdk.charsets jdk.internal.opt jdk.zipfs jdk.compiler jdk.crypto.ec jdk.crypto.cryptoki jdk.crypto.mscapi jdk.dynalink jdk.internal.ed jdk.editpad jdk.hotspot.agent jdk.httpserver jdk.internal.le jdk.internal.vm.ci jdk.internal.vm.compiler jdk.internal.vm.compiler.management jdk.jartool jdk.javadoc jdk.jcmd jdk.management jdk.management.agent jdk.jconsole jdk.jdeps jdk.jdwp.agent jdk.jdi jdk.jfr jdk.jshell jdk.jsobject jdk.jstatd jdk.localedata jdk.management.jfr jdk.naming.dns jdk.naming.rmi jdk.net jdk.nio.mapmode jdk.random jdk.sctp jdk.security.auth jdk.security.jgss jdk.unsupported jdk.unsupported.desktop jdk.xml.dom" 

Environment Variables:
JAVA_HOME=C:\Program Files\Java\jdk-25
PATH=C:\Program Files\Common Files\Oracle\Java\javapath;C:\WINDOWS\system32;C:\WINDOWS;C:\WINDOWS\System32\Wbem;C:\WINDOWS\System32\WindowsPowerShell\v1.0\;C:\WINDOWS\System32\OpenSSH\;C:\Program Files\Git\cmd;C:\Program Files\Java\jdk-25\bin;C:\Program Files\nodejs;C:\Program Files\Docker\Docker\resources\bin;C:\apache-maven-3.9.12\bin;C:\Program Files\MySQL\MySQL Shell 8.0\bin\;C:\Users\Edilson\AppData\Local\Microsoft\WindowsApps;C:\Users\Edilson\AppData\Local\Programs\Microsoft VS Code\bin;C:\Users\Edilson\AppData\Roaming\npm
USERNAME=Edilson
OS=Windows_NT
PROCESSOR_IDENTIFIER=AMD64 Family 25 Model 80 Stepping 0, AuthenticAMD
TMP=C:\Users\Edilson\AppData\Local\Temp
TEMP=C:\Users\Edilson\AppData\Local\Temp




Periodic native trim disabled

---------------  S Y S T E M  ---------------

OS:
 Windows 11 , 64 bit Build 26100 (10.0.26100.7705)
OS uptime: 1 days 9:27 hours
Hyper-V role detected

CPU: total 16 (initial active 16) (16 cores per cpu, 2 threads per core) family 25 model 80 stepping 0 microcode 0xa50000d, cx8, cmov, fxsr, ht, mmx, 3dnowpref, sse, sse2, sse3, ssse3, sse4a, sse4.1, sse4.2, popcnt, lzcnt, tsc, tscinvbit, avx, avx2, aes, erms, clmul, bmi1, bmi2, adx, sha, fma, vzeroupper, clflush, clflushopt, hv, rdtscp, rdpid, fsrm, f16c, cet_ss
Processor Information for processor 0
  Max Mhz: 3201, Current Mhz: 3201, Mhz Limit: 3201
Processor Information for processor 1
  Max Mhz: 3201, Current Mhz: 1802, Mhz Limit: 3201
Processor Information for processor 2
  Max Mhz: 3201, Current Mhz: 3201, Mhz Limit: 3201
Processor Information for processor 3
  Max Mhz: 3201, Current Mhz: 1802, Mhz Limit: 3201
Processor Information for processor 4
  Max Mhz: 3201, Current Mhz: 1802, Mhz Limit: 3201
Processor Information for processor 5
  Max Mhz: 3201, Current Mhz: 1802, Mhz Limit: 3201
Processor Information for processor 6
  Max Mhz: 3201, Current Mhz: 1802, Mhz Limit: 3201
Processor Information for processor 7
  Max Mhz: 3201, Current Mhz: 1802, Mhz Limit: 3201
Processor Information for processor 8
  Max Mhz: 3201, Current Mhz: 1802, Mhz Limit: 3201
Processor Information for processor 9
  Max Mhz: 3201, Current Mhz: 1802, Mhz Limit: 3201
Processor Information for processor 10
  Max Mhz: 3201, Current Mhz: 1802, Mhz Limit: 3201
Processor Information for processor 11
  Max Mhz: 3201, Current Mhz: 1802, Mhz Limit: 3201
Processor Information for processor 12
  Max Mhz: 3201, Current Mhz: 1802, Mhz Limit: 3201
Processor Information for processor 13
  Max Mhz: 3201, Current Mhz: 1802, Mhz Limit: 3201
Processor Information for processor 14
  Max Mhz: 3201, Current Mhz: 1802, Mhz Limit: 3201
Processor Information for processor 15
  Max Mhz: 3201, Current Mhz: 1802, Mhz Limit: 3201

Memory: 4k page, system-wide physical 5996M (337M free)
TotalPageFile size 24428M (AvailPageFile size 0M)
current process WorkingSet (physical memory assigned to process): 8M, peak: 934M
current process commit charge ("private bytes"): 1600M, peak: 1607M

vm_info: OpenJDK 64-Bit Server VM (21.0.10+7-LTS) for windows-amd64 JRE (21.0.10+7-LTS), built on 2026-01-20T00:00:00Z by "admin" with MS VC++ 17.12 (VS2022)

END.
